10-07-2019 18:21:54 INFO [APIHandler]: Starting execution at +:10-Jul-2019 18:21:38
10-07-2019 18:21:55 INFO [APIHandler]: ****************************************************************************************
10-07-2019 18:21:55 INFO [APIHandler]: ****************************************************************************************
10-07-2019 18:21:55 INFO [APIHandler]: $$$$$$$$$$$$$$$$$$$$$ TC_002 $$$$$$$$$$$$$$$$$$$$$$$$$
10-07-2019 18:21:55 INFO [APIHandler]: ****************************************************************************************
10-07-2019 18:21:55 INFO [APIHandler]: ****************************************************************************************
10-07-2019 18:21:55 INFO [APIHandler]: Firing Request: InstallSubscriber
10-07-2019 18:21:55 INFO [APIHandler]: originNodeType : EXT
10-07-2019 18:21:55 INFO [APIHandler]: originHostName : meydvvmnmt02menalabcorplocal
10-07-2019 18:21:55 INFO [APIHandler]: subscriberNumberNAI : 1
10-07-2019 18:21:55 INFO [APIHandler]: negotiatedCapabilities : 268763332
10-07-2019 18:21:55 INFO [APIHandler]: request Fired:<?xml version="1.0" encoding="iso-8859-1"?><methodCall><methodName>InstallSubscriber</methodName><params> <param>  <value>   <struct>    <member>     <name>originNodeType</name>     <value>      <string>EXT</string>     </value>    </member>    <member>     <name>originHostName</name>     <value>      <string>meydvvmnmt02menalabcorplocal</string>     </value>    </member>    <member>     <name>originTransactionID</name>     <value>      <string>2019071018215487</string>     </value>    </member>    <member>     <name>originTimeStamp</name>     <value>      <dateTime.iso8601>20190710T18:21:54+0000</dateTime.iso8601>     </value>    </member>    <member>     <name>subscriberNumberNAI</name>     <value>      <int>1</int>     </value>    </member>    <member>     <name>subscriberNumber</name>     <value>      <string>971520001714</string>     </value>    </member>    <member>     <name>serviceClassNew</name>     <value>      <int>1001</int>     </value>    </member>    <member>     <name>pamInformationList</name>     <value>      <array>       <data>        <value>         <struct>          <member>           <name>pamServiceID</name>           <value>            <int>1</int>           </value>          </member>          <member>           <name>pamClassID</name>           <value>            <int>1</int>           </value>          </member>          <member>           <name>scheduleID</name>           <value>            <int>1</int>           </value>          </member>         </struct>        </value>        <value>         <struct>          <member>           <name>pamServiceID</name>           <value>            <int>2</int>           </value>          </member>          <member>           <name>pamClassID</name>           <value>            <int>2</int>           </value>          </member>          <member>           <name>scheduleID</name>           <value>            <int>1</int>           </value>          </member>         </struct>        </value>        <value>         <struct>          <member>           <name>pamServiceID</name>           <value>            <int>3</int>           </value>          </member>          <member>           <name>pamClassID</name>           <value>            <int>3</int>           </value>          </member>          <member>           <name>scheduleID</name>           <value>            <int>1</int>           </value>          </member>         </struct>        </value>        <value>         <struct>          <member>           <name>pamServiceID</name>           <value>            <int>4</int>           </value>          </member>          <member>           <name>pamClassID</name>           <value>            <int>4</int>           </value>          </member>          <member>           <name>scheduleID</name>           <value>            <int>1</int>           </value>          </member>         </struct>        </value>        <value>         <struct>          <member>           <name>pamServiceID</name>           <value>            <int>5</int>           </value>          </member>          <member>           <name>pamClassID</name>           <value>            <int>5</int>           </value>          </member>          <member>           <name>scheduleID</name>           <value>            <int>2</int>           </value>          </member>         </struct>        </value>       </data>      </array>     </value>    </member>   </struct>  </value> </param></params></methodCall>
10-07-2019 18:21:56 INFO [APIHandler]: Response Code  :200
10-07-2019 18:21:56 INFO [APIHandler]: Response Header  :Date=Wed, 10 Jul 2019 14:22:25 GMT
X-Powered-By=Ericsson
Server=meytvvmair01.menalab.corp.local
Set-Cookie=JSESSIONID=lpqs44q4am0c1k8hwpxtjvxn8;Path=/
Expires=Thu, 01 Jan 1970 00:00:00 GMT
Content-Type=text/xml
Content-Length=588
10-07-2019 18:21:56 INFO [APIHandler]: Response   :<?xml version="1.0" encoding="ISO-8859-1"?><methodResponse><params><param><value><struct><member><name>availableServerCapabilities</name><value><array><data><value><i4>939860676</i4></value><value><i4>10028</i4></value></data></array></value></member><member><name>negotiatedCapabilities</name><value><array><data><value><i4>0</i4></value></data></array></value></member><member><name>originTransactionID</name><value><string>2019071018215487</string></value></member><member><name>responseCode</name><value><i4>142</i4></value></member></struct></value></param></params></methodResponse>
10-07-2019 18:21:57 INFO [APIHandler]: XXXXXXXXXXXXXXXXXXXXXXX             -E---N---D-             XXXXXXXXXXXXXXXXXXXXXX
