16-06-2019 15:40:05 INFO [APIHandler]: Starting execution at +:16-Jun-2019 15:40:04
16-06-2019 15:40:10 INFO [APIHandler]: ****************************************************************************************
16-06-2019 15:40:10 INFO [APIHandler]: ****************************************************************************************
16-06-2019 15:40:10 INFO [APIHandler]: $$$$$$$$$$$$$$$$$$$$$ TC_003 $$$$$$$$$$$$$$$$$$$$$$$$$
16-06-2019 15:40:10 INFO [APIHandler]: ****************************************************************************************
16-06-2019 15:40:10 INFO [APIHandler]: ****************************************************************************************
16-06-2019 15:40:10 INFO [APIHandler]: Firing Request: GetAccountDetails
16-06-2019 15:40:10 INFO [APIHandler]: originNodeType : EXT
16-06-2019 15:40:11 INFO [APIHandler]: originHostName : meydvvmnmt02menalabcorplocal
16-06-2019 15:40:11 INFO [APIHandler]: subscriberNumberNAI : 1
16-06-2019 15:40:11 INFO [APIHandler]: negotiatedCapabilities : 268763332
16-06-2019 15:40:11 INFO [APIHandler]: request Fired:<soapenv:Envelope xmlns:soapenv="http://schemas.xmlsoap.org/soap/envelope/" xmlns:ns="uri://alcatel.com/apc/4.0">    <soapenv:Header />		<soapenv:Body>			<methodCall>				<methodName>GetAccountDetails</methodName>				<params>					<param>						<value>							<struct>								<member>									<name>originNodeType</name>									<value>										<string>EXT</string>									</value>								</member>								<member>									<name>originHostName</name>									<value>										<string>meydvvmnmt02menalabcorplocal</string>									</value>								</member>								<member>									<name>originTransactionID</name>									<value>										<string>2019061615400484</string>									</value>								</member>								<member>									<name>originTimeStamp</name>									<value>										<dateTime.iso8601>20190616T15:40:04+8480</dateTime.iso8601>									</value>								</member>								<member>									<name>subscriberNumberNAI</name>									<value>										<int>1</int>									</value>								</member>								<member>									<name>negotiatedCapabilities</name>									<value>										<array>											<data>												<value>													<int>268763332</int>												</value>											</data>										</array>									</value>								</member>								<member>									<name>subscriberNumber</name>									<value>										<string>971520001714</string>									</value>								</member>							</struct>						</value>					</param>				</params>			</methodCall>	</soapenv:Body></soapenv:Envelope>
16-06-2019 15:40:29 INFO [APIHandler]: Response Code  :200
16-06-2019 15:40:29 INFO [APIHandler]: Response Header  :Date=Sun, 16 Jun 2019 11:40:28 GMT
X-Powered-By=Ericsson
Server=meytvvmair01.menalab.corp.local
Set-Cookie=JSESSIONID=156bi2y8ftndj5lb4ezdrhda6;Path=/
Expires=Thu, 01 Jan 1970 00:00:00 GMT
Content-Type=text/xml
Content-Length=286
16-06-2019 15:40:29 INFO [APIHandler]: Response   :<?xml version="1.0" encoding="ISO-8859-1"?><methodResponse><fault><value><struct><member><name>faultCode</name><value><i4>1000</i4></value></member><member><name>faultString</name><value><string>Illegal request message</string></value></member></struct></value></fault></methodResponse>
16-06-2019 15:40:35 INFO [APIHandler]: XXXXXXXXXXXXXXXXXXXXXXX             -E---N---D-             XXXXXXXXXXXXXXXXXXXXXX
