19-05-2019 18:37:59 INFO [App]: Starting execution at +: Call Home for Less->USSD_OPT_IN->19-May-2019 18:37:49

19-05-2019 18:38:00 INFO [App]: ****************************************************************************************
19-05-2019 18:38:00 INFO [App]: ****************************************************************************************
19-05-2019 18:38:00 INFO [App]: $$$$$$$$$$$$$$$$$$$$$ TC_001 $$$$$$$$$$$$$$$$$$$$$$$$$
19-05-2019 18:38:00 INFO [App]: ****************************************************************************************
19-05-2019 18:38:00 INFO [App]: ****************************************************************************************
19-05-2019 18:38:37 INFO [App]: Entering code : 1

19-05-2019 18:39:15 INFO [App]: Message Received : The call home for less offer is active! Call at only 0.6 fils per sec, with a setup fee of AED 1 per call for calls to India, Bangladesh, Pakistan, Afghanistan (except numbers starting with 009378), Egypt, China, Iran, Nepal, Nigeria &amp; Indonesia.

19-05-2019 18:39:25 INFO [App]: XXXXXXXXXXXXXXXXXXXXXXX             -E---N---D-             XXXXXXXXXXXXXXXXXXXXXX
19-05-2019 18:39:25 INFO [App]: Starting execution at +: Recharge_More_Time->USSD_Recharge->19-May-2019 18:37:49

19-05-2019 18:39:25 INFO [App]: ****************************************************************************************
19-05-2019 18:39:25 INFO [App]: ****************************************************************************************
19-05-2019 18:39:25 INFO [App]: $$$$$$$$$$$$$$$$$$$$$ TC_002 $$$$$$$$$$$$$$$$$$$$$$$$$
19-05-2019 18:39:25 INFO [App]: ****************************************************************************************
19-05-2019 18:39:25 INFO [App]: ****************************************************************************************
19-05-2019 18:40:08 INFO [App]: Message not received for the provided USSD

19-05-2019 18:40:09 INFO [App]: XXXXXXXXXXXXXXXXXXXXXXX             -E---N---D-             XXXXXXXXXXXXXXXXXXXXXX
19-05-2019 18:40:09 INFO [App]: Starting execution at +: Call Home for Less->USSD_OPT_OUT->19-May-2019 18:37:49

19-05-2019 18:40:09 INFO [App]: ****************************************************************************************
19-05-2019 18:40:09 INFO [App]: ****************************************************************************************
19-05-2019 18:40:09 INFO [App]: $$$$$$$$$$$$$$$$$$$$$ TC_003 $$$$$$$$$$$$$$$$$$$$$$$$$
19-05-2019 18:40:09 INFO [App]: ****************************************************************************************
19-05-2019 18:40:09 INFO [App]: ****************************************************************************************
19-05-2019 18:40:30 INFO [App]: Entering code : 6

19-05-2019 18:40:41 INFO [App]: Entering code : 2

19-05-2019 18:40:53 INFO [App]: Entering code : 3

19-05-2019 18:41:28 INFO [App]: Message Received : As requested, you've been opted out from the New Call Home For Less promotion.

19-05-2019 18:41:36 INFO [App]: XXXXXXXXXXXXXXXXXXXXXXX             -E---N---D-             XXXXXXXXXXXXXXXXXXXXXX
