21-08-2019 17:35:21 INFO [App]: Starting execution at +: Call Home for Less->OPT IN->21-Aug-2019 17:35:20

21-08-2019 17:35:28 INFO [App]: ****************************************************************************************
21-08-2019 17:35:28 INFO [App]: ****************************************************************************************
21-08-2019 17:35:28 INFO [App]: $$$$$$$$$$$$$$$$$$$$$ dsd--820_OPT IN_Short Code $$$$$$$$$$$$$$$$$$$$$$$$$
21-08-2019 17:35:28 INFO [App]: ****************************************************************************************
21-08-2019 17:35:28 INFO [App]: ****************************************************************************************
21-08-2019 17:35:53 INFO [App]: Entering code : 1

21-08-2019 17:35:58 INFO [App]: Confirmation alert : 1000 International Minutes with Friends & Family bundles starting from 69 dirhams. Dial *135*90#. Thanks for using du interactive service

21-08-2019 17:36:20 INFO [App]: Message not received for the provided USSD

21-08-2019 17:36:21 INFO [App]: XXXXXXXXXXXXXXXXXXXXXXX             -E---N---D-             XXXXXXXXXXXXXXXXXXXXXX
21-08-2019 17:36:21 INFO [App]: Starting execution at +: Call Home for Less->OPT OUT->21-Aug-2019 17:35:20

21-08-2019 17:36:23 INFO [App]: ****************************************************************************************
21-08-2019 17:36:23 INFO [App]: ****************************************************************************************
21-08-2019 17:36:23 INFO [App]: $$$$$$$$$$$$$$$$$$$$$ 213--820_OPT OUT_Short Code $$$$$$$$$$$$$$$$$$$$$$$$$
21-08-2019 17:36:23 INFO [App]: ****************************************************************************************
21-08-2019 17:36:23 INFO [App]: ****************************************************************************************
21-08-2019 17:36:47 INFO [App]: Entering code : 3

21-08-2019 17:36:51 INFO [App]: Confirmation alert : 1000 International Minutes with Friends & Family bundles starting from 69 dirhams. Dial *135*90#. Thanks for using du interactive service

21-08-2019 17:37:14 INFO [App]: Message not received for the provided USSD

21-08-2019 17:37:15 INFO [App]: XXXXXXXXXXXXXXXXXXXXXXX             -E---N---D-             XXXXXXXXXXXXXXXXXXXXXX
