20-06-2019 18:06:42 INFO [APIHandler]: Starting execution at +:20-Jun-2019 18:06:42
20-06-2019 18:06:43 INFO [APIHandler]: ****************************************************************************************
20-06-2019 18:06:43 INFO [APIHandler]: ****************************************************************************************
20-06-2019 18:06:43 INFO [APIHandler]: $$$$$$$$$$$$$$$$$$$$$ TC_003 $$$$$$$$$$$$$$$$$$$$$$$$$
20-06-2019 18:06:43 INFO [APIHandler]: ****************************************************************************************
20-06-2019 18:06:43 INFO [APIHandler]: ****************************************************************************************
20-06-2019 18:06:43 INFO [APIHandler]: Firing Request: GetAccountDetails
20-06-2019 18:06:43 INFO [APIHandler]: originNodeType : EXT
20-06-2019 18:06:43 INFO [APIHandler]: originHostName : meydvvmnmt02menalabcorplocal
20-06-2019 18:06:43 INFO [APIHandler]: subscriberNumberNAI : 1
20-06-2019 18:06:43 INFO [APIHandler]: negotiatedCapabilities : 268763332
20-06-2019 18:06:43 INFO [APIHandler]: ****************************************************************************************
20-06-2019 18:06:43 INFO [APIHandler]: ****************************************************************************************
20-06-2019 18:06:43 INFO [APIHandler]: $$$$$$$$$$$$$$$$$$$$$ TC_003 $$$$$$$$$$$$$$$$$$$$$$$$$
20-06-2019 18:06:43 INFO [APIHandler]: ****************************************************************************************
20-06-2019 18:06:43 INFO [APIHandler]: ****************************************************************************************
20-06-2019 18:06:43 INFO [APIHandler]: Firing Request: GetAccountDetails
20-06-2019 18:06:43 INFO [APIHandler]: originNodeType : EXT
20-06-2019 18:06:43 INFO [APIHandler]: request Fired:<?xml version="1.0" encoding="iso-8859-1"?><methodCall><methodName>GetAccountDetails</methodName><params> <param>  <value>   <struct>    <member>     <name>originNodeType</name>     <value>      <string>EXT</string>     </value>    </member>    <member>     <name>originHostName</name>     <value>      <string>meydvvmnmt02menalabcorplocal</string>     </value>    </member>    <member>     <name>originTransactionID</name>     <value>      <string>2019062018064221</string>     </value>    </member>    <member>     <name>originTimeStamp</name>     <value>      <dateTime.iso8601>20190620T18:06:42+0000</dateTime.iso8601>     </value>    </member>    <member>     <name>subscriberNumberNAI</name>     <value>      <int>1</int>     </value>    </member>    <member>     <name>negotiatedCapabilities</name>     <value>      <array>       <data>        <value>         <int>268763332</int>        </value>       </data>      </array>     </value>    </member>    <member>     <name>subscriberNumber</name>     <value>      <string>971520001714</string>     </value>    </member>   </struct>  </value> </param></params></methodCall></methodCall>
20-06-2019 18:06:43 INFO [APIHandler]: originHostName : meydvvmnmt02menalabcorplocal
20-06-2019 18:06:43 INFO [APIHandler]: subscriberNumberNAI : 1
20-06-2019 18:06:43 INFO [APIHandler]: negotiatedCapabilities : 268763332
20-06-2019 18:06:43 INFO [APIHandler]: request Fired:<?xml version="1.0" encoding="iso-8859-1"?><methodCall><methodName>GetAccountDetails</methodName><params> <param>  <value>   <struct>    <member>     <name>originNodeType</name>     <value>      <string>EXT</string>     </value>    </member>    <member>     <name>originHostName</name>     <value>      <string>meydvvmnmt02menalabcorplocal</string>     </value>    </member>    <member>     <name>originTransactionID</name>     <value>      <string>2019062018064221</string>     </value>    </member>    <member>     <name>originTimeStamp</name>     <value>      <dateTime.iso8601>20190620T18:06:42+0000</dateTime.iso8601>     </value>    </member>    <member>     <name>subscriberNumberNAI</name>     <value>      <int>1</int>     </value>    </member>    <member>     <name>negotiatedCapabilities</name>     <value>      <array>       <data>        <value>         <int>268763332</int>        </value>       </data>      </array>     </value>    </member>    <member>     <name>subscriberNumber</name>     <value>      <string>971520001714</string>     </value>    </member>   </struct>  </value> </param></params></methodCall></methodCall>
20-06-2019 18:06:47 INFO [APIHandler]: Response Code  :200
20-06-2019 18:06:47 INFO [APIHandler]: Response Header  :Date=Thu, 20 Jun 2019 14:06:51 GMT
X-Powered-By=Ericsson
Server=meytvvmair01.menalab.corp.local
Set-Cookie=JSESSIONID=am074ledeuzj1r671bg4pq0c4;Path=/
Expires=Thu, 01 Jan 1970 00:00:00 GMT
Content-Type=text/xml
Content-Length=286
20-06-2019 18:06:47 INFO [APIHandler]: Response   :<?xml version="1.0" encoding="ISO-8859-1"?><methodResponse><fault><value><struct><member><name>faultCode</name><value><i4>1000</i4></value></member><member><name>faultString</name><value><string>Illegal request message</string></value></member></struct></value></fault></methodResponse>
20-06-2019 18:06:47 INFO [APIHandler]: Response Code  :200
20-06-2019 18:06:47 INFO [APIHandler]: Response Header  :Date=Thu, 20 Jun 2019 14:06:51 GMT
X-Powered-By=Ericsson
Server=meytvvmair01.menalab.corp.local
Set-Cookie=JSESSIONID=11v40a1v52o29qya2smnzf2d0;Path=/
Expires=Thu, 01 Jan 1970 00:00:00 GMT
Content-Type=text/xml
Content-Length=286
20-06-2019 18:06:47 INFO [APIHandler]: Response   :<?xml version="1.0" encoding="ISO-8859-1"?><methodResponse><fault><value><struct><member><name>faultCode</name><value><i4>1000</i4></value></member><member><name>faultString</name><value><string>Illegal request message</string></value></member></struct></value></fault></methodResponse>
20-06-2019 18:06:48 INFO [APIHandler]: XXXXXXXXXXXXXXXXXXXXXXX             -E---N---D-             XXXXXXXXXXXXXXXXXXXXXX
20-06-2019 18:06:48 INFO [APIHandler]: XXXXXXXXXXXXXXXXXXXXXXX             -E---N---D-             XXXXXXXXXXXXXXXXXXXXXX
