11-06-2019 11:28:42 INFO [App]: Starting execution at +: ->USSD_Recharge->11-Jun-2019 11:28:41

11-06-2019 11:28:45 INFO [App]: ****************************************************************************************
11-06-2019 11:28:45 INFO [App]: ****************************************************************************************
11-06-2019 11:28:45 INFO [App]: $$$$$$$$$$$$$$$$$$$$$ TC_003--USSD_Recharge_Recharge_More_Time $$$$$$$$$$$$$$$$$$$$$$$$$
11-06-2019 11:28:45 INFO [App]: ****************************************************************************************
11-06-2019 11:28:45 INFO [App]: ****************************************************************************************
11-06-2019 11:28:59 INFO [App]: Error occured, please check with screenshot

11-06-2019 11:29:13 INFO [App]: Message not received for the provided USSD

11-06-2019 11:29:15 INFO [App]: XXXXXXXXXXXXXXXXXXXXXXX             -E---N---D-             XXXXXXXXXXXXXXXXXXXXXX
11-06-2019 11:29:15 INFO [App]: Starting execution at +: ->LIVE USAGE DATA->11-Jun-2019 11:28:41

11-06-2019 11:29:16 INFO [App]: ****************************************************************************************
11-06-2019 11:29:16 INFO [App]: ****************************************************************************************
11-06-2019 11:29:16 INFO [App]: $$$$$$$$$$$$$$$$$$$$$ TC_004--LIVE USAGE DATA_DATA_SOCIAL $$$$$$$$$$$$$$$$$$$$$$$$$
11-06-2019 11:29:16 INFO [App]: ****************************************************************************************
11-06-2019 11:29:16 INFO [App]: ****************************************************************************************
11-06-2019 11:30:00 INFO [App]: XXXXXXXXXXXXXXXXXXXXXXX             -E---N---D-             XXXXXXXXXXXXXXXXXXXXXX
11-06-2019 11:30:02 INFO [App]: Starting execution at +: ->LIVE USAGE SMS->11-Jun-2019 11:28:41

11-06-2019 11:30:04 INFO [App]: ****************************************************************************************
11-06-2019 11:30:04 INFO [App]: ****************************************************************************************
11-06-2019 11:30:04 INFO [App]: $$$$$$$$$$$$$$$$$$$$$ TC_006-LIVE USAGE SMS_SMS_DU_TO_DU $$$$$$$$$$$$$$$$$$$$$$$$$
11-06-2019 11:30:04 INFO [App]: ****************************************************************************************
11-06-2019 11:30:04 INFO [App]: ****************************************************************************************
