19-09-2019 10:26:45 INFO [APIparam]: Starting execution at +:19-Sep-2019 10:26:40
19-09-2019 10:26:45 INFO [APIparam]: ****************************************************************************************
19-09-2019 10:26:45 INFO [APIparam]: ****************************************************************************************
19-09-2019 10:26:45 INFO [APIparam]: $$$$$$$$$$$$$$$$$$$$$ TC_002 $$$$$$$$$$$$$$$$$$$$$$$$$
19-09-2019 10:26:45 INFO [APIparam]: ****************************************************************************************
19-09-2019 10:26:45 INFO [APIparam]: ****************************************************************************************
19-09-2019 10:26:45 INFO [APIparam]: Firing Request: USSD_API
19-09-2019 10:26:45 INFO [APIparam]: request Fired:<?xml version="1.0" encoding="UTF-8" standalone="yes"?><request type="pull">	<msisdn>971520002574</msisdn>    <subscriberInput>135*35</subscriberInput>    <vlr>971</vlr>                                                                                                                              	<sessionId>19-Sep-2019 10:26:40</sessionId></request>
19-09-2019 10:26:45 INFO [APIparam]: Response Code  :200
19-09-2019 10:26:45 INFO [APIparam]: Response Header  :Server=Apache-Coyote/1.1
TT=145
Transfer-Encoding=chunked
Date=Thu, 19 Sep 2019 06:28:36 GMT
19-09-2019 10:26:45 INFO [APIparam]: Response   :<?xml version="1.0" encoding="UTF-8" standalone="yes"?>
<response>
<applicationResponse>Internet Calling Pack (VAT Inclusive Price)
Please select:
1-Daily Bundle(AED 5.25)
2-Monthly Bundle (AED 52.5)
</applicationResponse>
<freeflow>
<freeflowState>FC</freeflowState>
</freeflow>
</response>

