21-05-2019 15:23:53 INFO [App]: Starting execution at +: Call Home for Less->USSD_OPT_OUT->21-May-2019 15:23:52

21-05-2019 15:23:54 INFO [App]: ****************************************************************************************
21-05-2019 15:23:54 INFO [App]: ****************************************************************************************
21-05-2019 15:23:54 INFO [App]: $$$$$$$$$$$$$$$$$$$$$ TC_001 $$$$$$$$$$$$$$$$$$$$$$$$$
21-05-2019 15:23:54 INFO [App]: ****************************************************************************************
21-05-2019 15:23:54 INFO [App]: ****************************************************************************************
21-05-2019 15:24:12 INFO [App]: Entering code : 3

21-05-2019 15:24:21 INFO [App]: Confirmation alert : Thanks for using du interactive service

21-05-2019 15:24:43 INFO [App]: Message Received : Sorry, Your Request Can't be fulfilled

21-05-2019 15:24:48 INFO [App]: XXXXXXXXXXXXXXXXXXXXXXX             -E---N---D-             XXXXXXXXXXXXXXXXXXXXXX
21-05-2019 15:24:48 INFO [App]: Starting execution at +: 500MB+500MB Social AED55_OnceOff->USSD_OPT_IN->21-May-2019 15:23:52

21-05-2019 15:24:48 INFO [App]: ****************************************************************************************
21-05-2019 15:24:48 INFO [App]: ****************************************************************************************
21-05-2019 15:24:48 INFO [App]: $$$$$$$$$$$$$$$$$$$$$ TC_002 $$$$$$$$$$$$$$$$$$$$$$$$$
21-05-2019 15:24:48 INFO [App]: ****************************************************************************************
21-05-2019 15:24:48 INFO [App]: ****************************************************************************************
21-05-2019 15:24:59 INFO [App]: Entering code : 5

21-05-2019 15:25:08 INFO [App]: Entering code : 1

21-05-2019 15:25:17 INFO [App]: Entering code : 2

21-05-2019 15:25:26 INFO [App]: Entering code : 1

21-05-2019 15:25:35 INFO [App]: Entering code : 1

21-05-2019 15:25:44 INFO [App]: Confirmation alert : Sorry, Your Request Can't be fulfilled

21-05-2019 15:26:00 INFO [App]: Message not received for the provided USSD

21-05-2019 15:26:01 INFO [App]: XXXXXXXXXXXXXXXXXXXXXXX             -E---N---D-             XXXXXXXXXXXXXXXXXXXXXX
