05-06-2019 12:46:34 INFO [Asnconvertor]: Starting execution at +:05-Jun-2019 12:42:37
05-06-2019 12:46:34 INFO [Asnconvertor]: ****************************************************************************************
05-06-2019 12:46:34 INFO [Asnconvertor]: ****************************************************************************************
05-06-2019 12:46:34 INFO [Asnconvertor]: $$$$$$$$$$$$$$$$$$$$$ Parsing File EDRfile.csv $$$$$$$$$$$$$$$$$$$$$$$$$
05-06-2019 12:46:34 INFO [Asnconvertor]: ****************************************************************************************
05-06-2019 12:46:34 INFO [Asnconvertor]: ****************************************************************************************
05-06-2019 12:46:35 INFO [Asnconvertor]: XXXXXXXXXXXXXXXXXXXXXXX             -E---N---D-             XXXXXXXXXXXXXXXXXXXXXX
05-06-2019 12:46:35 INFO [Asnconvertor]: ****************************************************************************************
05-06-2019 12:46:35 INFO [Asnconvertor]: ****************************************************************************************
05-06-2019 12:46:35 INFO [Asnconvertor]: $$$$$$$$$$$$$$$$$$$$$ Parsing File SDPOUTPUTCDR_4001_meytvvmsdp01_SUB_8514_20190605-123813.ASN $$$$$$$$$$$$$$$$$$$$$$$$$
05-06-2019 12:46:35 INFO [Asnconvertor]: ****************************************************************************************
05-06-2019 12:46:35 INFO [Asnconvertor]: ****************************************************************************************
05-06-2019 12:46:35 INFO [Asnconvertor]: XXXXXXXXXXXXXXXXXXXXXXX             -E---N---D-             XXXXXXXXXXXXXXXXXXXXXX
05-06-2019 12:46:35 INFO [Asnconvertor]: ****************************************************************************************
05-06-2019 12:46:35 INFO [Asnconvertor]: ****************************************************************************************
05-06-2019 12:46:35 INFO [Asnconvertor]: $$$$$$$$$$$$$$$$$$$$$ Parsing File CHARGINGCDR-meytvvmocc01-190605-1204-03197.ber $$$$$$$$$$$$$$$$$$$$$$$$$
05-06-2019 12:46:35 INFO [Asnconvertor]: ****************************************************************************************
05-06-2019 12:46:35 INFO [Asnconvertor]: ****************************************************************************************
05-06-2019 12:46:36 INFO [Asnconvertor]: subscriptionIDValue = 971520001714
05-06-2019 12:46:36 INFO [Asnconvertor]: resultCode = 2001
05-06-2019 12:46:36 INFO [Asnconvertor]: triggerTime = 916050215000304000
05-06-2019 12:46:36 INFO [Asnconvertor]: nodeName = meytvvmocc01
05-06-2019 12:46:36 INFO [Asnconvertor]: serviceContextID = SCAP_V.2.0@ericsson.com
05-06-2019 12:46:36 INFO [Asnconvertor]: chargingContextID = SCAP_V.2.0@ericsson.com
05-06-2019 12:46:36 INFO [Asnconvertor]: serviceSessionID = -:1002:1
05-06-2019 12:46:36 INFO [Asnconvertor]: recordIdentificationNumber = 1443
05-06-2019 12:46:36 INFO [Asnconvertor]: partialSequenceNumber = 0
05-06-2019 12:46:36 INFO [Asnconvertor]: lastPartialOutput = TRUE
05-06-2019 12:46:36 INFO [Asnconvertor]: subscriptionIDType = endUserE164
05-06-2019 12:46:36 INFO [Asnconvertor]: subscriptionIDValue = 971520001714
05-06-2019 12:46:36 INFO [Asnconvertor]: sessionId = 12314944234583782
05-06-2019 12:46:36 INFO [Asnconvertor]: lastPartialOutput = TRUE
05-06-2019 12:46:36 INFO [Asnconvertor]: ccRequestNumber = 1
05-06-2019 12:46:36 INFO [Asnconvertor]: originRealm = 6369732E636F6D
05-06-2019 12:46:36 INFO [Asnconvertor]: originHost = 31302E39352E3231342E313337
05-06-2019 12:46:36 INFO [Asnconvertor]: serviceIdentifier = 1002
05-06-2019 12:46:36 INFO [Asnconvertor]: tariffChangeUsage = before
05-06-2019 12:46:36 INFO [Asnconvertor]: eventTime = 32303139303630353132303334372B30343030
05-06-2019 12:46:36 INFO [Asnconvertor]: triggerTime = 32303139303630353132303530302B30343030
05-06-2019 12:46:36 INFO [Asnconvertor]: serviceScenario = mobileOriginating
05-06-2019 12:46:36 INFO [Asnconvertor]: roamingPosition = insideHPLMN
05-06-2019 12:46:36 INFO [Asnconvertor]: servedAccount = 81795102007141
05-06-2019 12:46:36 INFO [Asnconvertor]: serviceClassID = 1001
05-06-2019 12:46:36 INFO [Asnconvertor]: accountGroupID = 0
05-06-2019 12:46:36 INFO [Asnconvertor]: accountValueBefore = 
                        0
                        6
                        784
                     
05-06-2019 12:46:36 INFO [Asnconvertor]: amount = 0
05-06-2019 12:46:36 INFO [Asnconvertor]: decimals = 6
05-06-2019 12:46:36 INFO [Asnconvertor]: currency = 784
05-06-2019 12:46:36 INFO [Asnconvertor]: accountValueAfter = 
                        0
                        6
                        784
                     
05-06-2019 12:46:36 INFO [Asnconvertor]: amount = 0
05-06-2019 12:46:36 INFO [Asnconvertor]: decimals = 6
05-06-2019 12:46:36 INFO [Asnconvertor]: currency = 784
05-06-2019 12:46:36 INFO [Asnconvertor]: accumulatorID = 61
05-06-2019 12:46:36 INFO [Asnconvertor]: accumulatorChange = 0
05-06-2019 12:46:36 INFO [Asnconvertor]: accumulatorAfter = 1
05-06-2019 12:46:36 INFO [Asnconvertor]: accumulatorBeforeSession = 1
05-06-2019 12:46:36 INFO [Asnconvertor]: XXXXXXXXXXXXXXXXXXXXXXX             -E---N---D-             XXXXXXXXXXXXXXXXXXXXXX
