26-06-2019 13:02:16 INFO [App]: Starting execution at +: ->P2P TRANSFER->26-Jun-2019 13:02:16

26-06-2019 13:02:23 INFO [App]: ****************************************************************************************
26-06-2019 13:02:23 INFO [App]: ****************************************************************************************
26-06-2019 13:02:23 INFO [App]: $$$$$$$$$$$$$$$$$$$$$ TC_006--P2P TRANSFER $$$$$$$$$$$$$$$$$$$$$$$$$
26-06-2019 13:02:23 INFO [App]: ****************************************************************************************
26-06-2019 13:02:23 INFO [App]: ****************************************************************************************
26-06-2019 13:02:33 INFO [App]: Entering code : 2

26-06-2019 13:02:42 INFO [App]: Entering code : 2

26-06-2019 13:03:20 INFO [App]: Confirmation alert : more time': AED 2.0 has been transferred from your More Time balance to 971520002069. Thank you for using the Mobile Credit Transfer service.

26-06-2019 13:03:38 INFO [App]: Message not received for the provided USSD

26-06-2019 13:03:40 INFO [App]: XXXXXXXXXXXXXXXXXXXXXXX             -E---N---D-             XXXXXXXXXXXXXXXXXXXXXX
26-06-2019 13:03:41 INFO [App]: Starting execution at +: ->BALANCE ENQUIRES->26-Jun-2019 13:02:16

26-06-2019 13:03:43 INFO [App]: ****************************************************************************************
26-06-2019 13:03:43 INFO [App]: ****************************************************************************************
26-06-2019 13:03:43 INFO [App]: $$$$$$$$$$$$$$$$$$$$$ TC_007--BALANCE ENQUIRES $$$$$$$$$$$$$$$$$$$$$$$$$
26-06-2019 13:03:43 INFO [App]: ****************************************************************************************
26-06-2019 13:03:43 INFO [App]: ****************************************************************************************
26-06-2019 13:03:53 INFO [App]: Entering code : 1

26-06-2019 13:04:31 INFO [App]: Confirmation alert : <br>1000 International minutes with Friends & Family bundle starting from 69 dirhams. Dial *135*90# 
----------
Your 'more time' balance is AED 13897.40 
----------
Never Expiry.

26-06-2019 13:04:33 INFO [App]: XXXXXXXXXXXXXXXXXXXXXXX             -E---N---D-             XXXXXXXXXXXXXXXXXXXXXX
26-06-2019 13:04:33 INFO [App]: Starting execution at +: ->LIVE USAGE DATA->26-Jun-2019 13:02:16

26-06-2019 13:04:35 INFO [App]: ****************************************************************************************
26-06-2019 13:04:35 INFO [App]: ****************************************************************************************
26-06-2019 13:04:35 INFO [App]: $$$$$$$$$$$$$$$$$$$$$ TC_008--LIVE USAGE DATA_DATA_REGULAR $$$$$$$$$$$$$$$$$$$$$$$$$
26-06-2019 13:04:35 INFO [App]: ****************************************************************************************
26-06-2019 13:04:35 INFO [App]: ****************************************************************************************
26-06-2019 13:05:12 INFO [App]: XXXXXXXXXXXXXXXXXXXXXXX             -E---N---D-             XXXXXXXXXXXXXXXXXXXXXX
26-06-2019 13:05:14 INFO [App]: Starting execution at +: Call Home for Less->USSD_OPT_OUT->26-Jun-2019 13:02:16

26-06-2019 13:05:16 INFO [App]: ****************************************************************************************
26-06-2019 13:05:16 INFO [App]: ****************************************************************************************
26-06-2019 13:05:16 INFO [App]: $$$$$$$$$$$$$$$$$$$$$ TC_009--820_USSD_OPT_OUT_USSD_Long_Code $$$$$$$$$$$$$$$$$$$$$$$$$
26-06-2019 13:05:16 INFO [App]: ****************************************************************************************
26-06-2019 13:05:16 INFO [App]: ****************************************************************************************
26-06-2019 13:05:26 INFO [App]: Error occured, please check with screenshot

26-06-2019 13:05:44 INFO [App]: Message not received for the provided USSD

26-06-2019 13:05:45 INFO [App]: XXXXXXXXXXXXXXXXXXXXXXX             -E---N---D-             XXXXXXXXXXXXXXXXXXXXXX
