21-08-2019 17:38:46 INFO [App]: Starting execution at +: Call Home for Less->OPT OUT->21-Aug-2019 17:38:45

21-08-2019 17:38:49 INFO [App]: ****************************************************************************************
21-08-2019 17:38:49 INFO [App]: ****************************************************************************************
21-08-2019 17:38:49 INFO [App]: $$$$$$$$$$$$$$$$$$$$$ 213--820_OPT OUT_Short Code $$$$$$$$$$$$$$$$$$$$$$$$$
21-08-2019 17:38:49 INFO [App]: ****************************************************************************************
21-08-2019 17:38:49 INFO [App]: ****************************************************************************************
21-08-2019 17:39:15 INFO [App]: Entering code : 3

21-08-2019 17:39:19 INFO [App]: Confirmation alert : 1000 International Minutes with Friends & Family bundles starting from 69 dirhams. Dial *135*90#. Thanks for using du interactive service

21-08-2019 17:39:45 INFO [App]: Message Received : As requested, you've been opted out from the New Call Home For Less promotion.

21-08-2019 17:39:55 INFO [App]: XXXXXXXXXXXXXXXXXXXXXXX             -E---N---D-             XXXXXXXXXXXXXXXXXXXXXX
21-08-2019 17:39:55 INFO [App]: Starting execution at +: Call Home for Less->OPT IN->21-Aug-2019 17:38:45

21-08-2019 17:39:58 INFO [App]: ****************************************************************************************
21-08-2019 17:39:58 INFO [App]: ****************************************************************************************
21-08-2019 17:39:58 INFO [App]: $$$$$$$$$$$$$$$$$$$$$ dsd--820_OPT IN_Short Code $$$$$$$$$$$$$$$$$$$$$$$$$
21-08-2019 17:39:58 INFO [App]: ****************************************************************************************
21-08-2019 17:39:58 INFO [App]: ****************************************************************************************
21-08-2019 17:40:23 INFO [App]: Entering code : 1

21-08-2019 17:40:28 INFO [App]: Confirmation alert : 1000 International Minutes with Friends & Family bundles starting from 69 dirhams. Dial *135*90#. Thanks for using du interactive service

21-08-2019 17:40:52 INFO [App]: Message not received for the provided USSD

21-08-2019 17:40:53 INFO [App]: XXXXXXXXXXXXXXXXXXXXXXX             -E---N---D-             XXXXXXXXXXXXXXXXXXXXXX
