09-10-2019 17:45:02 INFO [APIparam]: Starting execution at +:09-Oct-2019 17:43:29
09-10-2019 17:45:02 ERROR[APIparam]: No records found
09-10-2019 17:45:02 INFO [App]: Status -----> Failed

09-10-2019 17:45:03 INFO [App]: Starting execution at +: TC-0061-4-1->CIS_EDR_Validation->09-Oct-2019 17:43:29

09-10-2019 17:45:03 INFO [App]: ****************************************************************************************
09-10-2019 17:45:03 INFO [App]: ****************************************************************************************
09-10-2019 17:45:03 INFO [App]: $$$$$$$$$$$$$$$$$$$$$ TC-0061-4-1Add Offer_EDR ValidationCIS_EDR_ValidationAdd Offer_EDR Validation $$$$$$$$$$$$$$$$$$$$$$$$$
09-10-2019 17:45:03 INFO [App]: ****************************************************************************************
09-10-2019 17:45:03 INFO [App]: ****************************************************************************************
09-10-2019 17:45:30 INFO [Asnconvertor]: ****************************************************************************************
09-10-2019 17:45:30 INFO [Asnconvertor]: ****************************************************************************************
09-10-2019 17:45:30 INFO [Asnconvertor]: $$$$$$$$$$$$$$$$$$$$$ Parsing File meydvvmcis03_EDR_CISOnline1.csv $$$$$$$$$$$$$$$$$$$$$$$$$
09-10-2019 17:45:30 INFO [Asnconvertor]: ****************************************************************************************
09-10-2019 17:45:30 INFO [Asnconvertor]: ****************************************************************************************
09-10-2019 17:45:31 INFO [App]: The parameter transaction_time in DB is validated

09-10-2019 17:45:31 INFO [App]: The parameter  event_type in DB is validated

09-10-2019 17:45:31 INFO [App]: The parameter  product_name in DB is validated

09-10-2019 17:45:31 INFO [App]: The parameter  a_party_msisdn in DB is validated

09-10-2019 17:45:31 INFO [App]: The parameter  access_channel in DB is validated

09-10-2019 17:45:31 INFO [App]: The parameter  input in DB is validated

09-10-2019 17:45:31 INFO [App]: The parameter  requested_product_id in DB is validated

09-10-2019 17:45:31 INFO [App]: The parameter  subscription_mode in DB is validated

09-10-2019 17:45:31 INFO [App]: The parameter  product_validity in DB is validated

