20-06-2019 17:47:49 INFO [APIHandler]: Starting execution at +:20-Jun-2019 17:47:40
20-06-2019 17:47:50 INFO [APIHandler]: ****************************************************************************************
20-06-2019 17:47:50 INFO [APIHandler]: ****************************************************************************************
20-06-2019 17:47:50 INFO [APIHandler]: $$$$$$$$$$$$$$$$$$$$$ TC_003 $$$$$$$$$$$$$$$$$$$$$$$$$
20-06-2019 17:47:50 INFO [APIHandler]: ****************************************************************************************
20-06-2019 17:47:50 INFO [APIHandler]: ****************************************************************************************
20-06-2019 17:47:50 INFO [APIHandler]: Firing Request: GetAccountDetails
20-06-2019 17:47:50 INFO [APIHandler]: originNodeType : EXT
20-06-2019 17:47:50 INFO [APIHandler]: ****************************************************************************************
20-06-2019 17:47:50 INFO [APIHandler]: ****************************************************************************************
20-06-2019 17:47:50 INFO [APIHandler]: $$$$$$$$$$$$$$$$$$$$$ TC_003 $$$$$$$$$$$$$$$$$$$$$$$$$
20-06-2019 17:47:50 INFO [APIHandler]: ****************************************************************************************
20-06-2019 17:47:50 INFO [APIHandler]: ****************************************************************************************
20-06-2019 17:47:50 INFO [APIHandler]: Firing Request: GetAccountDetails
20-06-2019 17:47:50 INFO [APIHandler]: originNodeType : EXT
20-06-2019 17:47:50 INFO [APIHandler]: originHostName : meydvvmnmt02menalabcorplocal
20-06-2019 17:47:50 INFO [APIHandler]: originHostName : meydvvmnmt02menalabcorplocal
20-06-2019 17:47:50 INFO [APIHandler]: subscriberNumberNAI : 1
20-06-2019 17:47:50 INFO [APIHandler]: subscriberNumberNAI : 1
20-06-2019 17:47:50 INFO [APIHandler]: negotiatedCapabilities : 268763332
20-06-2019 17:47:50 INFO [APIHandler]: negotiatedCapabilities : 268763332
20-06-2019 17:47:50 INFO [APIHandler]: request Fired:
20-06-2019 17:47:50 INFO [APIHandler]: request Fired:
20-06-2019 17:47:50 INFO [APIHandler]: Response Code  :200
20-06-2019 17:47:50 INFO [APIHandler]: Response Header  :Date=Thu, 20 Jun 2019 13:47:55 GMT
X-Powered-By=Ericsson
Server=meytvvmair01.menalab.corp.local
Set-Cookie=JSESSIONID=4vlxoxqdmgw01qfivrtyz4vm1;Path=/
Expires=Thu, 01 Jan 1970 00:00:00 GMT
Content-Type=text/xml
Content-Length=286
20-06-2019 17:47:50 INFO [APIHandler]: Response   :<?xml version="1.0" encoding="ISO-8859-1"?><methodResponse><fault><value><struct><member><name>faultCode</name><value><i4>1000</i4></value></member><member><name>faultString</name><value><string>Illegal request message</string></value></member></struct></value></fault></methodResponse>
20-06-2019 17:47:50 INFO [APIHandler]: Response Code  :200
20-06-2019 17:47:50 INFO [APIHandler]: Response Header  :Date=Thu, 20 Jun 2019 13:47:55 GMT
X-Powered-By=Ericsson
Server=meytvvmair01.menalab.corp.local
Set-Cookie=JSESSIONID=1p6mxr24zvghlzw115ok74d8q;Path=/
Expires=Thu, 01 Jan 1970 00:00:00 GMT
Content-Type=text/xml
Content-Length=286
20-06-2019 17:47:50 INFO [APIHandler]: Response   :<?xml version="1.0" encoding="ISO-8859-1"?><methodResponse><fault><value><struct><member><name>faultCode</name><value><i4>1000</i4></value></member><member><name>faultString</name><value><string>Illegal request message</string></value></member></struct></value></fault></methodResponse>
20-06-2019 17:47:51 INFO [APIHandler]: XXXXXXXXXXXXXXXXXXXXXXX             -E---N---D-             XXXXXXXXXXXXXXXXXXXXXX
20-06-2019 17:47:51 INFO [APIHandler]: XXXXXXXXXXXXXXXXXXXXXXX             -E---N---D-             XXXXXXXXXXXXXXXXXXXXXX
