28-08-2019 14:23:01 INFO [App]: Starting execution at +: ->P2P TRANSFER->28-Aug-2019 14:22:59

28-08-2019 14:23:12 INFO [App]: ****************************************************************************************
28-08-2019 14:23:12 INFO [App]: ****************************************************************************************
28-08-2019 14:23:12 INFO [App]: $$$$$$$$$$$$$$$$$$$$$ TC_002--P2P TRANSFER $$$$$$$$$$$$$$$$$$$$$$$$$
28-08-2019 14:23:12 INFO [App]: ****************************************************************************************
28-08-2019 14:23:12 INFO [App]: ****************************************************************************************
28-08-2019 14:23:43 INFO [App]: Entering code : 2

28-08-2019 14:23:45 INFO [App]: Entering code : 2

28-08-2019 14:23:58 INFO [App]: Confirmation alert : more time': AED 10.0 has been transferred from your More Time balance to 971520001714. Thank you for using the Mobile Credit Transfer service.

28-08-2019 14:24:18 INFO [App]: Message not received for the provided USSD

28-08-2019 14:24:19 INFO [App]: XXXXXXXXXXXXXXXXXXXXXXX             -E---N---D-             XXXXXXXXXXXXXXXXXXXXXX
28-08-2019 14:24:20 INFO [App]: Starting execution at +: ->BALANCE ENQUIRES->28-Aug-2019 14:22:59

28-08-2019 14:24:22 INFO [App]: ****************************************************************************************
28-08-2019 14:24:22 INFO [App]: ****************************************************************************************
28-08-2019 14:24:22 INFO [App]: $$$$$$$$$$$$$$$$$$$$$ TC_001--BALANCE ENQUIRES $$$$$$$$$$$$$$$$$$$$$$$$$
28-08-2019 14:24:22 INFO [App]: ****************************************************************************************
28-08-2019 14:24:22 INFO [App]: ****************************************************************************************
28-08-2019 14:24:48 INFO [App]: Entering code : 1

28-08-2019 14:25:19 INFO [App]: Confirmation alert : <br>1000 International minutes with Friends & Family bundle starting from 69 dirhams. Dial *135*90# 
----------
Your 'more time' balance is AED 1797.37

28-08-2019 14:25:20 INFO [App]: XXXXXXXXXXXXXXXXXXXXXXX             -E---N---D-             XXXXXXXXXXXXXXXXXXXXXX
28-08-2019 14:25:20 INFO [App]: Starting execution at +: ->P2P TRANSFER->28-Aug-2019 14:22:59

28-08-2019 14:25:23 INFO [App]: ****************************************************************************************
28-08-2019 14:25:23 INFO [App]: ****************************************************************************************
28-08-2019 14:25:23 INFO [App]: $$$$$$$$$$$$$$$$$$$$$ TC_002--P2P TRANSFER $$$$$$$$$$$$$$$$$$$$$$$$$
28-08-2019 14:25:23 INFO [App]: ****************************************************************************************
28-08-2019 14:25:23 INFO [App]: ****************************************************************************************
28-08-2019 14:25:49 INFO [App]: Entering code : 2

28-08-2019 14:25:52 INFO [App]: Entering code : 2

28-08-2019 14:26:04 INFO [App]: Confirmation alert : more time': AED 10.0 has been transferred from your More Time balance to 971520001714. Thank you for using the Mobile Credit Transfer service.

28-08-2019 14:26:25 INFO [App]: Message not received for the provided USSD

28-08-2019 14:26:26 INFO [App]: XXXXXXXXXXXXXXXXXXXXXXX             -E---N---D-             XXXXXXXXXXXXXXXXXXXXXX
28-08-2019 14:26:27 INFO [App]: Starting execution at +: ->BALANCE ENQUIRES->28-Aug-2019 14:22:59

28-08-2019 14:26:29 INFO [App]: ****************************************************************************************
28-08-2019 14:26:29 INFO [App]: ****************************************************************************************
28-08-2019 14:26:29 INFO [App]: $$$$$$$$$$$$$$$$$$$$$ TC_001--BALANCE ENQUIRES $$$$$$$$$$$$$$$$$$$$$$$$$
28-08-2019 14:26:29 INFO [App]: ****************************************************************************************
28-08-2019 14:26:29 INFO [App]: ****************************************************************************************
28-08-2019 14:26:54 INFO [App]: Entering code : 1

28-08-2019 14:27:26 INFO [App]: Confirmation alert : <br>1000 International minutes with Friends & Family bundle starting from 69 dirhams. Dial *135*90# 
----------
Your 'more time' balance is AED 1797.37<br>1000 International minutes with Friends & Family bundle starting from 69 dirhams. Dial *135*90# 
----------
Your 'more time' balance is AED 1787.37

28-08-2019 14:27:27 INFO [App]: XXXXXXXXXXXXXXXXXXXXXXX             -E---N---D-             XXXXXXXXXXXXXXXXXXXXXX
28-08-2019 14:27:27 INFO [App]: Starting execution at +: ->P2P TRANSFER->28-Aug-2019 14:22:59

28-08-2019 14:27:29 INFO [App]: ****************************************************************************************
28-08-2019 14:27:29 INFO [App]: ****************************************************************************************
28-08-2019 14:27:29 INFO [App]: $$$$$$$$$$$$$$$$$$$$$ TC_002--P2P TRANSFER $$$$$$$$$$$$$$$$$$$$$$$$$
28-08-2019 14:27:29 INFO [App]: ****************************************************************************************
28-08-2019 14:27:29 INFO [App]: ****************************************************************************************
28-08-2019 14:27:55 INFO [App]: Entering code : 2

