02-06-2019 17:23:16 INFO [App]: Starting execution at +: 820->USSD_OPT_IN->02-Jun-2019 17:23:15

02-06-2019 17:23:24 INFO [App]: ****************************************************************************************
02-06-2019 17:23:24 INFO [App]: ****************************************************************************************
02-06-2019 17:23:24 INFO [App]: $$$$$$$$$$$$$$$$$$$$$ TC_001--820_USSD_OPT_IN_USSD_Long_Code $$$$$$$$$$$$$$$$$$$$$$$$$
02-06-2019 17:23:24 INFO [App]: ****************************************************************************************
02-06-2019 17:23:24 INFO [App]: ****************************************************************************************
02-06-2019 17:23:25 INFO [Asnconvertor]: ****************************************************************************************
02-06-2019 17:23:25 INFO [Asnconvertor]: ****************************************************************************************
02-06-2019 17:23:25 INFO [Asnconvertor]: $$$$$$$$$$$$$$$$$$$$$ Parsing File CHARGINGCDR-meytvvmocc01-190602-1624-02944.ber $$$$$$$$$$$$$$$$$$$$$$$$$
02-06-2019 17:23:25 INFO [Asnconvertor]: ****************************************************************************************
02-06-2019 17:23:25 INFO [Asnconvertor]: ****************************************************************************************
02-06-2019 17:23:46 INFO [App]: Error occured, please check with screenshot

02-06-2019 17:23:56 INFO [App]: Error occured, please check with screenshot

02-06-2019 17:24:05 INFO [App]: Error occured, please check with screenshot

02-06-2019 17:24:14 INFO [App]: Error occured, please check with screenshot

02-06-2019 17:24:23 INFO [App]: Error occured, please check with screenshot

02-06-2019 17:24:31 INFO [App]: Error occured, please check with screenshot

02-06-2019 17:24:40 INFO [App]: Error occured, please check with screenshot

02-06-2019 17:24:48 INFO [App]: Error occured, please check with screenshot

02-06-2019 17:24:58 INFO [App]: Error occured, please check with screenshot

02-06-2019 17:25:07 INFO [App]: Error occured, please check with screenshot

02-06-2019 17:25:16 INFO [App]: Error occured, please check with screenshot

02-06-2019 17:25:25 INFO [App]: Error occured, please check with screenshot

02-06-2019 17:25:41 INFO [App]: Error occured, please check with screenshot

02-06-2019 17:25:46 INFO [App]: Confirmation alert : 1000 International Minutes with Friends & Family bundles starting from 69 dirhams. Dial *135*90#. Thank you for using du interactive services

02-06-2019 17:25:53 INFO [App]: Entering code : 6

