21-05-2019 14:57:07 INFO [App]: Starting execution at +: Call Home for Less->USSD_OPT_OUT->21-May-2019 14:57:04

21-05-2019 14:57:07 INFO [App]: ****************************************************************************************
21-05-2019 14:57:07 INFO [App]: ****************************************************************************************
21-05-2019 14:57:07 INFO [App]: $$$$$$$$$$$$$$$$$$$$$ TC_001 $$$$$$$$$$$$$$$$$$$$$$$$$
21-05-2019 14:57:07 INFO [App]: ****************************************************************************************
21-05-2019 14:57:07 INFO [App]: ****************************************************************************************
21-05-2019 14:57:20 INFO [App]: Error occured, please check with screenshot

21-05-2019 14:57:22 INFO [App]: Confirmation alert : USSD code running…

21-05-2019 14:57:28 INFO [App]: Error occured, please check with screenshot

21-05-2019 14:57:33 INFO [App]: Entering code : 3

21-05-2019 14:57:42 INFO [App]: Confirmation alert : Thanks for using du interactive service

21-05-2019 14:58:04 INFO [App]: Message Received : Sorry, Your Request Can't be fulfilled

21-05-2019 14:58:10 INFO [App]: XXXXXXXXXXXXXXXXXXXXXXX             -E---N---D-             XXXXXXXXXXXXXXXXXXXXXX
21-05-2019 14:58:10 INFO [App]: Starting execution at +: 500MB+500MB Social AED55_OnceOff->USSD_OPT_IN->21-May-2019 14:57:04

21-05-2019 14:58:10 INFO [App]: ****************************************************************************************
21-05-2019 14:58:10 INFO [App]: ****************************************************************************************
21-05-2019 14:58:10 INFO [App]: $$$$$$$$$$$$$$$$$$$$$ TC_002 $$$$$$$$$$$$$$$$$$$$$$$$$
21-05-2019 14:58:10 INFO [App]: ****************************************************************************************
21-05-2019 14:58:10 INFO [App]: ****************************************************************************************
21-05-2019 14:58:22 INFO [App]: Entering code : 5

21-05-2019 14:58:31 INFO [App]: Entering code : 1

