27-05-2019 10:15:06 INFO [App]: Starting execution at +: Call Home for Less->USSD_OPT_IN->27-May-2019 10:15:05

27-05-2019 10:15:06 INFO [App]: ****************************************************************************************
27-05-2019 10:15:06 INFO [App]: ****************************************************************************************
27-05-2019 10:15:06 INFO [App]: $$$$$$$$$$$$$$$$$$$$$ TC_001 $$$$$$$$$$$$$$$$$$$$$$$$$
27-05-2019 10:15:06 INFO [App]: ****************************************************************************************
27-05-2019 10:15:06 INFO [App]: ****************************************************************************************
27-05-2019 10:15:20 INFO [App]: Entering code : 6

27-05-2019 10:15:29 INFO [App]: Entering code : 2

27-05-2019 10:15:40 INFO [App]: Entering code : 1

27-05-2019 10:15:52 INFO [App]: Confirmation alert : 1000 International Minutes with Friends & Family bundles starting from 69 dirhams. Dial *135*90#. Thank you for using du interactive services

27-05-2019 10:16:13 INFO [App]: Message not received for the provided USSD

27-05-2019 10:16:15 INFO [App]: XXXXXXXXXXXXXXXXXXXXXXX             -E---N---D-             XXXXXXXXXXXXXXXXXXXXXX
27-05-2019 10:16:15 INFO [App]: Starting execution at +: Recharge_More_International->USSD_Recharge->27-May-2019 10:15:05

27-05-2019 10:16:15 INFO [App]: ****************************************************************************************
27-05-2019 10:16:15 INFO [App]: ****************************************************************************************
27-05-2019 10:16:15 INFO [App]: $$$$$$$$$$$$$$$$$$$$$ TC_001 $$$$$$$$$$$$$$$$$$$$$$$$$
27-05-2019 10:16:15 INFO [App]: ****************************************************************************************
27-05-2019 10:16:15 INFO [App]: ****************************************************************************************
27-05-2019 10:16:27 INFO [App]: Confirmation alert : That voucher is already redeemed.  Please use a different voucher to recharge.

27-05-2019 10:16:46 INFO [App]: Message not received for the provided USSD

27-05-2019 10:16:48 INFO [App]: XXXXXXXXXXXXXXXXXXXXXXX             -E---N---D-             XXXXXXXXXXXXXXXXXXXXXX
