23-06-2019 18:06:37 INFO [Asnconvertor]: Starting execution at +:2019_21_001
23-06-2019 18:06:38 INFO [Asnconvertor]: ****************************************************************************************
23-06-2019 18:06:38 INFO [Asnconvertor]: ****************************************************************************************
23-06-2019 18:06:38 INFO [Asnconvertor]: $$$$$$$$$$$$$$$$$$$$$ Parsing File meydvvmcis03_EDR_CISOnline1_2019-06-13_18.15_0.csv $$$$$$$$$$$$$$$$$$$$$$$$$
23-06-2019 18:06:38 INFO [Asnconvertor]: ****************************************************************************************
23-06-2019 18:06:38 INFO [Asnconvertor]: ****************************************************************************************
23-06-2019 18:06:39 INFO [Asnconvertor]: ****************************************************************************************
23-06-2019 18:06:39 INFO [Asnconvertor]: ****************************************************************************************
23-06-2019 18:06:39 INFO [Asnconvertor]: $$$$$$$$$$$$$$$$$$$$$ Parsing File SDPOUTPUTCDR_4001_meytvvmsdp01_SUB_2868_20190623-143008.ASN $$$$$$$$$$$$$$$$$$$$$$$$$
23-06-2019 18:06:39 INFO [Asnconvertor]: ****************************************************************************************
23-06-2019 18:06:39 INFO [Asnconvertor]: ****************************************************************************************
23-06-2019 18:06:39 INFO [Asnconvertor]: ****************************************************************************************
23-06-2019 18:06:39 INFO [Asnconvertor]: ****************************************************************************************
23-06-2019 18:06:39 INFO [Asnconvertor]: $$$$$$$$$$$$$$$$$$$$$ Parsing File CHARGINGCDR-meydvvmocc02-190606-1325-03517.ber $$$$$$$$$$$$$$$$$$$$$$$$$
23-06-2019 18:06:39 INFO [Asnconvertor]: ****************************************************************************************
23-06-2019 18:06:39 INFO [Asnconvertor]: ****************************************************************************************
23-06-2019 18:06:43 INFO [Asnconvertor]: subscriptionIDValue = 971520001714
23-06-2019 18:06:43 INFO [Asnconvertor]: subscriptionIDValue = 971520001714
23-06-2019 18:06:43 INFO [Asnconvertor]: subscriptionIDValue = 971520001714
23-06-2019 18:06:43 INFO [Asnconvertor]: subscriptionIDValue = 971520001714
23-06-2019 18:06:43 INFO [Asnconvertor]: resultCode = 2001
23-06-2019 18:06:43 INFO [Asnconvertor]: resultCode = 2001
23-06-2019 18:06:43 INFO [Asnconvertor]: resultCode = 2001
23-06-2019 18:06:43 INFO [Asnconvertor]: resultCode = 2001
23-06-2019 18:06:43 INFO [Asnconvertor]: triggerTime = 916060315282304000
23-06-2019 18:06:43 INFO [Asnconvertor]: triggerTime = 916060315282304000
23-06-2019 18:06:43 INFO [Asnconvertor]: triggerTime = 916060316221304000
23-06-2019 18:06:43 INFO [Asnconvertor]: triggerTime = 916060316221304000
23-06-2019 18:06:43 INFO [Asnconvertor]: nodeName = meytvvmocc01
23-06-2019 18:06:43 INFO [Asnconvertor]: nodeName = meytvvmocc01
23-06-2019 18:06:43 INFO [Asnconvertor]: nodeName = meytvvmocc01
23-06-2019 18:06:43 INFO [Asnconvertor]: nodeName = meytvvmocc01
23-06-2019 18:06:43 INFO [Asnconvertor]: serviceContextID = du-service
23-06-2019 18:06:43 INFO [Asnconvertor]: serviceContextID = du-service
23-06-2019 18:06:43 INFO [Asnconvertor]: serviceContextID = du-service
23-06-2019 18:06:43 INFO [Asnconvertor]: serviceContextID = du-service
23-06-2019 18:06:43 INFO [Asnconvertor]: chargingContextID = Ericsson_OCS_V1_0.0.0.10.32251@3gpp.org
23-06-2019 18:06:43 INFO [Asnconvertor]: chargingContextID = Ericsson_OCS_V1_0.0.0.10.32251@3gpp.org
23-06-2019 18:06:43 INFO [Asnconvertor]: chargingContextID = Ericsson_OCS_V1_0.0.0.10.32251@3gpp.org
23-06-2019 18:06:43 INFO [Asnconvertor]: chargingContextID = Ericsson_OCS_V1_0.0.0.10.32251@3gpp.org
23-06-2019 18:06:43 INFO [Asnconvertor]: serviceSessionID = 3:-:1
23-06-2019 18:06:43 INFO [Asnconvertor]: serviceSessionID = 40:-:2
23-06-2019 18:06:43 INFO [Asnconvertor]: serviceSessionID = 3:-:1
23-06-2019 18:06:43 INFO [Asnconvertor]: serviceSessionID = 40:-:2
23-06-2019 18:06:43 INFO [Asnconvertor]: recordIdentificationNumber = 25A1
23-06-2019 18:06:43 INFO [Asnconvertor]: recordIdentificationNumber = 25A2
23-06-2019 18:06:43 INFO [Asnconvertor]: recordIdentificationNumber = 25A3
23-06-2019 18:06:43 INFO [Asnconvertor]: recordIdentificationNumber = 25A4
23-06-2019 18:06:43 INFO [Asnconvertor]: partialSequenceNumber = 0
23-06-2019 18:06:43 INFO [Asnconvertor]: partialSequenceNumber = 0
23-06-2019 18:06:43 INFO [Asnconvertor]: partialSequenceNumber = 0
23-06-2019 18:06:43 INFO [Asnconvertor]: partialSequenceNumber = 0
23-06-2019 18:06:43 INFO [Asnconvertor]: lastPartialOutput = TRUE
23-06-2019 18:06:43 INFO [Asnconvertor]: lastPartialOutput = TRUE
23-06-2019 18:06:43 INFO [Asnconvertor]: lastPartialOutput = TRUE
23-06-2019 18:06:43 INFO [Asnconvertor]: lastPartialOutput = TRUE
23-06-2019 18:06:43 INFO [Asnconvertor]: subscriptionIDType = endUserE164
23-06-2019 18:06:43 INFO [Asnconvertor]: subscriptionIDType = endUserE164
23-06-2019 18:06:43 INFO [Asnconvertor]: subscriptionIDType = endUserE164
23-06-2019 18:06:43 INFO [Asnconvertor]: subscriptionIDType = endUserE164
23-06-2019 18:06:43 INFO [Asnconvertor]: subscriptionIDValue = 971520001714
23-06-2019 18:06:43 INFO [Asnconvertor]: subscriptionIDValue = 971520001714
23-06-2019 18:06:43 INFO [Asnconvertor]: subscriptionIDValue = 971520001714
23-06-2019 18:06:43 INFO [Asnconvertor]: subscriptionIDValue = 971520001714
23-06-2019 18:06:43 INFO [Asnconvertor]: sessionId = ggsn.du.ae;3768801927;244;2359
23-06-2019 18:06:43 INFO [Asnconvertor]: sessionId = ggsn.du.ae;3768801927;244;2359
23-06-2019 18:06:43 INFO [Asnconvertor]: sessionId = ggsn.du.ae;3768801970;272;2337
23-06-2019 18:06:43 INFO [Asnconvertor]: sessionId = ggsn.du.ae;3768801970;272;2337
23-06-2019 18:06:43 INFO [Asnconvertor]: lastPartialOutput = TRUE
23-06-2019 18:06:43 INFO [Asnconvertor]: lastPartialOutput = TRUE
23-06-2019 18:06:43 INFO [Asnconvertor]: lastPartialOutput = TRUE
23-06-2019 18:06:43 INFO [Asnconvertor]: lastPartialOutput = TRUE
23-06-2019 18:06:43 INFO [Asnconvertor]: originRealm = 64752E6165
23-06-2019 18:06:43 INFO [Asnconvertor]: originRealm = 64752E6165
23-06-2019 18:06:43 INFO [Asnconvertor]: originRealm = 64752E6165
23-06-2019 18:06:43 INFO [Asnconvertor]: originRealm = 64752E6165
23-06-2019 18:06:44 INFO [Asnconvertor]: originHost = 6767736E2E64752E6165
23-06-2019 18:06:44 INFO [Asnconvertor]: originHost = 6767736E2E64752E6165
23-06-2019 18:06:44 INFO [Asnconvertor]: originHost = 6767736E2E64752E6165
23-06-2019 18:06:44 INFO [Asnconvertor]: originHost = 6767736E2E64752E6165
23-06-2019 18:06:44 INFO [Asnconvertor]: serviceIdentifier = 3
23-06-2019 18:06:44 INFO [Asnconvertor]: serviceIdentifier = 40
23-06-2019 18:06:44 INFO [Asnconvertor]: serviceIdentifier = 3
23-06-2019 18:06:44 INFO [Asnconvertor]: serviceIdentifier = 40
23-06-2019 18:06:44 INFO [Asnconvertor]: tariffChangeUsage = before
23-06-2019 18:06:44 INFO [Asnconvertor]: tariffChangeUsage = before
23-06-2019 18:06:44 INFO [Asnconvertor]: tariffChangeUsage = before
23-06-2019 18:06:44 INFO [Asnconvertor]: tariffChangeUsage = before
23-06-2019 18:06:44 INFO [Asnconvertor]: eventTime = 32303139303630363133323533302B30343030
23-06-2019 18:06:44 INFO [Asnconvertor]: eventTime = 32303139303630363133323533302B30343030
23-06-2019 18:06:44 INFO [Asnconvertor]: eventTime = 32303139303630363133323633332B30343030
23-06-2019 18:06:44 INFO [Asnconvertor]: eventTime = 32303139303630363133323633332B30343030
23-06-2019 18:06:44 INFO [Asnconvertor]: triggerTime = 32303139303630363133323532382B30343030
23-06-2019 18:06:44 INFO [Asnconvertor]: triggerTime = 32303139303630363133323532382B30343030
23-06-2019 18:06:44 INFO [Asnconvertor]: triggerTime = 32303139303630363133323631322B30343030
23-06-2019 18:06:44 INFO [Asnconvertor]: triggerTime = 32303139303630363133323631322B30343030
23-06-2019 18:06:44 INFO [Asnconvertor]: serviceScenario = mobileOriginating
23-06-2019 18:06:44 INFO [Asnconvertor]: serviceScenario = mobileOriginating
23-06-2019 18:06:44 INFO [Asnconvertor]: serviceScenario = mobileOriginating
23-06-2019 18:06:44 INFO [Asnconvertor]: serviceScenario = mobileOriginating
23-06-2019 18:06:44 INFO [Asnconvertor]: roamingPosition = insideHPLMN
23-06-2019 18:06:44 INFO [Asnconvertor]: roamingPosition = insideHPLMN
23-06-2019 18:06:44 INFO [Asnconvertor]: roamingPosition = insideHPLMN
23-06-2019 18:06:44 INFO [Asnconvertor]: roamingPosition = insideHPLMN
23-06-2019 18:06:44 INFO [Asnconvertor]: servedAccount = 81795102007141
23-06-2019 18:06:44 INFO [Asnconvertor]: servedAccount = 81795102007141
23-06-2019 18:06:44 INFO [Asnconvertor]: servedAccount = 81795102007141
23-06-2019 18:06:44 INFO [Asnconvertor]: servedAccount = 81795102007141
23-06-2019 18:06:44 INFO [Asnconvertor]: serviceClassID = 1001
23-06-2019 18:06:44 INFO [Asnconvertor]: serviceClassID = 1001
23-06-2019 18:06:44 INFO [Asnconvertor]: serviceClassID = 1001
23-06-2019 18:06:44 INFO [Asnconvertor]: serviceClassID = 1001
23-06-2019 18:06:44 INFO [Asnconvertor]: accountGroupID = 0
23-06-2019 18:06:44 INFO [Asnconvertor]: accountGroupID = 0
23-06-2019 18:06:44 INFO [Asnconvertor]: accountGroupID = 0
23-06-2019 18:06:44 INFO [Asnconvertor]: accountGroupID = 0
23-06-2019 18:06:44 INFO [Asnconvertor]: accountValueBefore = 
                        0
                        6
                        784
                     
23-06-2019 18:06:44 INFO [Asnconvertor]: accountValueBefore = 
                        0
                        6
                        784
                     
23-06-2019 18:06:44 INFO [Asnconvertor]: accountValueBefore = 
                        0
                        6
                        784
                     
23-06-2019 18:06:44 INFO [Asnconvertor]: accountValueBefore = 
                        0
                        6
                        784
                     
23-06-2019 18:06:44 INFO [Asnconvertor]: amount = 0
23-06-2019 18:06:44 INFO [Asnconvertor]: amount = 0
23-06-2019 18:06:44 INFO [Asnconvertor]: amount = 0
23-06-2019 18:06:44 INFO [Asnconvertor]: amount = 0
23-06-2019 18:06:44 INFO [Asnconvertor]: decimals = 6
23-06-2019 18:06:44 INFO [Asnconvertor]: decimals = 6
23-06-2019 18:06:44 INFO [Asnconvertor]: decimals = 6
23-06-2019 18:06:44 INFO [Asnconvertor]: decimals = 6
23-06-2019 18:06:44 INFO [Asnconvertor]: currency = 784
23-06-2019 18:06:44 INFO [Asnconvertor]: currency = 784
23-06-2019 18:06:44 INFO [Asnconvertor]: currency = 784
23-06-2019 18:06:44 INFO [Asnconvertor]: currency = 784
23-06-2019 18:06:44 INFO [Asnconvertor]: accountValueAfter = 
                        0
                        6
                        784
                     
23-06-2019 18:06:44 INFO [Asnconvertor]: accountValueAfter = 
                        0
                        6
                        784
                     
23-06-2019 18:06:44 INFO [Asnconvertor]: accountValueAfter = 
                        0
                        6
                        784
                     
23-06-2019 18:06:44 INFO [Asnconvertor]: accountValueAfter = 
                        0
                        6
                        784
                     
23-06-2019 18:06:44 INFO [Asnconvertor]: amount = 0
23-06-2019 18:06:44 INFO [Asnconvertor]: amount = 0
23-06-2019 18:06:44 INFO [Asnconvertor]: amount = 0
23-06-2019 18:06:44 INFO [Asnconvertor]: amount = 0
23-06-2019 18:06:44 INFO [Asnconvertor]: decimals = 6
23-06-2019 18:06:44 INFO [Asnconvertor]: decimals = 6
23-06-2019 18:06:44 INFO [Asnconvertor]: decimals = 6
23-06-2019 18:06:44 INFO [Asnconvertor]: decimals = 6
23-06-2019 18:06:44 INFO [Asnconvertor]: currency = 784
23-06-2019 18:06:44 INFO [Asnconvertor]: currency = 784
23-06-2019 18:06:44 INFO [Asnconvertor]: currency = 784
23-06-2019 18:06:44 INFO [Asnconvertor]: currency = 784
23-06-2019 18:06:44 INFO [Asnconvertor]: accumulatorID = 68
23-06-2019 18:06:44 INFO [Asnconvertor]: accumulatorID = 68
23-06-2019 18:06:44 INFO [Asnconvertor]: accumulatorID = 68
23-06-2019 18:06:44 INFO [Asnconvertor]: accumulatorID = 68
23-06-2019 18:06:44 INFO [Asnconvertor]: accumulatorChange = 163840
23-06-2019 18:06:44 INFO [Asnconvertor]: accumulatorChange = 32768
23-06-2019 18:06:44 INFO [Asnconvertor]: accumulatorChange = 2031616
23-06-2019 18:06:44 INFO [Asnconvertor]: accumulatorChange = 425984
23-06-2019 18:06:44 INFO [Asnconvertor]: accumulatorAfter = 1605632
23-06-2019 18:06:44 INFO [Asnconvertor]: accumulatorAfter = 1638400
23-06-2019 18:06:44 INFO [Asnconvertor]: accumulatorAfter = 3670016
23-06-2019 18:06:44 INFO [Asnconvertor]: accumulatorAfter = 4096000
23-06-2019 18:06:44 INFO [Asnconvertor]: accumulatorBeforeSession = 1441792
23-06-2019 18:06:44 INFO [Asnconvertor]: accumulatorBeforeSession = 1441792
23-06-2019 18:06:44 INFO [Asnconvertor]: accumulatorBeforeSession = 1638400
23-06-2019 18:06:44 INFO [Asnconvertor]: accumulatorBeforeSession = 1638400
