07-07-2019 12:46:45 INFO [APIparam]: Starting execution at +:07-Jul-2019 12:46:41
07-07-2019 12:46:46 INFO [APIparam]: ****************************************************************************************
07-07-2019 12:46:46 INFO [APIparam]: ****************************************************************************************
07-07-2019 12:46:46 INFO [APIparam]: $$$$$$$$$$$$$$$$$$$$$ TC_011 $$$$$$$$$$$$$$$$$$$$$$$$$
07-07-2019 12:46:46 INFO [APIparam]: ****************************************************************************************
07-07-2019 12:46:46 INFO [APIparam]: ****************************************************************************************
07-07-2019 12:46:46 INFO [APIparam]: Firing Request: API_UpdateServiceClass_1
07-07-2019 12:46:46 INFO [APIparam]: originNodeType : EXT
07-07-2019 12:46:46 INFO [APIparam]: originHostName : meydvvmnmt02menalabcorplocal
07-07-2019 12:46:46 INFO [APIparam]: subscriberNumber : 971520001714
07-07-2019 12:46:46 INFO [APIparam]: serviceClassNew : 1006
07-07-2019 12:46:46 INFO [APIparam]: request Fired:<?xml version="1.0" encoding="iso-8859-1"?><methodCall><methodName>UpdateServiceClass</methodName><params> <param>  <value>   <struct>    <member>     <name>originNodeType</name>     <value>      <string>EXT</string>     </value>    </member>    <member>     <name>originHostName</name>     <value>      <string>meydvvmnmt02menalabcorplocal</string>     </value>    </member>    <member>     <name>originTransactionID</name>     <value>      <string>2019070712464519</string>     </value>    </member>    <member>     <name>originTimeStamp</name>     <value>      <dateTime.iso8601>20190707T12:46:45+0000</dateTime.iso8601>     </value>    </member>    <member>     <name>subscriberNumberNAI</name>     <value>      <int>1</int>     </value>    </member>    <member>     <name>subscriberNumber</name>     <value>      <string>971520001714</string>     </value>    </member>    <member>     <name>serviceClassNew</name>     <value>      <int>1006</int>     </value>    </member>    <member>     <name>serviceClassAction</name>     <value>      <string>SetOriginal</string>     </value>    </member>   </struct>  </value> </param></params></methodCall>
07-07-2019 12:46:50 INFO [APIparam]: Response Code  :200
07-07-2019 12:46:50 INFO [APIparam]: Response Header  :Date=Sun, 07 Jul 2019 08:47:14 GMT
X-Powered-By=Ericsson
Server=meytvvmair01.menalab.corp.local
Set-Cookie=JSESSIONID=wvdcygh55k6m1vwbbs3cs11gv;Path=/
Expires=Thu, 01 Jan 1970 00:00:00 GMT
Content-Type=text/xml
Content-Length=1855
07-07-2019 12:46:50 INFO [APIparam]: Response   :<?xml version="1.0" encoding="ISO-8859-1"?><methodResponse><params><param><value><struct><member><name>accountFlagsAfter</name><value><struct><member><name>activationStatusFlag</name><value><boolean>1</boolean></value></member><member><name>negativeBarringStatusFlag</name><value><boolean>0</boolean></value></member><member><name>serviceFeePeriodExpiryFlag</name><value><boolean>0</boolean></value></member><member><name>serviceFeePeriodWarningActiveFlag</name><value><boolean>0</boolean></value></member><member><name>supervisionPeriodExpiryFlag</name><value><boolean>0</boolean></value></member><member><name>supervisionPeriodWarningActiveFlag</name><value><boolean>0</boolean></value></member></struct></value></member><member><name>accountFlagsBefore</name><value><struct><member><name>activationStatusFlag</name><value><boolean>1</boolean></value></member><member><name>negativeBarringStatusFlag</name><value><boolean>0</boolean></value></member><member><name>serviceFeePeriodExpiryFlag</name><value><boolean>0</boolean></value></member><member><name>serviceFeePeriodWarningActiveFlag</name><value><boolean>0</boolean></value></member><member><name>supervisionPeriodExpiryFlag</name><value><boolean>0</boolean></value></member><member><name>supervisionPeriodWarningActiveFlag</name><value><boolean>0</boolean></value></member></struct></value></member><member><name>availableServerCapabilities</name><value><array><data><value><i4>939860676</i4></value><value><i4>10028</i4></value></data></array></value></member><member><name>negotiatedCapabilities</name><value><array><data><value><i4>0</i4></value></data></array></value></member><member><name>originTransactionID</name><value><string>2019070712464519</string></value></member><member><name>responseCode</name><value><i4>0</i4></value></member></struct></value></param></params></methodResponse>
07-07-2019 12:46:51 INFO [App]: XXXXXXXXXXXXXXXXXXXXXXX             -E---N---D-             XXXXXXXXXXXXXXXXXXXXXX
