19-05-2019 18:24:49 INFO [App]: Starting execution at +: Call Home for Less->USSD_OPT_IN->19-May-2019 18:24:41

19-05-2019 18:24:49 INFO [App]: ****************************************************************************************
19-05-2019 18:24:49 INFO [App]: ****************************************************************************************
19-05-2019 18:24:49 INFO [App]: $$$$$$$$$$$$$$$$$$$$$ TC_001 $$$$$$$$$$$$$$$$$$$$$$$$$
19-05-2019 18:24:49 INFO [App]: ****************************************************************************************
19-05-2019 18:24:49 INFO [App]: ****************************************************************************************
19-05-2019 18:25:13 INFO [App]: Entering code : 1

19-05-2019 18:25:50 INFO [App]: Message Received : The call home for less offer is active! Call at only 0.6 fils per sec, with a setup fee of AED 1 per call for calls to India, Bangladesh, Pakistan, Afghanistan (except numbers starting with 009378), Egypt, China, Iran, Nepal, Nigeria &amp; Indonesia.

19-05-2019 18:26:00 INFO [App]: XXXXXXXXXXXXXXXXXXXXXXX             -E---N---D-             XXXXXXXXXXXXXXXXXXXXXX
19-05-2019 18:26:00 INFO [App]: Starting execution at +: Recharge_More_Time->USSD_Recharge->19-May-2019 18:24:41

19-05-2019 18:26:00 INFO [App]: ****************************************************************************************
19-05-2019 18:26:00 INFO [App]: ****************************************************************************************
19-05-2019 18:26:00 INFO [App]: $$$$$$$$$$$$$$$$$$$$$ TC_002 $$$$$$$$$$$$$$$$$$$$$$$$$
19-05-2019 18:26:00 INFO [App]: ****************************************************************************************
19-05-2019 18:26:00 INFO [App]: ****************************************************************************************
19-05-2019 18:26:52 INFO [App]: Message not received for the provided USSD

19-05-2019 18:26:53 INFO [App]: XXXXXXXXXXXXXXXXXXXXXXX             -E---N---D-             XXXXXXXXXXXXXXXXXXXXXX
19-05-2019 18:26:53 INFO [App]: Starting execution at +: Call Home for Less->USSD_OPT_OUT->19-May-2019 18:24:41

19-05-2019 18:26:53 INFO [App]: ****************************************************************************************
19-05-2019 18:26:53 INFO [App]: ****************************************************************************************
19-05-2019 18:26:53 INFO [App]: $$$$$$$$$$$$$$$$$$$$$ TC_003 $$$$$$$$$$$$$$$$$$$$$$$$$
19-05-2019 18:26:53 INFO [App]: ****************************************************************************************
19-05-2019 18:26:53 INFO [App]: ****************************************************************************************
19-05-2019 18:27:13 INFO [App]: Entering code : 6

19-05-2019 18:27:24 INFO [App]: Entering code : 2

19-05-2019 18:27:36 INFO [App]: Entering code : 3

19-05-2019 18:28:11 INFO [App]: Message Received : As requested, you've been opted out from the New Call Home For Less promotion.

19-05-2019 18:28:19 INFO [App]: XXXXXXXXXXXXXXXXXXXXXXX             -E---N---D-             XXXXXXXXXXXXXXXXXXXXXX
