21-05-2019 15:19:17 INFO [App]: Starting execution at +: Call Home for Less->USSD_OPT_OUT->21-May-2019 15:19:15

21-05-2019 15:19:17 INFO [App]: ****************************************************************************************
21-05-2019 15:19:17 INFO [App]: ****************************************************************************************
21-05-2019 15:19:17 INFO [App]: $$$$$$$$$$$$$$$$$$$$$ TC_001 $$$$$$$$$$$$$$$$$$$$$$$$$
21-05-2019 15:19:17 INFO [App]: ****************************************************************************************
21-05-2019 15:19:17 INFO [App]: ****************************************************************************************
21-05-2019 15:19:28 INFO [App]: Entering code : 3

21-05-2019 15:19:37 INFO [App]: Confirmation alert : Thanks for using du interactive service

21-05-2019 15:20:00 INFO [App]: Message Received : Sorry, Your Request Can't be fulfilled

21-05-2019 15:20:05 INFO [App]: XXXXXXXXXXXXXXXXXXXXXXX             -E---N---D-             XXXXXXXXXXXXXXXXXXXXXX
21-05-2019 15:20:05 INFO [App]: Starting execution at +: 500MB+500MB Social AED55_OnceOff->USSD_OPT_IN->21-May-2019 15:19:15

21-05-2019 15:20:05 INFO [App]: ****************************************************************************************
21-05-2019 15:20:05 INFO [App]: ****************************************************************************************
21-05-2019 15:20:05 INFO [App]: $$$$$$$$$$$$$$$$$$$$$ TC_002 $$$$$$$$$$$$$$$$$$$$$$$$$
21-05-2019 15:20:05 INFO [App]: ****************************************************************************************
21-05-2019 15:20:05 INFO [App]: ****************************************************************************************
21-05-2019 15:20:18 INFO [App]: Entering code : 5

21-05-2019 15:20:27 INFO [App]: Entering code : 1

21-05-2019 15:20:37 INFO [App]: Entering code : 2

21-05-2019 15:20:46 INFO [App]: Entering code : 1

21-05-2019 15:20:56 INFO [App]: Entering code : 1

21-05-2019 15:21:05 INFO [App]: Confirmation alert : Sorry, Your Request Can't be fulfilled

21-05-2019 15:21:23 INFO [App]: Message not received for the provided USSD

21-05-2019 15:21:23 INFO [App]: XXXXXXXXXXXXXXXXXXXXXXX             -E---N---D-             XXXXXXXXXXXXXXXXXXXXXX
