07-10-2019 17:26:42 INFO [App]: Starting execution at +: TC-0061-4->CIS_EDR_Validation->07-Oct-2019 17:26:38

07-10-2019 17:26:43 INFO [App]: ****************************************************************************************
07-10-2019 17:26:43 INFO [App]: ****************************************************************************************
07-10-2019 17:26:43 INFO [App]: $$$$$$$$$$$$$$$$$$$$$ TC-0061-4Add Offer_EDR ValidationCIS_EDR_ValidationAdd Offer_EDR Validation $$$$$$$$$$$$$$$$$$$$$$$$$
07-10-2019 17:26:43 INFO [App]: ****************************************************************************************
07-10-2019 17:26:43 INFO [App]: ****************************************************************************************
07-10-2019 17:27:15 INFO [Asnconvertor]: ****************************************************************************************
07-10-2019 17:27:15 INFO [Asnconvertor]: ****************************************************************************************
07-10-2019 17:27:15 INFO [Asnconvertor]: $$$$$$$$$$$$$$$$$$$$$ Parsing File meydvvmcis03_EDR_CISOnline1.csv $$$$$$$$$$$$$$$$$$$$$$$$$
07-10-2019 17:27:15 INFO [Asnconvertor]: ****************************************************************************************
07-10-2019 17:27:15 INFO [Asnconvertor]: ****************************************************************************************
07-10-2019 17:27:17 INFO [App]: The parameter transaction_time in DB is validated

07-10-2019 17:27:17 INFO [App]: The parameter  event_type in DB is validated

07-10-2019 17:27:17 INFO [App]: The parameter  product_name in DB is validated

07-10-2019 17:27:17 INFO [App]: The parameter  a_party_msisdn in DB is validated

07-10-2019 17:27:17 INFO [App]: The parameter  access_channel in DB is validated

07-10-2019 17:27:17 INFO [App]: The parameter  result_description in DB is validated

07-10-2019 17:27:17 INFO [App]: The parameter  input in DB is validated

07-10-2019 17:27:17 INFO [App]: The parameter  requested_product_id in DB is validated

07-10-2019 17:27:17 INFO [App]: The parameter  subscription_mode in DB is validated

07-10-2019 17:27:17 INFO [App]: The parameter  product_validity in DB is validated

