25-06-2019 12:39:16 INFO [Asnconvertor]: Starting execution at +:25-Jun-2019 12:37:17
25-06-2019 12:39:16 INFO [Asnconvertor]: ****************************************************************************************
25-06-2019 12:39:16 INFO [Asnconvertor]: ****************************************************************************************
25-06-2019 12:39:16 INFO [Asnconvertor]: $$$$$$$$$$$$$$$$$$$$$ Parsing File meydvvmcis03_EDR_CISOnline1.csv $$$$$$$$$$$$$$$$$$$$$$$$$
25-06-2019 12:39:16 INFO [Asnconvertor]: ****************************************************************************************
25-06-2019 12:39:16 INFO [Asnconvertor]: ****************************************************************************************
25-06-2019 12:39:17 INFO [Asnconvertor]: ****************************************************************************************
25-06-2019 12:39:17 INFO [Asnconvertor]: ****************************************************************************************
25-06-2019 12:39:17 INFO [Asnconvertor]: $$$$$$$$$$$$$$$$$$$$$ Parsing File SDPOUTPUTCDR_4001_meytvvmsdp01_TRF_1344_20190625-112848.ASN $$$$$$$$$$$$$$$$$$$$$$$$$
25-06-2019 12:39:17 INFO [Asnconvertor]: ****************************************************************************************
25-06-2019 12:39:17 INFO [Asnconvertor]: ****************************************************************************************
25-06-2019 12:39:17 INFO [Asnconvertor]: ****************************************************************************************
25-06-2019 12:39:17 INFO [Asnconvertor]: ****************************************************************************************
25-06-2019 12:39:17 INFO [Asnconvertor]: $$$$$$$$$$$$$$$$$$$$$ Parsing File CHARGINGCDR-meytvvmocc01-190625-1021-05060.ber $$$$$$$$$$$$$$$$$$$$$$$$$
25-06-2019 12:39:17 INFO [Asnconvertor]: ****************************************************************************************
25-06-2019 12:39:17 INFO [Asnconvertor]: ****************************************************************************************
25-06-2019 12:39:18 INFO [Asnconvertor]: subscriptionIDValue = 971520001714
25-06-2019 12:39:18 INFO [Asnconvertor]: resultCode = 2001
25-06-2019 12:39:18 INFO [Asnconvertor]: triggerTime = 916052013273304000
25-06-2019 12:39:18 INFO [Asnconvertor]: nodeName = meytvvmocc01
25-06-2019 12:39:18 INFO [Asnconvertor]: serviceContextID = SCAP_V.2.0@ericsson.com
25-06-2019 12:39:18 INFO [Asnconvertor]: chargingContextID = SCAP_V.2.0@ericsson.com
25-06-2019 12:39:18 INFO [Asnconvertor]: serviceSessionID = -:1001:1
25-06-2019 12:39:18 INFO [Asnconvertor]: recordIdentificationNumber = 2114
25-06-2019 12:39:18 INFO [Asnconvertor]: partialSequenceNumber = 0
25-06-2019 12:39:18 INFO [Asnconvertor]: lastPartialOutput = TRUE
25-06-2019 12:39:18 INFO [Asnconvertor]: subscriptionIDType = endUserE164
25-06-2019 12:39:18 INFO [Asnconvertor]: subscriptionIDValue = 971520001714
25-06-2019 12:39:18 INFO [Asnconvertor]: sessionId = 2532963819070
25-06-2019 12:39:18 INFO [Asnconvertor]: lastPartialOutput = TRUE
25-06-2019 12:39:18 INFO [Asnconvertor]: ccRequestNumber = 1
25-06-2019 12:39:18 INFO [Asnconvertor]: originRealm = 6369732E636F6D
25-06-2019 12:39:18 INFO [Asnconvertor]: originHost = 31302E39352E3231342E313337
25-06-2019 12:39:18 INFO [Asnconvertor]: serviceIdentifier = 1001
25-06-2019 12:39:18 INFO [Asnconvertor]: tariffChangeUsage = before
25-06-2019 12:39:18 INFO [Asnconvertor]: eventTime = 32303139303632353130323134392B30343030
25-06-2019 12:39:18 INFO [Asnconvertor]: triggerTime = 32303139303632353130323333372B30343030
25-06-2019 12:39:18 INFO [Asnconvertor]: serviceScenario = mobileOriginating
25-06-2019 12:39:18 INFO [Asnconvertor]: roamingPosition = insideHPLMN
25-06-2019 12:39:18 INFO [Asnconvertor]: servedAccount = 81795102007141
25-06-2019 12:39:18 INFO [Asnconvertor]: serviceClassID = 1001
25-06-2019 12:39:18 INFO [Asnconvertor]: accountGroupID = 0
25-06-2019 12:39:18 INFO [Asnconvertor]: accountValueBefore = 
                        0
                        6
                        784
                     
25-06-2019 12:39:18 INFO [Asnconvertor]: amount = 0
25-06-2019 12:39:18 INFO [Asnconvertor]: decimals = 6
25-06-2019 12:39:18 INFO [Asnconvertor]: currency = 784
25-06-2019 12:39:18 INFO [Asnconvertor]: accountValueAfter = 
                        0
                        6
                        784
                     
25-06-2019 12:39:18 INFO [Asnconvertor]: amount = 0
25-06-2019 12:39:18 INFO [Asnconvertor]: decimals = 6
25-06-2019 12:39:18 INFO [Asnconvertor]: currency = 784
25-06-2019 12:39:18 INFO [Asnconvertor]: accumulatorID = 61
25-06-2019 12:39:18 INFO [Asnconvertor]: accumulatorChange = 0
25-06-2019 12:39:18 INFO [Asnconvertor]: accumulatorAfter = 1
25-06-2019 12:39:18 INFO [Asnconvertor]: accumulatorBeforeSession = 1
25-06-2019 12:39:19 INFO [App]: XXXXXXXXXXXXXXXXXXXXXXX             -E---N---D-             XXXXXXXXXXXXXXXXXXXXXX
