26-05-2019 18:37:25 INFO [App]: Starting execution at +: Call Home for Less->USSD_OPT_IN->26-May-2019 18:37:22

26-05-2019 18:37:26 INFO [App]: ****************************************************************************************
26-05-2019 18:37:26 INFO [App]: ****************************************************************************************
26-05-2019 18:37:26 INFO [App]: $$$$$$$$$$$$$$$$$$$$$ TC_001 $$$$$$$$$$$$$$$$$$$$$$$$$
26-05-2019 18:37:26 INFO [App]: ****************************************************************************************
26-05-2019 18:37:26 INFO [App]: ****************************************************************************************
26-05-2019 18:37:52 INFO [App]: Entering code : 6

26-05-2019 18:38:06 INFO [App]: Entering code : 2

26-05-2019 18:38:20 INFO [App]: Entering code : 1

26-05-2019 18:38:33 INFO [App]: Confirmation alert : 1000 International Minutes with Friends & Family bundles starting from 69 dirhams. Dial *135*90#. Thank you for using du interactive services

26-05-2019 18:38:52 INFO [App]: Message not received for the provided USSD

26-05-2019 18:38:55 INFO [App]: XXXXXXXXXXXXXXXXXXXXXXX             -E---N---D-             XXXXXXXXXXXXXXXXXXXXXX
26-05-2019 18:38:55 INFO [App]: Starting execution at +: Call Home for Less->USSD_OPT_OUT->26-May-2019 18:37:22

26-05-2019 18:38:55 INFO [App]: ****************************************************************************************
26-05-2019 18:38:55 INFO [App]: ****************************************************************************************
26-05-2019 18:38:55 INFO [App]: $$$$$$$$$$$$$$$$$$$$$ TC_002 $$$$$$$$$$$$$$$$$$$$$$$$$
26-05-2019 18:38:55 INFO [App]: ****************************************************************************************
26-05-2019 18:38:55 INFO [App]: ****************************************************************************************
26-05-2019 18:39:06 INFO [App]: Entering code : 6

26-05-2019 18:39:15 INFO [App]: Entering code : 2

26-05-2019 18:39:26 INFO [App]: Entering code : 3

26-05-2019 18:39:37 INFO [App]: Confirmation alert : 1000 International Minutes with Friends & Family bundles starting from 69 dirhams. Dial *135*90#. Thank you for using du interactive services

26-05-2019 18:39:55 INFO [App]: Message not received for the provided USSD

26-05-2019 18:39:56 INFO [App]: XXXXXXXXXXXXXXXXXXXXXXX             -E---N---D-             XXXXXXXXXXXXXXXXXXXXXX
26-05-2019 18:39:56 INFO [App]: Starting execution at +: Recharge_More_International->USSD_Recharge->26-May-2019 18:37:22

26-05-2019 18:39:56 INFO [App]: ****************************************************************************************
26-05-2019 18:39:56 INFO [App]: ****************************************************************************************
26-05-2019 18:39:56 INFO [App]: $$$$$$$$$$$$$$$$$$$$$ TC_003 $$$$$$$$$$$$$$$$$$$$$$$$$
26-05-2019 18:39:56 INFO [App]: ****************************************************************************************
26-05-2019 18:39:56 INFO [App]: ****************************************************************************************
26-05-2019 18:40:08 INFO [App]: Confirmation alert : That voucher is already redeemed.  Please use a different voucher to recharge.

26-05-2019 18:40:25 INFO [App]: Message not received for the provided USSD

26-05-2019 18:40:27 INFO [App]: XXXXXXXXXXXXXXXXXXXXXXX             -E---N---D-             XXXXXXXXXXXXXXXXXXXXXX
