21-05-2019 14:38:17 INFO [App]: Starting execution at +: Call Home for Less->USSD_OPT_OUT->21-May-2019 14:38:15

21-05-2019 14:38:17 INFO [App]: ****************************************************************************************
21-05-2019 14:38:17 INFO [App]: ****************************************************************************************
21-05-2019 14:38:17 INFO [App]: $$$$$$$$$$$$$$$$$$$$$ TC_001 $$$$$$$$$$$$$$$$$$$$$$$$$
21-05-2019 14:38:17 INFO [App]: ****************************************************************************************
21-05-2019 14:38:17 INFO [App]: ****************************************************************************************
21-05-2019 14:38:29 INFO [App]: Entering code : 3

21-05-2019 14:38:38 INFO [App]: Confirmation alert : Thanks for using du interactive service

21-05-2019 14:39:01 INFO [App]: Message Received : As requested, you've been opted out from the New Call Home For Less promotion.

21-05-2019 14:39:06 INFO [App]: XXXXXXXXXXXXXXXXXXXXXXX             -E---N---D-             XXXXXXXXXXXXXXXXXXXXXX
21-05-2019 14:39:06 INFO [App]: Starting execution at +: 500MB+500MB Social AED55_OnceOff->USSD_OPT_IN->21-May-2019 14:38:15

21-05-2019 14:39:06 INFO [App]: ****************************************************************************************
21-05-2019 14:39:06 INFO [App]: ****************************************************************************************
21-05-2019 14:39:06 INFO [App]: $$$$$$$$$$$$$$$$$$$$$ TC_002 $$$$$$$$$$$$$$$$$$$$$$$$$
21-05-2019 14:39:06 INFO [App]: ****************************************************************************************
21-05-2019 14:39:06 INFO [App]: ****************************************************************************************
21-05-2019 14:39:20 INFO [App]: Entering code : 5

21-05-2019 14:39:29 INFO [App]: Entering code : 1

21-05-2019 14:39:38 INFO [App]: Entering code : 2

21-05-2019 14:39:48 INFO [App]: Entering code : 1

21-05-2019 14:39:58 INFO [App]: Entering code : 1

21-05-2019 14:40:08 INFO [App]: Confirmation alert : Sorry, Your Request Can't be fulfilled

21-05-2019 14:40:26 INFO [App]: Message not received for the provided USSD

21-05-2019 14:40:26 INFO [App]: XXXXXXXXXXXXXXXXXXXXXXX             -E---N---D-             XXXXXXXXXXXXXXXXXXXXXX
