29-05-2019 19:02:33 INFO [App]: Starting execution at +: 820->USSD_OPT_IN->29-May-2019 19:02:32

29-05-2019 19:02:35 INFO [App]: ****************************************************************************************
29-05-2019 19:02:35 INFO [App]: ****************************************************************************************
29-05-2019 19:02:35 INFO [App]: $$$$$$$$$$$$$$$$$$$$$ TC_001--820_USSD_OPT_IN_USSD_Long_Code $$$$$$$$$$$$$$$$$$$$$$$$$
29-05-2019 19:02:35 INFO [App]: ****************************************************************************************
29-05-2019 19:02:35 INFO [App]: ****************************************************************************************
29-05-2019 19:02:46 INFO [App]: Entering code : 6

29-05-2019 19:02:58 INFO [App]: Entering code : 2

29-05-2019 19:03:10 INFO [App]: Entering code : 1

29-05-2019 19:03:23 INFO [App]: Confirmation alert : Thanks for using du interactive service

29-05-2019 19:03:49 INFO [App]: Message Received : Test Sending message

29-05-2019 19:04:04 INFO [App]: XXXXXXXXXXXXXXXXXXXXXXX             -E---N---D-             XXXXXXXXXXXXXXXXXXXXXX
29-05-2019 19:04:04 INFO [App]: Starting execution at +: 820->USSD_OPT_OUT->29-May-2019 19:02:32

29-05-2019 19:04:09 INFO [App]: ****************************************************************************************
29-05-2019 19:04:09 INFO [App]: ****************************************************************************************
29-05-2019 19:04:09 INFO [App]: $$$$$$$$$$$$$$$$$$$$$ TC_002--820_USSD_OPT_OUT_USSD_Short_Code $$$$$$$$$$$$$$$$$$$$$$$$$
29-05-2019 19:04:09 INFO [App]: ****************************************************************************************
29-05-2019 19:04:09 INFO [App]: ****************************************************************************************
29-05-2019 19:04:21 INFO [App]: Entering code : 3

29-05-2019 19:04:34 INFO [App]: Confirmation alert : Your UnSubscription request could not be processed.Request Failed.

29-05-2019 19:04:57 INFO [App]: Message not received for the provided USSD

29-05-2019 19:05:01 INFO [App]: XXXXXXXXXXXXXXXXXXXXXXX             -E---N---D-             XXXXXXXXXXXXXXXXXXXXXX
29-05-2019 19:05:01 INFO [App]: Starting execution at +: ->USSD_Recharge->29-May-2019 19:02:32

29-05-2019 19:05:07 INFO [App]: ****************************************************************************************
29-05-2019 19:05:07 INFO [App]: ****************************************************************************************
29-05-2019 19:05:07 INFO [App]: $$$$$$$$$$$$$$$$$$$$$ TC_003--USSD_Recharge_Recharge_More_Time $$$$$$$$$$$$$$$$$$$$$$$$$
29-05-2019 19:05:07 INFO [App]: ****************************************************************************************
29-05-2019 19:05:07 INFO [App]: ****************************************************************************************
29-05-2019 19:05:20 INFO [App]: Confirmation alert : That voucher is already redeemed.  Please use a different voucher to recharge.

29-05-2019 19:05:46 INFO [App]: Message Received : Your UnSubscription request could not be processed.Request Failed.

29-05-2019 19:05:54 INFO [App]: XXXXXXXXXXXXXXXXXXXXXXX             -E---N---D-             XXXXXXXXXXXXXXXXXXXXXX
29-05-2019 19:05:54 INFO [App]: Starting execution at +: ->LIVE USAGE DATA->29-May-2019 19:02:32

29-05-2019 19:05:59 INFO [App]: ****************************************************************************************
29-05-2019 19:05:59 INFO [App]: ****************************************************************************************
29-05-2019 19:05:59 INFO [App]: $$$$$$$$$$$$$$$$$$$$$ TC_004--LIVE USAGE DATA_DATA_SOCIAL $$$$$$$$$$$$$$$$$$$$$$$$$
29-05-2019 19:05:59 INFO [App]: ****************************************************************************************
29-05-2019 19:05:59 INFO [App]: ****************************************************************************************
29-05-2019 19:06:51 INFO [App]: XXXXXXXXXXXXXXXXXXXXXXX             -E---N---D-             XXXXXXXXXXXXXXXXXXXXXX
29-05-2019 19:06:53 INFO [App]: Starting execution at +: ->LIVE USAGE VOICE->29-May-2019 19:02:32

29-05-2019 19:06:58 INFO [App]: ****************************************************************************************
29-05-2019 19:06:58 INFO [App]: ****************************************************************************************
29-05-2019 19:06:58 INFO [App]: $$$$$$$$$$$$$$$$$$$$$ TC_005--LIVE USAGE VOICE_Voice_Regular - International_Other $$$$$$$$$$$$$$$$$$$$$$$$$
29-05-2019 19:06:58 INFO [App]: ****************************************************************************************
29-05-2019 19:06:58 INFO [App]: ****************************************************************************************
29-05-2019 19:07:31 INFO [App]: XXXXXXXXXXXXXXXXXXXXXXX             -E---N---D-             XXXXXXXXXXXXXXXXXXXXXX
29-05-2019 19:07:33 INFO [App]: Starting execution at +: ->LIVE USAGE SMS->29-May-2019 19:02:32

29-05-2019 19:07:38 INFO [App]: ****************************************************************************************
29-05-2019 19:07:38 INFO [App]: ****************************************************************************************
29-05-2019 19:07:38 INFO [App]: $$$$$$$$$$$$$$$$$$$$$ TC_006-LIVE USAGE SMS_SMS_DU_TO_DU $$$$$$$$$$$$$$$$$$$$$$$$$
29-05-2019 19:07:38 INFO [App]: ****************************************************************************************
29-05-2019 19:07:38 INFO [App]: ****************************************************************************************
29-05-2019 19:13:29 INFO [App]: XXXXXXXXXXXXXXXXXXXXXXX             -E---N---D-             XXXXXXXXXXXXXXXXXXXXXX
29-05-2019 19:13:30 INFO [App]: Starting execution at +: ->P2P TRANSFER->29-May-2019 19:02:32

29-05-2019 19:13:35 INFO [App]: ****************************************************************************************
29-05-2019 19:13:35 INFO [App]: ****************************************************************************************
29-05-2019 19:13:35 INFO [App]: $$$$$$$$$$$$$$$$$$$$$ TC_007--P2P TRANSFER $$$$$$$$$$$$$$$$$$$$$$$$$
29-05-2019 19:13:35 INFO [App]: ****************************************************************************************
29-05-2019 19:13:35 INFO [App]: ****************************************************************************************
29-05-2019 19:13:47 INFO [App]: Entering code : 2

29-05-2019 19:13:58 INFO [App]: Entering code : 2

