03-07-2019 12:37:22 INFO [Asnconvertor]: Starting execution at +:03-Jul-2019 12:29:50
03-07-2019 12:37:23 INFO [Asnconvertor]: ****************************************************************************************
03-07-2019 12:37:23 INFO [Asnconvertor]: ****************************************************************************************
03-07-2019 12:37:23 INFO [Asnconvertor]: $$$$$$$$$$$$$$$$$$$$$ Parsing File meydvvmcis03_EDR_CISOnline1.csv $$$$$$$$$$$$$$$$$$$$$$$$$
03-07-2019 12:37:23 INFO [Asnconvertor]: ****************************************************************************************
03-07-2019 12:37:23 INFO [Asnconvertor]: ****************************************************************************************
03-07-2019 12:37:23 INFO [Asnconvertor]: ****************************************************************************************
03-07-2019 12:37:23 INFO [Asnconvertor]: ****************************************************************************************
03-07-2019 12:37:23 INFO [Asnconvertor]: $$$$$$$$$$$$$$$$$$$$$ Parsing File CHARGINGCDR-meytvvmocc01-190703-1117-05928.ber $$$$$$$$$$$$$$$$$$$$$$$$$
03-07-2019 12:37:23 INFO [Asnconvertor]: ****************************************************************************************
03-07-2019 12:37:23 INFO [Asnconvertor]: ****************************************************************************************
03-07-2019 12:37:24 INFO [Asnconvertor]: subscriptionIDValue = 971520001714
03-07-2019 12:37:24 INFO [Asnconvertor]: resultCode = 2001
03-07-2019 12:37:24 INFO [Asnconvertor]: triggerTime = 917030118164304000
03-07-2019 12:37:24 INFO [Asnconvertor]: nodeName = meytvvmocc01
03-07-2019 12:37:24 INFO [Asnconvertor]: serviceContextID = SCAP_V.2.0@ericsson.com
03-07-2019 12:37:24 INFO [Asnconvertor]: chargingContextID = SCAP_V.2.0@ericsson.com
03-07-2019 12:37:24 INFO [Asnconvertor]: serviceSessionID = -:1002:1
03-07-2019 12:37:24 INFO [Asnconvertor]: recordIdentificationNumber = 26AB
03-07-2019 12:37:24 INFO [Asnconvertor]: partialSequenceNumber = 0
03-07-2019 12:37:24 INFO [Asnconvertor]: lastPartialOutput = TRUE
03-07-2019 12:37:24 INFO [Asnconvertor]: subscriptionIDType = endUserE164
03-07-2019 12:37:24 INFO [Asnconvertor]: subscriptionIDValue = 971520001714
03-07-2019 12:37:24 INFO [Asnconvertor]: sessionId = 2533658328608
03-07-2019 12:37:24 INFO [Asnconvertor]: lastPartialOutput = TRUE
03-07-2019 12:37:24 INFO [Asnconvertor]: ccRequestNumber = 1
03-07-2019 12:37:24 INFO [Asnconvertor]: originRealm = 6369732E636F6D
03-07-2019 12:37:24 INFO [Asnconvertor]: originHost = 31302E39352E3231342E313337
03-07-2019 12:37:24 INFO [Asnconvertor]: serviceIdentifier = 1002
03-07-2019 12:37:24 INFO [Asnconvertor]: tariffChangeUsage = before
03-07-2019 12:37:24 INFO [Asnconvertor]: eventTime = 32303139303730333131313733372B30343030
03-07-2019 12:37:24 INFO [Asnconvertor]: triggerTime = 32303139303730333131313834362B30343030
03-07-2019 12:37:24 INFO [Asnconvertor]: serviceScenario = mobileOriginating
03-07-2019 12:37:24 INFO [Asnconvertor]: roamingPosition = insideHPLMN
03-07-2019 12:37:24 INFO [Asnconvertor]: servedAccount = 81795102007141
03-07-2019 12:37:24 INFO [Asnconvertor]: serviceClassID = 1006
03-07-2019 12:37:24 INFO [Asnconvertor]: accountGroupID = 0
03-07-2019 12:37:24 INFO [Asnconvertor]: accountValueBefore = 
                        0
                        6
                        784
                     
03-07-2019 12:37:24 INFO [Asnconvertor]: amount = 0
03-07-2019 12:37:24 INFO [Asnconvertor]: decimals = 6
03-07-2019 12:37:24 INFO [Asnconvertor]: currency = 784
03-07-2019 12:37:24 INFO [Asnconvertor]: accountValueAfter = 
                        0
                        6
                        784
                     
03-07-2019 12:37:24 INFO [Asnconvertor]: amount = 0
03-07-2019 12:37:24 INFO [Asnconvertor]: decimals = 6
03-07-2019 12:37:24 INFO [Asnconvertor]: currency = 784
03-07-2019 12:37:24 INFO [Asnconvertor]: accumulatorID = 61
03-07-2019 12:37:24 INFO [Asnconvertor]: accumulatorChange = 0
03-07-2019 12:37:24 INFO [Asnconvertor]: accumulatorAfter = 1
03-07-2019 12:37:24 INFO [Asnconvertor]: accumulatorBeforeSession = 1
03-07-2019 12:37:25 INFO [Asnconvertor]: ****************************************************************************************
03-07-2019 12:37:25 INFO [Asnconvertor]: ****************************************************************************************
03-07-2019 12:37:25 INFO [Asnconvertor]: $$$$$$$$$$$$$$$$$$$$$ Parsing File SDPOUTPUTCDR_4001_meytvvmsdp01_SUB_5252_20190703-123255.ASN $$$$$$$$$$$$$$$$$$$$$$$$$
03-07-2019 12:37:25 INFO [Asnconvertor]: ****************************************************************************************
03-07-2019 12:37:25 INFO [Asnconvertor]: ****************************************************************************************
03-07-2019 12:37:28 INFO [App]: XXXXXXXXXXXXXXXXXXXXXXX             -E---N---D-             XXXXXXXXXXXXXXXXXXXXXX
03-07-2019 12:37:29 INFO [App]: XXXXXXXXXXXXXXXXXXXXXXX             -E---N---D-             XXXXXXXXXXXXXXXXXXXXXX
03-07-2019 12:37:29 INFO [App]: XXXXXXXXXXXXXXXXXXXXXXX             -E---N---D-             XXXXXXXXXXXXXXXXXXXXXX
03-07-2019 12:37:29 INFO [App]: XXXXXXXXXXXXXXXXXXXXXXX             -E---N---D-             XXXXXXXXXXXXXXXXXXXXXX
