27-06-2019 10:43:58 INFO [APIparam]: Starting execution at +:27-Jun-2019 10:43:58
27-06-2019 10:44:00 INFO [APIparam]: ****************************************************************************************
27-06-2019 10:44:00 INFO [APIparam]: ****************************************************************************************
27-06-2019 10:44:00 INFO [APIparam]: $$$$$$$$$$$$$$$$$$$$$ TC_001 $$$$$$$$$$$$$$$$$$$$$$$$$
27-06-2019 10:44:00 INFO [APIparam]: ****************************************************************************************
27-06-2019 10:44:00 INFO [APIparam]: ****************************************************************************************
27-06-2019 10:44:00 INFO [APIparam]: Firing Request: GetAccountDetails
27-06-2019 10:44:00 INFO [APIparam]: originNodeType : EXT
27-06-2019 10:44:00 INFO [APIparam]: originHostName : meydvvmnmt02menalabcorplocal
27-06-2019 10:44:00 INFO [APIparam]: subscriberNumberNAI : 1
27-06-2019 10:44:00 INFO [APIparam]: negotiatedCapabilities : 268763332
27-06-2019 10:44:00 INFO [APIparam]: subscriberNumber : 971520001714
27-06-2019 10:44:00 INFO [APIparam]: request Fired:<?xml version="1.0" encoding="iso-8859-1"?><methodCall><methodName>GetAccountDetails</methodName><params> <param>  <value>   <struct>    <member>     <name>originNodeType</name>     <value>      <string>EXT</string>     </value>    </member>    <member>     <name>originHostName</name>     <value>      <string>meydvvmnmt02menalabcorplocal</string>     </value>    </member>    <member>     <name>originTransactionID</name>     <value>      <string>2019062710435843</string>     </value>    </member>    <member>     <name>originTimeStamp</name>     <value>      <dateTime.iso8601>20190627T10:43:58+0000</dateTime.iso8601>     </value>    </member>    <member>     <name>subscriberNumberNAI</name>     <value>      <int>1</int>     </value>    </member>    <member>     <name>negotiatedCapabilities</name>     <value>      <array>       <data>        <value>         <int>268763332</int>        </value>       </data>      </array>     </value>    </member>    <member>     <name>subscriberNumber</name>     <value>      <string>971520001714</string>     </value>    </member>   </struct>  </value> </param></params></methodCall>
27-06-2019 10:44:02 INFO [APIparam]: Response Code  :200
27-06-2019 10:44:02 INFO [APIparam]: Response Header  :Date=Thu, 27 Jun 2019 06:42:39 GMT
X-Powered-By=Ericsson
Server=meytvvmair01.menalab.corp.local
Set-Cookie=JSESSIONID=pgs5x2q95ibb1nsskavgu8ct1;Path=/
Expires=Thu, 01 Jan 1970 00:00:00 GMT
Content-Type=text/xml
Content-Length=13055
27-06-2019 10:44:02 INFO [APIparam]: Response   :<?xml version="1.0" encoding="ISO-8859-1"?><methodResponse><params><param><value><struct><member><name>accountFlags</name><value><struct><member><name>activationStatusFlag</name><value><boolean>1</boolean></value></member><member><name>negativeBarringStatusFlag</name><value><boolean>0</boolean></value></member><member><name>serviceFeePeriodExpiryFlag</name><value><boolean>0</boolean></value></member><member><name>serviceFeePeriodWarningActiveFlag</name><value><boolean>0</boolean></value></member><member><name>supervisionPeriodExpiryFlag</name><value><boolean>0</boolean></value></member><member><name>supervisionPeriodWarningActiveFlag</name><value><boolean>0</boolean></value></member></struct></value></member><member><name>accountFlagsBefore</name><value><struct><member><name>activationStatusFlag</name><value><boolean>1</boolean></value></member><member><name>negativeBarringStatusFlag</name><value><boolean>0</boolean></value></member><member><name>serviceFeePeriodExpiryFlag</name><value><boolean>0</boolean></value></member><member><name>serviceFeePeriodWarningActiveFlag</name><value><boolean>0</boolean></value></member><member><name>supervisionPeriodExpiryFlag</name><value><boolean>0</boolean></value></member><member><name>supervisionPeriodWarningActiveFlag</name><value><boolean>0</boolean></value></member></struct></value></member><member><name>accountGroupID</name><value><i4>0</i4></value></member><member><name>activationDate</name><value><dateTime.iso8601>20190627T12:00:00+0000</dateTime.iso8601></value></member><member><name>availableServerCapabilities</name><value><array><data><value><i4>939860676</i4></value><value><i4>10028</i4></value></data></array></value></member><member><name>creditClearanceDate</name><value><dateTime.iso8601>20200925T12:00:00+0000</dateTime.iso8601></value></member><member><name>creditClearancePeriod</name><value><i4>91</i4></value></member><member><name>firstIVRCallFlag</name><value><boolean>1</boolean></value></member><member><name>languageIDCurrent</name><value><i4>2</i4></value></member><member><name>masterAccountNumber</name><value><string>971520001714</string></value></member><member><name>masterSubscriberFlag</name><value><boolean>1</boolean></value></member><member><name>maxServiceFeePeriod</name><value><i4>999</i4></value></member><member><name>maxSupervisionPeriod</name><value><i4>999</i4></value></member><member><name>negotiatedCapabilities</name><value><array><data><value><i4>268763332</i4></value></data></array></value></member><member><name>offerInformationList</name><value><array><data><value><struct><member><name>expiryDateTime</name><value><dateTime.iso8601>99991231T12:00:00+0000</dateTime.iso8601></value></member><member><name>offerID</name><value><i4>58</i4></value></member><member><name>offerState</name><value><i4>0</i4></value></member><member><name>offerType</name><value><i4>2</i4></value></member><member><name>productID</name><value><i4>2</i4></value></member><member><name>startDateTime</name><value><dateTime.iso8601>20190627T10:34:40+0400</dateTime.iso8601></value></member></struct></value><value><struct><member><name>expiryDateTime</name><value><dateTime.iso8601>99991231T12:00:00+0000</dateTime.iso8601></value></member><member><name>offerID</name><value><i4>100</i4></value></member><member><name>offerState</name><value><i4>0</i4></value></member><member><name>offerType</name><value><i4>2</i4></value></member><member><name>startDateTime</name><value><dateTime.iso8601>20190626T18:26:54+0400</dateTime.iso8601></value></member></struct></value><value><struct><member><name>dedicatedAccountInformation</name><value><array><data><value><struct><member><name>dedicatedAccountActiveValue1</name><value><string>120</string></value></member><member><name>dedicatedAccountID</name><value><i4>256</i4></value></member><member><name>dedicatedAccountUnitType</name><value><i4>0</i4></value></member><member><name>dedicatedAccountValue1</name><value><string>120</string></value></member></struct></value></data></array></value></member><member><name>expiryDateTime</name><value><dateTime.iso8601>20190628T10:34:08+0400</dateTime.iso8601></value></member><member><name>offerID</name><value><i4>256</i4></value></member><member><name>offerState</name><value><i4>0</i4></value></member><member><name>offerType</name><value><i4>2</i4></value></member><member><name>productID</name><value><i4>1</i4></value></member><member><name>startDateTime</name><value><dateTime.iso8601>20190627T10:34:08+0400</dateTime.iso8601></value></member></struct></value><value><struct><member><name>expiryDateTime</name><value><dateTime.iso8601>99991231T12:00:00+0000</dateTime.iso8601></value></member><member><name>offerID</name><value><i4>504</i4></value></member><member><name>offerState</name><value><i4>0</i4></value></member><member><name>offerType</name><value><i4>2</i4></value></member><member><name>startDateTime</name><value><dateTime.iso8601>20190627T10:34:08+0400</dateTime.iso8601></value></member></struct></value><value><struct><member><name>expiryDateTime</name><value><dateTime.iso8601>99991231T12:00:00+0000</dateTime.iso8601></value></member><member><name>offerID</name><value><i4>4011</i4></value></member><member><name>offerState</name><value><i4>0</i4></value></member><member><name>offerType</name><value><i4>2</i4></value></member><member><name>startDateTime</name><value><dateTime.iso8601>20190627T10:34:08+0400</dateTime.iso8601></value></member></struct></value><value><struct><member><name>expiryDateTime</name><value><dateTime.iso8601>20200626T10:34:08+0400</dateTime.iso8601></value></member><member><name>offerID</name><value><i4>4804</i4></value></member><member><name>offerState</name><value><i4>0</i4></value></member><member><name>offerType</name><value><i4>2</i4></value></member><member><name>startDateTime</name><value><dateTime.iso8601>20190627T10:34:08+0400</dateTime.iso8601></value></member></struct></value></data></array></value></member><member><name>originTransactionID</name><value><string>2019062710435843</string></value></member><member><name>responseCode</name><value><i4>0</i4></value></member><member><name>serviceClassCurrent</name><value><i4>1001</i4></value></member><member><name>serviceFeeExpiryDate</name><value><dateTime.iso8601>20200726T12:00:00+0000</dateTime.iso8601></value></member><member><name>serviceFeePeriod</name><value><i4>395</i4></value></member><member><name>serviceOfferings</name><value><array><data><value><struct><member><name>serviceOfferingActiveFlag</name><value><boolean>0</boolean></value></member><member><name>serviceOfferingID</name><value><i4>1</i4></value></member></struct></value><value><struct><member><name>serviceOfferingActiveFlag</name><value><boolean>0</boolean></value></member><member><name>serviceOfferingID</name><value><i4>2</i4></value></member></struct></value><value><struct><member><name>serviceOfferingActiveFlag</name><value><boolean>0</boolean></value></member><member><name>serviceOfferingID</name><value><i4>3</i4></value></member></struct></value><value><struct><member><name>serviceOfferingActiveFlag</name><value><boolean>0</boolean></value></member><member><name>serviceOfferingID</name><value><i4>4</i4></value></member></struct></value><value><struct><member><name>serviceOfferingActiveFlag</name><value><boolean>0</boolean></value></member><member><name>serviceOfferingID</name><value><i4>5</i4></value></member></struct></value><value><struct><member><name>serviceOfferingActiveFlag</name><value><boolean>0</boolean></value></member><member><name>serviceOfferingID</name><value><i4>6</i4></value></member></struct></value><value><struct><member><name>serviceOfferingActiveFlag</name><value><boolean>0</boolean></value></member><member><name>serviceOfferingID</name><value><i4>7</i4></value></member></struct></value><value><struct><member><name>serviceOfferingActiveFlag</name><value><boolean>0</boolean></value></member><member><name>serviceOfferingID</name><value><i4>8</i4></value></member></struct></value><value><struct><member><name>serviceOfferingActiveFlag</name><value><boolean>0</boolean></value></member><member><name>serviceOfferingID</name><value><i4>9</i4></value></member></struct></value><value><struct><member><name>serviceOfferingActiveFlag</name><value><boolean>0</boolean></value></member><member><name>serviceOfferingID</name><value><i4>10</i4></value></member></struct></value><value><struct><member><name>serviceOfferingActiveFlag</name><value><boolean>0</boolean></value></member><member><name>serviceOfferingID</name><value><i4>11</i4></value></member></struct></value><value><struct><member><name>serviceOfferingActiveFlag</name><value><boolean>0</boolean></value></member><member><name>serviceOfferingID</name><value><i4>12</i4></value></member></struct></value><value><struct><member><name>serviceOfferingActiveFlag</name><value><boolean>0</boolean></value></member><member><name>serviceOfferingID</name><value><i4>13</i4></value></member></struct></value><value><struct><member><name>serviceOfferingActiveFlag</name><value><boolean>0</boolean></value></member><member><name>serviceOfferingID</name><value><i4>14</i4></value></member></struct></value><value><struct><member><name>serviceOfferingActiveFlag</name><value><boolean>0</boolean></value></member><member><name>serviceOfferingID</name><value><i4>15</i4></value></member></struct></value><value><struct><member><name>serviceOfferingActiveFlag</name><value><boolean>0</boolean></value></member><member><name>serviceOfferingID</name><value><i4>16</i4></value></member></struct></value><value><struct><member><name>serviceOfferingActiveFlag</name><value><boolean>0</boolean></value></member><member><name>serviceOfferingID</name><value><i4>17</i4></value></member></struct></value><value><struct><member><name>serviceOfferingActiveFlag</name><value><boolean>0</boolean></value></member><member><name>serviceOfferingID</name><value><i4>18</i4></value></member></struct></value><value><struct><member><name>serviceOfferingActiveFlag</name><value><boolean>0</boolean></value></member><member><name>serviceOfferingID</name><value><i4>19</i4></value></member></struct></value><value><struct><member><name>serviceOfferingActiveFlag</name><value><boolean>0</boolean></value></member><member><name>serviceOfferingID</name><value><i4>20</i4></value></member></struct></value><value><struct><member><name>serviceOfferingActiveFlag</name><value><boolean>0</boolean></value></member><member><name>serviceOfferingID</name><value><i4>21</i4></value></member></struct></value><value><struct><member><name>serviceOfferingActiveFlag</name><value><boolean>0</boolean></value></member><member><name>serviceOfferingID</name><value><i4>22</i4></value></member></struct></value><value><struct><member><name>serviceOfferingActiveFlag</name><value><boolean>0</boolean></value></member><member><name>serviceOfferingID</name><value><i4>23</i4></value></member></struct></value><value><struct><member><name>serviceOfferingActiveFlag</name><value><boolean>0</boolean></value></member><member><name>serviceOfferingID</name><value><i4>24</i4></value></member></struct></value><value><struct><member><name>serviceOfferingActiveFlag</name><value><boolean>0</boolean></value></member><member><name>serviceOfferingID</name><value><i4>25</i4></value></member></struct></value><value><struct><member><name>serviceOfferingActiveFlag</name><value><boolean>0</boolean></value></member><member><name>serviceOfferingID</name><value><i4>26</i4></value></member></struct></value><value><struct><member><name>serviceOfferingActiveFlag</name><value><boolean>0</boolean></value></member><member><name>serviceOfferingID</name><value><i4>27</i4></value></member></struct></value><value><struct><member><name>serviceOfferingActiveFlag</name><value><boolean>0</boolean></value></member><member><name>serviceOfferingID</name><value><i4>28</i4></value></member></struct></value><value><struct><member><name>serviceOfferingActiveFlag</name><value><boolean>0</boolean></value></member><member><name>serviceOfferingID</name><value><i4>29</i4></value></member></struct></value><value><struct><member><name>serviceOfferingActiveFlag</name><value><boolean>0</boolean></value></member><member><name>serviceOfferingID</name><value><i4>30</i4></value></member></struct></value><value><struct><member><name>serviceOfferingActiveFlag</name><value><boolean>0</boolean></value></member><member><name>serviceOfferingID</name><value><i4>31</i4></value></member></struct></value></data></array></value></member><member><name>serviceRemovalDate</name><value><dateTime.iso8601>20200925T12:00:00+0000</dateTime.iso8601></value></member><member><name>serviceRemovalPeriod</name><value><i4>61</i4></value></member><member><name>supervisionExpiryDate</name><value><dateTime.iso8601>20200626T12:00:00+0000</dateTime.iso8601></value></member><member><name>supervisionPeriod</name><value><i4>365</i4></value></member><member><name>ussdEndOfCallNotificationID</name><value><i4>1</i4></value></member></struct></value></param></params></methodResponse>
27-06-2019 10:44:02 INFO [APIparam]: XXXXXXXXXXXXXXXXXXXXXXX             -E---N---D-             XXXXXXXXXXXXXXXXXXXXXX
27-06-2019 10:44:02 INFO [APIparam]: ****************************************************************************************
27-06-2019 10:44:02 INFO [APIparam]: ****************************************************************************************
27-06-2019 10:44:02 INFO [APIparam]: $$$$$$$$$$$$$$$$$$$$$ TC_002 $$$$$$$$$$$$$$$$$$$$$$$$$
27-06-2019 10:44:02 INFO [APIparam]: ****************************************************************************************
27-06-2019 10:44:02 INFO [APIparam]: ****************************************************************************************
27-06-2019 10:44:02 INFO [APIparam]: Firing Request: GetOffers
27-06-2019 10:44:02 INFO [APIparam]: originNodeType : EXT
27-06-2019 10:44:02 INFO [APIparam]: originHostName : meydvvmnmt02menalabcorplocal
27-06-2019 10:44:02 INFO [APIparam]: subscriberNumberNAI : 1
27-06-2019 10:44:02 INFO [APIparam]: negotiatedCapabilities : 268763332
27-06-2019 10:44:02 INFO [APIparam]: requestInactiveOffersFlag : 1
27-06-2019 10:44:02 INFO [APIparam]: offerRequestedTypeFlag : 11111000
27-06-2019 10:44:02 INFO [APIparam]: subscriberNumber : 971520001714
27-06-2019 10:44:02 INFO [APIparam]: request Fired:<?xml version="1.0" encoding="iso-8859-1"?><methodCall><methodName>GetOffers</methodName><params> <param>  <value>   <struct>    <member>     <name>originNodeType</name>     <value>      <string>EXT</string>     </value>    </member>    <member>     <name>originHostName</name>     <value>      <string>meydvvmnmt02menalabcorplocal</string>     </value>    </member>    <member>     <name>originTransactionID</name>     <value>      <string>2019062710435843</string>     </value>    </member>    <member>     <name>originTimeStamp</name>     <value>      <dateTime.iso8601>20190627T10:43:58+0000</dateTime.iso8601>     </value>    </member>    <member>     <name>subscriberNumberNAI</name>     <value>      <int>1</int>     </value>    </member>    <member>     <name>requestInactiveOffersFlag</name>     <value>      <boolean>1</boolean>     </value>    </member>    <member>     <name>offerRequestedTypeFlag</name>     <value>      <string>11111000</string>     </value>    </member>    <member>     <name>negotiatedCapabilities</name>     <value>      <array>       <data>        <value>         <int>268763332</int>        </value>       </data>      </array>     </value>    </member>    <member>     <name>subscriberNumber</name>     <value>      <string>971520001714</string>     </value>    </member>   </struct>  </value> </param></params></methodCall>
27-06-2019 10:44:02 INFO [APIparam]: Response Code  :200
27-06-2019 10:44:02 INFO [APIparam]: Response Header  :Date=Thu, 27 Jun 2019 06:42:40 GMT
X-Powered-By=Ericsson
Server=meytvvmair01.menalab.corp.local
Set-Cookie=JSESSIONID=xkqo11k3m63i1jv8azj3ed1dv;Path=/
Expires=Thu, 01 Jan 1970 00:00:00 GMT
Content-Type=text/xml
Content-Length=3572
27-06-2019 10:44:02 INFO [APIparam]: Response   :<?xml version="1.0" encoding="ISO-8859-1"?><methodResponse><params><param><value><struct><member><name>availableServerCapabilities</name><value><array><data><value><i4>939860676</i4></value><value><i4>10028</i4></value></data></array></value></member><member><name>negotiatedCapabilities</name><value><array><data><value><i4>268763332</i4></value></data></array></value></member><member><name>offerInformation</name><value><array><data><value><struct><member><name>expiryDateTime</name><value><dateTime.iso8601>99991231T12:00:00+0000</dateTime.iso8601></value></member><member><name>offerID</name><value><i4>58</i4></value></member><member><name>offerState</name><value><i4>0</i4></value></member><member><name>offerType</name><value><i4>2</i4></value></member><member><name>productID</name><value><i4>2</i4></value></member><member><name>startDateTime</name><value><dateTime.iso8601>20190627T10:34:40+0400</dateTime.iso8601></value></member></struct></value><value><struct><member><name>expiryDateTime</name><value><dateTime.iso8601>99991231T12:00:00+0000</dateTime.iso8601></value></member><member><name>offerID</name><value><i4>100</i4></value></member><member><name>offerState</name><value><i4>0</i4></value></member><member><name>offerType</name><value><i4>2</i4></value></member><member><name>startDateTime</name><value><dateTime.iso8601>20190626T18:26:54+0400</dateTime.iso8601></value></member></struct></value><value><struct><member><name>expiryDateTime</name><value><dateTime.iso8601>20190628T10:34:08+0400</dateTime.iso8601></value></member><member><name>offerID</name><value><i4>256</i4></value></member><member><name>offerState</name><value><i4>0</i4></value></member><member><name>offerType</name><value><i4>2</i4></value></member><member><name>productID</name><value><i4>1</i4></value></member><member><name>startDateTime</name><value><dateTime.iso8601>20190627T10:34:08+0400</dateTime.iso8601></value></member></struct></value><value><struct><member><name>expiryDateTime</name><value><dateTime.iso8601>99991231T12:00:00+0000</dateTime.iso8601></value></member><member><name>offerID</name><value><i4>504</i4></value></member><member><name>offerState</name><value><i4>0</i4></value></member><member><name>offerType</name><value><i4>2</i4></value></member><member><name>startDateTime</name><value><dateTime.iso8601>20190627T10:34:08+0400</dateTime.iso8601></value></member></struct></value><value><struct><member><name>expiryDateTime</name><value><dateTime.iso8601>99991231T12:00:00+0000</dateTime.iso8601></value></member><member><name>offerID</name><value><i4>4011</i4></value></member><member><name>offerState</name><value><i4>0</i4></value></member><member><name>offerType</name><value><i4>2</i4></value></member><member><name>startDateTime</name><value><dateTime.iso8601>20190627T10:34:08+0400</dateTime.iso8601></value></member></struct></value><value><struct><member><name>expiryDateTime</name><value><dateTime.iso8601>20200626T10:34:08+0400</dateTime.iso8601></value></member><member><name>offerID</name><value><i4>4804</i4></value></member><member><name>offerState</name><value><i4>0</i4></value></member><member><name>offerType</name><value><i4>2</i4></value></member><member><name>startDateTime</name><value><dateTime.iso8601>20190627T10:34:08+0400</dateTime.iso8601></value></member></struct></value></data></array></value></member><member><name>originTransactionID</name><value><string>2019062710435843</string></value></member><member><name>responseCode</name><value><i4>0</i4></value></member></struct></value></param></params></methodResponse>
27-06-2019 10:44:02 INFO [APIparam]: XXXXXXXXXXXXXXXXXXXXXXX             -E---N---D-             XXXXXXXXXXXXXXXXXXXXXX
27-06-2019 10:44:02 INFO [APIparam]: ****************************************************************************************
27-06-2019 10:44:02 INFO [APIparam]: ****************************************************************************************
27-06-2019 10:44:02 INFO [APIparam]: $$$$$$$$$$$$$$$$$$$$$ TC_003 $$$$$$$$$$$$$$$$$$$$$$$$$
27-06-2019 10:44:02 INFO [APIparam]: ****************************************************************************************
27-06-2019 10:44:02 INFO [APIparam]: ****************************************************************************************
27-06-2019 10:44:02 INFO [APIparam]: Firing Request: DeleteOffer
27-06-2019 10:44:02 INFO [APIparam]: originNodeType : EXT
27-06-2019 10:44:02 INFO [APIparam]: originHostName : meydvvmnmt02menalabcorplocal
27-06-2019 10:44:02 INFO [APIparam]: subscriberNumberNAI : 1
27-06-2019 10:44:02 INFO [APIparam]: negotiatedCapabilities : 268763332
27-06-2019 10:44:02 INFO [APIparam]: subscriberNumber : 971520001714
27-06-2019 10:44:03 INFO [APIparam]: offerID : 1001
27-06-2019 10:44:03 INFO [APIparam]: request Fired:<?xml version="1.0" encoding="iso-8859-1"?><methodCall><methodName>DeleteOffer</methodName><params> <param>  <value>   <struct>    <member>     <name>originNodeType</name>     <value>      <string>EXT</string>     </value>    </member>    <member>     <name>originHostName</name>     <value>      <string>meydvvmnmt02menalabcorplocal</string>     </value>    </member>    <member>     <name>originTransactionID</name>     <value>      <string>2019062710435843</string>     </value>    </member>    <member>     <name>originTimeStamp</name>     <value>      <dateTime.iso8601>20190627T10:43:58+0000</dateTime.iso8601>     </value>    </member>    <member>     <name>negotiatedCapabilities</name>     <value>      <array>       <data>        <value>         <int>268763332</int>        </value>       </data>      </array>     </value>    </member>    <member>     <name>subscriberNumberNAI</name>     <value>      <int>1</int>     </value>    </member>    <member>     <name>subscriberNumber</name>     <value>      <string>971520001714</string>     </value>    </member>    <member>     <name>offerID</name>     <value>      <int>1001</int>     </value>    </member>   </struct>  </value> </param></params></methodCall>
27-06-2019 10:44:03 INFO [APIparam]: Response Code  :200
27-06-2019 10:44:03 INFO [APIparam]: Response Header  :Date=Thu, 27 Jun 2019 06:42:40 GMT
X-Powered-By=Ericsson
Server=meytvvmair01.menalab.corp.local
Set-Cookie=JSESSIONID=9ax4rmv1lijr1bogjihhp13ao;Path=/
Expires=Thu, 01 Jan 1970 00:00:00 GMT
Content-Type=text/xml
Content-Length=596
27-06-2019 10:44:03 INFO [APIparam]: Response   :<?xml version="1.0" encoding="ISO-8859-1"?><methodResponse><params><param><value><struct><member><name>availableServerCapabilities</name><value><array><data><value><i4>939860676</i4></value><value><i4>10028</i4></value></data></array></value></member><member><name>negotiatedCapabilities</name><value><array><data><value><i4>268763332</i4></value></data></array></value></member><member><name>originTransactionID</name><value><string>2019062710435843</string></value></member><member><name>responseCode</name><value><i4>165</i4></value></member></struct></value></param></params></methodResponse>
27-06-2019 10:44:03 INFO [APIparam]: XXXXXXXXXXXXXXXXXXXXXXX             -E---N---D-             XXXXXXXXXXXXXXXXXXXXXX
27-06-2019 10:44:03 INFO [APIparam]: ****************************************************************************************
27-06-2019 10:44:03 INFO [APIparam]: ****************************************************************************************
27-06-2019 10:44:03 INFO [APIparam]: $$$$$$$$$$$$$$$$$$$$$ TC_004 $$$$$$$$$$$$$$$$$$$$$$$$$
27-06-2019 10:44:03 INFO [APIparam]: ****************************************************************************************
27-06-2019 10:44:03 INFO [APIparam]: ****************************************************************************************
27-06-2019 10:44:03 INFO [APIparam]: Firing Request: UpdateOffer
27-06-2019 10:44:03 INFO [APIparam]: originNodeType : EXT
27-06-2019 10:44:03 INFO [APIparam]: originHostName : meydvvmnmt02menalabcorplocal
27-06-2019 10:44:03 INFO [APIparam]: subscriberNumberNAI : 1
27-06-2019 10:44:03 INFO [APIparam]: negotiatedCapabilities : 268763332
27-06-2019 10:44:03 INFO [APIparam]: subscriberNumber : 971520001714
27-06-2019 10:44:03 INFO [APIparam]: offerID : 351
27-06-2019 10:44:03 INFO [APIparam]: request Fired:<?xml version="1.0" encoding="iso-8859-1"?><methodCall><methodName>UpdateOffer</methodName><params> <param>  <value>   <struct>    <member>     <name>originNodeType</name>     <value>      <string>EXT</string>     </value>    </member>    <member>     <name>originHostName</name>     <value>      <string>meydvvmnmt02menalabcorplocal</string>     </value>    </member>    <member>     <name>originTransactionID</name>     <value>      <string>2019062710435843</string>     </value>    </member>    <member>     <name>originTimeStamp</name>     <value>      <dateTime.iso8601>20190627T10:43:58+0000</dateTime.iso8601>     </value>    </member>    <member>     <name>subscriberNumberNAI</name>     <value>      <int>1</int>     </value>    </member>    <member>     <name>negotiatedCapabilities</name>     <value>      <array>       <data>        <value>         <int>268763332</int>        </value>       </data>      </array>     </value>    </member>    <member>     <name>subscriberNumber</name>     <value>      <string>971520001714</string>     </value>    </member>    <member>     <name>offerID</name>     <value>      <int>351</int>     </value>    </member>   </struct>  </value> </param></params></methodCall>
27-06-2019 10:44:03 INFO [APIparam]: Response Code  :200
27-06-2019 10:44:03 INFO [APIparam]: Response Header  :Date=Thu, 27 Jun 2019 06:42:40 GMT
X-Powered-By=Ericsson
Server=meytvvmair01.menalab.corp.local
Set-Cookie=JSESSIONID=1rxwd1v0d32d6zlizmgc4mih1;Path=/
Expires=Thu, 01 Jan 1970 00:00:00 GMT
Content-Type=text/xml
Content-Length=1331
27-06-2019 10:44:03 INFO [APIparam]: Response   :<?xml version="1.0" encoding="ISO-8859-1"?><methodResponse><params><param><value><struct><member><name>attributeInformationList</name><value><array><data><value><struct><member><name>attributeName</name><value><string>DA_351</string></value></member><member><name>attributeSource</name><value><i4>1</i4></value></member><member><name>attributeValueString</name><value><string>0</string></value></member></struct></value></data></array></value></member><member><name>availableServerCapabilities</name><value><array><data><value><i4>939860676</i4></value><value><i4>10028</i4></value></data></array></value></member><member><name>negotiatedCapabilities</name><value><array><data><value><i4>268763332</i4></value></data></array></value></member><member><name>offerID</name><value><i4>351</i4></value></member><member><name>offerState</name><value><i4>0</i4></value></member><member><name>offerType</name><value><i4>2</i4></value></member><member><name>originTransactionID</name><value><string>2019062710435843</string></value></member><member><name>productID</name><value><i4>3</i4></value></member><member><name>responseCode</name><value><i4>0</i4></value></member><member><name>startDateTime</name><value><dateTime.iso8601>20190627T10:42:40+0400</dateTime.iso8601></value></member></struct></value></param></params></methodResponse>
27-06-2019 10:44:03 INFO [APIparam]: XXXXXXXXXXXXXXXXXXXXXXX             -E---N---D-             XXXXXXXXXXXXXXXXXXXXXX
27-06-2019 10:44:03 INFO [APIparam]: ****************************************************************************************
27-06-2019 10:44:03 INFO [APIparam]: ****************************************************************************************
27-06-2019 10:44:03 INFO [APIparam]: $$$$$$$$$$$$$$$$$$$$$ TC_005 $$$$$$$$$$$$$$$$$$$$$$$$$
27-06-2019 10:44:03 INFO [APIparam]: ****************************************************************************************
27-06-2019 10:44:03 INFO [APIparam]: ****************************************************************************************
27-06-2019 10:44:03 INFO [APIparam]: Firing Request: UpdateDA
27-06-2019 10:44:03 INFO [APIparam]: originNodeType : EXT
27-06-2019 10:44:03 INFO [APIparam]: originHostName : meydvvmnmt02menalabcorplocal
27-06-2019 10:44:03 INFO [APIparam]: subscriberNumberNAI : 1
27-06-2019 10:44:03 INFO [APIparam]: negotiatedCapabilities : 268763332
27-06-2019 10:44:03 INFO [APIparam]: subscriberNumber : 971520001714
27-06-2019 10:44:03 INFO [APIparam]: transactionCurrency : AED
27-06-2019 10:44:03 INFO [APIparam]: dedicatedAccountID : 1
27-06-2019 10:44:03 INFO [APIparam]: adjustmentAmountRelative : 100000
27-06-2019 10:44:03 INFO [APIparam]: dedicatedAccountUnitType : 1
27-06-2019 10:44:03 INFO [APIparam]: request Fired:<?xml version="1.0" encoding="iso-8859-1"?><methodCall><methodName>UpdateBalanceAndDate</methodName><params> <param>  <value>   <struct>    <member>     <name>originNodeType</name>     <value>      <string>EXT</string>     </value>    </member>    <member>     <name>originHostName</name>     <value>      <string>meydvvmnmt02menalabcorplocal</string>     </value>    </member>    <member>     <name>originTransactionID</name>     <value>      <string>2019062710435843</string>     </value>    </member>    <member>     <name>originTimeStamp</name>     <value>      <dateTime.iso8601>20190627T10:43:58+0000</dateTime.iso8601>     </value>    </member>    <member>     <name>subscriberNumberNAI</name>     <value>      <int>1</int>     </value>    </member>    <member>     <name>negotiatedCapabilities</name>     <value>      <array>       <data>        <value>         <int>268763332</int>        </value>       </data>      </array>     </value>    </member>    <member>     <name>subscriberNumber</name>     <value>      <string>971520001714</string>     </value>    </member>    <member>     <name>transactionCurrency</name>     <value>      <string>AED</string>     </value>    </member>    <member>     <name>dedicatedAccountUpdateInformation</name>     <value>      <array>       <data>        <value>         <struct>          <member>           <name>dedicatedAccountID</name>           <value>            <int>1</int>           </value>          </member>          <member>           <name>adjustmentAmountRelative</name>           <value>            <string>100000</string>           </value>          </member>          <member>           <name>dedicatedAccountUnitType</name>           <value>            <int>1</int>           </value>          </member>         </struct>        </value>       </data>      </array>     </value>    </member>   </struct>  </value> </param></params></methodCall>
27-06-2019 10:44:03 INFO [APIparam]: Response Code  :200
27-06-2019 10:44:03 INFO [APIparam]: Response Header  :Date=Thu, 27 Jun 2019 06:42:40 GMT
X-Powered-By=Ericsson
Server=meytvvmair01.menalab.corp.local
Set-Cookie=JSESSIONID=mg1gnw9etjzlz15vdtse0ybd;Path=/
Expires=Thu, 01 Jan 1970 00:00:00 GMT
Content-Type=text/xml
Content-Length=2413
27-06-2019 10:44:03 INFO [APIparam]: Response   :<?xml version="1.0" encoding="ISO-8859-1"?><methodResponse><params><param><value><struct><member><name>accountFlagsAfter</name><value><struct><member><name>activationStatusFlag</name><value><boolean>1</boolean></value></member><member><name>negativeBarringStatusFlag</name><value><boolean>0</boolean></value></member><member><name>serviceFeePeriodExpiryFlag</name><value><boolean>0</boolean></value></member><member><name>serviceFeePeriodWarningActiveFlag</name><value><boolean>0</boolean></value></member><member><name>supervisionPeriodExpiryFlag</name><value><boolean>0</boolean></value></member><member><name>supervisionPeriodWarningActiveFlag</name><value><boolean>0</boolean></value></member></struct></value></member><member><name>accountFlagsBefore</name><value><struct><member><name>activationStatusFlag</name><value><boolean>1</boolean></value></member><member><name>negativeBarringStatusFlag</name><value><boolean>0</boolean></value></member><member><name>serviceFeePeriodExpiryFlag</name><value><boolean>0</boolean></value></member><member><name>serviceFeePeriodWarningActiveFlag</name><value><boolean>0</boolean></value></member><member><name>supervisionPeriodExpiryFlag</name><value><boolean>0</boolean></value></member><member><name>supervisionPeriodWarningActiveFlag</name><value><boolean>0</boolean></value></member></struct></value></member><member><name>availableServerCapabilities</name><value><array><data><value><i4>939860676</i4></value><value><i4>10028</i4></value></data></array></value></member><member><name>currency1</name><value><string>AED</string></value></member><member><name>dedicatedAccountChangeInformation</name><value><array><data><value><struct><member><name>dedicatedAccountActiveValue1</name><value><string>100000</string></value></member><member><name>dedicatedAccountID</name><value><i4>1</i4></value></member><member><name>dedicatedAccountUnitType</name><value><i4>1</i4></value></member><member><name>dedicatedAccountValue1</name><value><string>100000</string></value></member></struct></value></data></array></value></member><member><name>negotiatedCapabilities</name><value><array><data><value><i4>268763332</i4></value></data></array></value></member><member><name>originTransactionID</name><value><string>2019062710435843</string></value></member><member><name>responseCode</name><value><i4>0</i4></value></member></struct></value></param></params></methodResponse>
27-06-2019 10:44:03 INFO [APIparam]: XXXXXXXXXXXXXXXXXXXXXXX             -E---N---D-             XXXXXXXXXXXXXXXXXXXXXX
27-06-2019 10:44:03 INFO [APIparam]: ****************************************************************************************
27-06-2019 10:44:03 INFO [APIparam]: ****************************************************************************************
27-06-2019 10:44:03 INFO [APIparam]: $$$$$$$$$$$$$$$$$$$$$ TC_006 $$$$$$$$$$$$$$$$$$$$$$$$$
27-06-2019 10:44:03 INFO [APIparam]: ****************************************************************************************
27-06-2019 10:44:03 INFO [APIparam]: ****************************************************************************************
27-06-2019 10:44:03 INFO [APIparam]: Firing Request: DeleteDA
27-06-2019 10:44:03 INFO [APIparam]: originNodeType : EXT
27-06-2019 10:44:03 INFO [APIparam]: originHostName : meydvvmnmt02menalabcorplocal
27-06-2019 10:44:03 INFO [APIparam]: subscriberNumberNAI : 1
27-06-2019 10:44:03 INFO [APIparam]: subscriberNumber : 971520001714
27-06-2019 10:44:03 INFO [APIparam]: dedicatedAccountID : 43
27-06-2019 10:44:03 INFO [APIparam]: request Fired:<?xml version="1.0" encoding="iso-8859-1"?><methodCall><methodName>DeleteDedicatedAccounts</methodName><params> <param>  <value>   <struct>    <member>     <name>originNodeType</name>     <value>      <string>EXT</string>     </value>    </member>    <member>     <name>originHostName</name>     <value>      <string>meydvvmnmt02menalabcorplocal</string>     </value>    </member>    <member>     <name>originTransactionID</name>     <value>      <string>2019062710435843</string>     </value>    </member>    <member>     <name>originTimeStamp</name>     <value>      <dateTime.iso8601>20190627T10:43:58+0000</dateTime.iso8601>     </value>    </member>    <member>     <name>subscriberNumberNAI</name>     <value>      <int>1</int>     </value>    </member>    <member>     <name>subscriberNumber</name>     <value>      <string>971520001714</string>     </value>    </member>    <member>     <name>dedicatedAccountIdentifier</name>     <value>      <array>       <data>        <value>         <struct>          <member>           <name>dedicatedAccountID</name>           <value>            <int>43</int>           </value>          </member>         </struct>        </value>       </data>      </array>     </value>    </member>   </struct>  </value> </param></params></methodCall>
27-06-2019 10:44:03 INFO [APIparam]: Response Code  :200
27-06-2019 10:44:03 INFO [APIparam]: Response Header  :Date=Thu, 27 Jun 2019 06:42:40 GMT
X-Powered-By=Ericsson
Server=meytvvmair01.menalab.corp.local
Set-Cookie=JSESSIONID=1ewb3m4z349gt17cvckprtd2qs;Path=/
Expires=Thu, 01 Jan 1970 00:00:00 GMT
Content-Type=text/xml
Content-Length=588
27-06-2019 10:44:03 INFO [APIparam]: Response   :<?xml version="1.0" encoding="ISO-8859-1"?><methodResponse><params><param><value><struct><member><name>availableServerCapabilities</name><value><array><data><value><i4>939860676</i4></value><value><i4>10028</i4></value></data></array></value></member><member><name>negotiatedCapabilities</name><value><array><data><value><i4>0</i4></value></data></array></value></member><member><name>originTransactionID</name><value><string>2019062710435843</string></value></member><member><name>responseCode</name><value><i4>139</i4></value></member></struct></value></param></params></methodResponse>
27-06-2019 10:44:03 INFO [APIparam]: XXXXXXXXXXXXXXXXXXXXXXX             -E---N---D-             XXXXXXXXXXXXXXXXXXXXXX
27-06-2019 10:44:03 INFO [APIparam]: ****************************************************************************************
27-06-2019 10:44:03 INFO [APIparam]: ****************************************************************************************
27-06-2019 10:44:03 INFO [APIparam]: $$$$$$$$$$$$$$$$$$$$$ TC_007 $$$$$$$$$$$$$$$$$$$$$$$$$
27-06-2019 10:44:03 INFO [APIparam]: ****************************************************************************************
27-06-2019 10:44:03 INFO [APIparam]: ****************************************************************************************
27-06-2019 10:44:03 INFO [APIparam]: Firing Request: GetBalanceAndDate
27-06-2019 10:44:03 INFO [APIparam]: originNodeType : EXT
27-06-2019 10:44:03 INFO [APIparam]: originHostName : meydvvmnmt02menalabcorplocal
27-06-2019 10:44:03 INFO [APIparam]: subscriberNumberNAI : 1
27-06-2019 10:44:03 INFO [APIparam]: negotiatedCapabilities : 268763332
27-06-2019 10:44:03 INFO [APIparam]: subscriberNumber : 971520001714
27-06-2019 10:44:03 INFO [APIparam]: request Fired:<?xml version="1.0" encoding="iso-8859-1"?><methodCall><methodName>GetBalanceAndDate</methodName><params> <param>  <value>   <struct>    <member>     <name>originNodeType</name>     <value>      <string>EXT</string>     </value>    </member>    <member>     <name>originHostName</name>     <value>      <string>meydvvmnmt02menalabcorplocal</string>     </value>    </member>    <member>     <name>originTransactionID</name>     <value>      <string>2019062710435843</string>     </value>    </member>    <member>     <name>originTimeStamp</name>     <value>      <dateTime.iso8601>20190627T10:43:58+0000</dateTime.iso8601>     </value>    </member>    <member>     <name>subscriberNumberNAI</name>     <value>      <int>1</int>     </value>    </member>    <member>     <name>negotiatedCapabilities</name>     <value>      <array>       <data>        <value>         <int>268763332</int>        </value>       </data>      </array>     </value>    </member>    <member>     <name>subscriberNumber</name>     <value>      <string>971520001714</string>     </value>    </member>   </struct>  </value> </param></params></methodCall>
27-06-2019 10:44:03 INFO [APIparam]: Response Code  :200
27-06-2019 10:44:03 INFO [APIparam]: Response Header  :Date=Thu, 27 Jun 2019 06:42:41 GMT
X-Powered-By=Ericsson
Server=meytvvmair01.menalab.corp.local
Set-Cookie=JSESSIONID=81j2l9u5winds2l7bhpbjn5y;Path=/
Expires=Thu, 01 Jan 1970 00:00:00 GMT
Content-Type=text/xml
Content-Length=8353
27-06-2019 10:44:03 INFO [APIparam]: Response   :<?xml version="1.0" encoding="ISO-8859-1"?><methodResponse><params><param><value><struct><member><name>accountFlagsAfter</name><value><struct><member><name>activationStatusFlag</name><value><boolean>1</boolean></value></member><member><name>negativeBarringStatusFlag</name><value><boolean>0</boolean></value></member><member><name>serviceFeePeriodExpiryFlag</name><value><boolean>0</boolean></value></member><member><name>serviceFeePeriodWarningActiveFlag</name><value><boolean>0</boolean></value></member><member><name>supervisionPeriodExpiryFlag</name><value><boolean>0</boolean></value></member><member><name>supervisionPeriodWarningActiveFlag</name><value><boolean>0</boolean></value></member></struct></value></member><member><name>accountFlagsBefore</name><value><struct><member><name>activationStatusFlag</name><value><boolean>1</boolean></value></member><member><name>negativeBarringStatusFlag</name><value><boolean>0</boolean></value></member><member><name>serviceFeePeriodExpiryFlag</name><value><boolean>0</boolean></value></member><member><name>serviceFeePeriodWarningActiveFlag</name><value><boolean>0</boolean></value></member><member><name>supervisionPeriodExpiryFlag</name><value><boolean>0</boolean></value></member><member><name>supervisionPeriodWarningActiveFlag</name><value><boolean>0</boolean></value></member></struct></value></member><member><name>accountValue1</name><value><string>0</string></value></member><member><name>availableServerCapabilities</name><value><array><data><value><i4>939860676</i4></value><value><i4>10028</i4></value></data></array></value></member><member><name>creditClearanceDate</name><value><dateTime.iso8601>20200925T12:00:00+0000</dateTime.iso8601></value></member><member><name>currency1</name><value><string>AED</string></value></member><member><name>dedicatedAccountInformation</name><value><array><data><value><struct><member><name>dedicatedAccountActiveValue1</name><value><string>100000</string></value></member><member><name>dedicatedAccountID</name><value><i4>1</i4></value></member><member><name>dedicatedAccountUnitType</name><value><i4>1</i4></value></member><member><name>dedicatedAccountValue1</name><value><string>100000</string></value></member><member><name>expiryDate</name><value><dateTime.iso8601>99991231T12:00:00+0000</dateTime.iso8601></value></member><member><name>startDate</name><value><dateTime.iso8601>00000101T12:00:00+0000</dateTime.iso8601></value></member></struct></value><value><struct><member><name>dedicatedAccountActiveValue1</name><value><string>500000</string></value></member><member><name>dedicatedAccountID</name><value><i4>50</i4></value></member><member><name>dedicatedAccountUnitType</name><value><i4>1</i4></value></member><member><name>dedicatedAccountValue1</name><value><string>500000</string></value></member><member><name>expiryDate</name><value><dateTime.iso8601>99991231T12:00:00+0000</dateTime.iso8601></value></member><member><name>startDate</name><value><dateTime.iso8601>00000101T12:00:00+0000</dateTime.iso8601></value></member></struct></value><value><struct><member><name>dedicatedAccountActiveValue1</name><value><string>120</string></value></member><member><name>dedicatedAccountID</name><value><i4>256</i4></value></member><member><name>dedicatedAccountUnitType</name><value><i4>0</i4></value></member><member><name>dedicatedAccountValue1</name><value><string>120</string></value></member><member><name>productID</name><value><i4>1</i4></value></member></struct></value></data></array></value></member><member><name>languageIDCurrent</name><value><i4>2</i4></value></member><member><name>negotiatedCapabilities</name><value><array><data><value><i4>268763332</i4></value></data></array></value></member><member><name>offerInformationList</name><value><array><data><value><struct><member><name>expiryDateTime</name><value><dateTime.iso8601>99991231T12:00:00+0000</dateTime.iso8601></value></member><member><name>offerID</name><value><i4>58</i4></value></member><member><name>offerState</name><value><i4>0</i4></value></member><member><name>offerType</name><value><i4>2</i4></value></member><member><name>productID</name><value><i4>2</i4></value></member><member><name>startDateTime</name><value><dateTime.iso8601>20190627T10:34:40+0400</dateTime.iso8601></value></member></struct></value><value><struct><member><name>expiryDateTime</name><value><dateTime.iso8601>99991231T12:00:00+0000</dateTime.iso8601></value></member><member><name>offerID</name><value><i4>100</i4></value></member><member><name>offerState</name><value><i4>0</i4></value></member><member><name>offerType</name><value><i4>2</i4></value></member><member><name>startDateTime</name><value><dateTime.iso8601>20190626T18:26:54+0400</dateTime.iso8601></value></member></struct></value><value><struct><member><name>dedicatedAccountInformation</name><value><array><data><value><struct><member><name>dedicatedAccountActiveValue1</name><value><string>120</string></value></member><member><name>dedicatedAccountID</name><value><i4>256</i4></value></member><member><name>dedicatedAccountUnitType</name><value><i4>0</i4></value></member><member><name>dedicatedAccountValue1</name><value><string>120</string></value></member></struct></value></data></array></value></member><member><name>expiryDateTime</name><value><dateTime.iso8601>20190628T10:34:08+0400</dateTime.iso8601></value></member><member><name>offerID</name><value><i4>256</i4></value></member><member><name>offerState</name><value><i4>0</i4></value></member><member><name>offerType</name><value><i4>2</i4></value></member><member><name>productID</name><value><i4>1</i4></value></member><member><name>startDateTime</name><value><dateTime.iso8601>20190627T10:34:08+0400</dateTime.iso8601></value></member></struct></value><value><struct><member><name>expiryDateTime</name><value><dateTime.iso8601>99991231T12:00:00+0000</dateTime.iso8601></value></member><member><name>offerID</name><value><i4>351</i4></value></member><member><name>offerState</name><value><i4>0</i4></value></member><member><name>offerType</name><value><i4>2</i4></value></member><member><name>productID</name><value><i4>3</i4></value></member><member><name>startDateTime</name><value><dateTime.iso8601>20190627T10:42:40+0400</dateTime.iso8601></value></member></struct></value><value><struct><member><name>expiryDateTime</name><value><dateTime.iso8601>99991231T12:00:00+0000</dateTime.iso8601></value></member><member><name>offerID</name><value><i4>504</i4></value></member><member><name>offerState</name><value><i4>0</i4></value></member><member><name>offerType</name><value><i4>2</i4></value></member><member><name>startDateTime</name><value><dateTime.iso8601>20190627T10:34:08+0400</dateTime.iso8601></value></member></struct></value><value><struct><member><name>expiryDateTime</name><value><dateTime.iso8601>99991231T12:00:00+0000</dateTime.iso8601></value></member><member><name>offerID</name><value><i4>4011</i4></value></member><member><name>offerState</name><value><i4>0</i4></value></member><member><name>offerType</name><value><i4>2</i4></value></member><member><name>startDateTime</name><value><dateTime.iso8601>20190627T10:34:08+0400</dateTime.iso8601></value></member></struct></value><value><struct><member><name>expiryDateTime</name><value><dateTime.iso8601>20200626T10:34:08+0400</dateTime.iso8601></value></member><member><name>offerID</name><value><i4>4804</i4></value></member><member><name>offerState</name><value><i4>0</i4></value></member><member><name>offerType</name><value><i4>2</i4></value></member><member><name>startDateTime</name><value><dateTime.iso8601>20190627T10:34:08+0400</dateTime.iso8601></value></member></struct></value></data></array></value></member><member><name>originTransactionID</name><value><string>2019062710435843</string></value></member><member><name>responseCode</name><value><i4>0</i4></value></member><member><name>serviceClassCurrent</name><value><i4>1001</i4></value></member><member><name>serviceFeeExpiryDate</name><value><dateTime.iso8601>20200726T12:00:00+0000</dateTime.iso8601></value></member><member><name>serviceRemovalDate</name><value><dateTime.iso8601>20200925T12:00:00+0000</dateTime.iso8601></value></member><member><name>supervisionExpiryDate</name><value><dateTime.iso8601>20200626T12:00:00+0000</dateTime.iso8601></value></member></struct></value></param></params></methodResponse>
27-06-2019 10:44:03 INFO [APIparam]: XXXXXXXXXXXXXXXXXXXXXXX             -E---N---D-             XXXXXXXXXXXXXXXXXXXXXX
27-06-2019 10:44:03 INFO [APIparam]: ****************************************************************************************
27-06-2019 10:44:03 INFO [APIparam]: ****************************************************************************************
27-06-2019 10:44:03 INFO [APIparam]: $$$$$$$$$$$$$$$$$$$$$ TC_008 $$$$$$$$$$$$$$$$$$$$$$$$$
27-06-2019 10:44:03 INFO [APIparam]: ****************************************************************************************
27-06-2019 10:44:03 INFO [APIparam]: ****************************************************************************************
27-06-2019 10:44:03 INFO [APIparam]: Firing Request: AddPAM
27-06-2019 10:44:03 INFO [APIparam]: originNodeType : EXT
27-06-2019 10:44:03 INFO [APIparam]: originHostName : meydvvmnmt02menalabcorplocal
27-06-2019 10:44:03 INFO [APIparam]: subscriberNumberNAI : 1
27-06-2019 10:44:03 INFO [APIparam]: subscriberNumber : 971520001714
27-06-2019 10:44:03 INFO [APIparam]: pamServiceID : 1
27-06-2019 10:44:03 INFO [APIparam]: pamClassID : 1
27-06-2019 10:44:03 INFO [APIparam]: scheduleID : 1
27-06-2019 10:44:03 INFO [APIparam]: request Fired:<?xml version="1.0" encoding="iso-8859-1"?><methodCall><methodName>AddPeriodicAccountManagementData</methodName><params> <param>  <value>   <struct>    <member>     <name>originNodeType</name>     <value>      <string>EXT</string>     </value>    </member>    <member>     <name>originHostName</name>     <value>      <string>meydvvmnmt02menalabcorplocal</string>     </value>    </member>    <member>     <name>originTransactionID</name>     <value>      <string>2019062710435843</string>     </value>    </member>    <member>     <name>originTimeStamp</name>     <value>      <dateTime.iso8601>20190627T10:43:58+0000</dateTime.iso8601>     </value>    </member>    <member>     <name>subscriberNumberNAI</name>     <value>      <int>1</int>     </value>    </member>    <member>     <name>subscriberNumber</name>     <value>      <string>971520001714</string>     </value>    </member>    <member>     <name>pamInformationList</name>     <value>      <array>       <data>        <value>         <struct>          <member>           <name>pamServiceID</name>           <value>            <int>1</int>           </value>          </member>          <member>           <name>pamClassID</name>           <value>            <int>1</int>           </value>          </member>          <member>           <name>scheduleID</name>           <value>            <int>1</int>           </value>          </member>         </struct>        </value>       </data>      </array>     </value>    </member>   </struct>  </value> </param></params></methodCall>
27-06-2019 10:44:03 INFO [APIparam]: Response Code  :200
27-06-2019 10:44:03 INFO [APIparam]: Response Header  :Date=Thu, 27 Jun 2019 06:42:41 GMT
X-Powered-By=Ericsson
Server=meytvvmair01.menalab.corp.local
Set-Cookie=JSESSIONID=twhzudorjpwhsr9vuh6av76g;Path=/
Expires=Thu, 01 Jan 1970 00:00:00 GMT
Content-Type=text/xml
Content-Length=588
27-06-2019 10:44:03 INFO [APIparam]: Response   :<?xml version="1.0" encoding="ISO-8859-1"?><methodResponse><params><param><value><struct><member><name>availableServerCapabilities</name><value><array><data><value><i4>939860676</i4></value><value><i4>10028</i4></value></data></array></value></member><member><name>negotiatedCapabilities</name><value><array><data><value><i4>0</i4></value></data></array></value></member><member><name>originTransactionID</name><value><string>2019062710435843</string></value></member><member><name>responseCode</name><value><i4>190</i4></value></member></struct></value></param></params></methodResponse>
27-06-2019 10:44:03 INFO [APIparam]: XXXXXXXXXXXXXXXXXXXXXXX             -E---N---D-             XXXXXXXXXXXXXXXXXXXXXX
27-06-2019 10:44:04 INFO [APIparam]: ****************************************************************************************
27-06-2019 10:44:04 INFO [APIparam]: ****************************************************************************************
27-06-2019 10:44:04 INFO [APIparam]: $$$$$$$$$$$$$$$$$$$$$ TC_009 $$$$$$$$$$$$$$$$$$$$$$$$$
27-06-2019 10:44:04 INFO [APIparam]: ****************************************************************************************
27-06-2019 10:44:04 INFO [APIparam]: ****************************************************************************************
27-06-2019 10:44:04 INFO [APIparam]: Firing Request: ReduceDA
27-06-2019 10:44:04 INFO [APIparam]: originNodeType : EXT
27-06-2019 10:44:04 INFO [APIparam]: originHostName : meydvvmnmt02menalabcorplocal
27-06-2019 10:44:04 INFO [APIparam]: subscriberNumberNAI : 1
27-06-2019 10:44:04 INFO [APIparam]: negotiatedCapabilities : 268763332
27-06-2019 10:44:04 INFO [APIparam]: subscriberNumber : 971520001714
27-06-2019 10:44:04 INFO [APIparam]: transactionCurrency : AED
27-06-2019 10:44:04 INFO [APIparam]: dedicatedAccountID : 1
27-06-2019 10:44:04 INFO [APIparam]: adjustmentAmountRelative : -64
27-06-2019 10:44:04 INFO [APIparam]: dedicatedAccountUnitType : 1
27-06-2019 10:44:04 INFO [APIparam]: request Fired:<?xml version="1.0" encoding="iso-8859-1"?><methodCall><methodName>UpdateBalanceAndDate</methodName><params> <param>  <value>   <struct>    <member>     <name>originNodeType</name>     <value>      <string>EXT</string>     </value>    </member>    <member>     <name>originHostName</name>     <value>      <string>meydvvmnmt02menalabcorplocal</string>     </value>    </member>    <member>     <name>originTransactionID</name>     <value>      <string>2019062710435843</string>     </value>    </member>    <member>     <name>originTimeStamp</name>     <value>      <dateTime.iso8601>20190627T10:43:58+0000</dateTime.iso8601>     </value>    </member>    <member>     <name>subscriberNumberNAI</name>     <value>      <int>1</int>     </value>    </member>    <member>     <name>negotiatedCapabilities</name>     <value>      <array>       <data>        <value>         <int>268763332</int>        </value>       </data>      </array>     </value>    </member>    <member>     <name>subscriberNumber</name>     <value>      <string>971520001714</string>     </value>    </member>    <member>     <name>transactionCurrency</name>     <value>      <string>AED</string>     </value>    </member>    <member>     <name>dedicatedAccountUpdateInformation</name>     <value>      <array>       <data>        <value>         <struct>          <member>           <name>dedicatedAccountID</name>           <value>            <int>1</int>           </value>          </member>          <member>           <name>adjustmentAmountRelative</name>           <value>            <string>-64</string>           </value>          </member>          <member>           <name>dedicatedAccountUnitType</name>           <value>            <int>1</int>           </value>          </member>         </struct>        </value>       </data>      </array>     </value>    </member>   </struct>  </value> </param></params></methodCall>
27-06-2019 10:44:04 INFO [APIparam]: Response Code  :200
27-06-2019 10:44:04 INFO [APIparam]: Response Header  :Date=Thu, 27 Jun 2019 06:42:41 GMT
X-Powered-By=Ericsson
Server=meytvvmair01.menalab.corp.local
Set-Cookie=JSESSIONID=1przlxemvtnd46jd0pph8t0tv;Path=/
Expires=Thu, 01 Jan 1970 00:00:00 GMT
Content-Type=text/xml
Content-Length=2411
27-06-2019 10:44:04 INFO [APIparam]: Response   :<?xml version="1.0" encoding="ISO-8859-1"?><methodResponse><params><param><value><struct><member><name>accountFlagsAfter</name><value><struct><member><name>activationStatusFlag</name><value><boolean>1</boolean></value></member><member><name>negativeBarringStatusFlag</name><value><boolean>0</boolean></value></member><member><name>serviceFeePeriodExpiryFlag</name><value><boolean>0</boolean></value></member><member><name>serviceFeePeriodWarningActiveFlag</name><value><boolean>0</boolean></value></member><member><name>supervisionPeriodExpiryFlag</name><value><boolean>0</boolean></value></member><member><name>supervisionPeriodWarningActiveFlag</name><value><boolean>0</boolean></value></member></struct></value></member><member><name>accountFlagsBefore</name><value><struct><member><name>activationStatusFlag</name><value><boolean>1</boolean></value></member><member><name>negativeBarringStatusFlag</name><value><boolean>0</boolean></value></member><member><name>serviceFeePeriodExpiryFlag</name><value><boolean>0</boolean></value></member><member><name>serviceFeePeriodWarningActiveFlag</name><value><boolean>0</boolean></value></member><member><name>supervisionPeriodExpiryFlag</name><value><boolean>0</boolean></value></member><member><name>supervisionPeriodWarningActiveFlag</name><value><boolean>0</boolean></value></member></struct></value></member><member><name>availableServerCapabilities</name><value><array><data><value><i4>939860676</i4></value><value><i4>10028</i4></value></data></array></value></member><member><name>currency1</name><value><string>AED</string></value></member><member><name>dedicatedAccountChangeInformation</name><value><array><data><value><struct><member><name>dedicatedAccountActiveValue1</name><value><string>99936</string></value></member><member><name>dedicatedAccountID</name><value><i4>1</i4></value></member><member><name>dedicatedAccountUnitType</name><value><i4>1</i4></value></member><member><name>dedicatedAccountValue1</name><value><string>99936</string></value></member></struct></value></data></array></value></member><member><name>negotiatedCapabilities</name><value><array><data><value><i4>268763332</i4></value></data></array></value></member><member><name>originTransactionID</name><value><string>2019062710435843</string></value></member><member><name>responseCode</name><value><i4>0</i4></value></member></struct></value></param></params></methodResponse>
27-06-2019 10:44:04 INFO [APIparam]: XXXXXXXXXXXXXXXXXXXXXXX             -E---N---D-             XXXXXXXXXXXXXXXXXXXXXX
27-06-2019 10:44:04 INFO [APIparam]: ****************************************************************************************
27-06-2019 10:44:04 INFO [APIparam]: ****************************************************************************************
27-06-2019 10:44:04 INFO [APIparam]: $$$$$$$$$$$$$$$$$$$$$ TC_010 $$$$$$$$$$$$$$$$$$$$$$$$$
27-06-2019 10:44:04 INFO [APIparam]: ****************************************************************************************
27-06-2019 10:44:04 INFO [APIparam]: ****************************************************************************************
27-06-2019 10:44:04 INFO [APIparam]: Firing Request: AddDifferentDA
27-06-2019 10:44:04 INFO [APIparam]: originNodeType : EXT
27-06-2019 10:44:04 INFO [APIparam]: originHostName : meydvvmnmt02menalabcorplocal
27-06-2019 10:44:04 INFO [APIparam]: subscriberNumberNAI : 1
27-06-2019 10:44:04 INFO [APIparam]: negotiatedCapabilities : 268763332
27-06-2019 10:44:04 INFO [APIparam]: subscriberNumber : 971520001714
27-06-2019 10:44:04 INFO [APIparam]: transactionCurrency : AED
27-06-2019 10:44:04 INFO [APIparam]: dedicatedAccountID : 1
27-06-2019 10:44:04 INFO [APIparam]: adjustmentAmountRelative : 100000
27-06-2019 10:44:04 INFO [APIparam]: dedicatedAccountUnitType : 1
27-06-2019 10:44:04 INFO [APIparam]: request Fired:<?xml version="1.0" encoding="iso-8859-1"?><methodCall><methodName>UpdateBalanceAndDate</methodName><params> <param>  <value>   <struct>    <member>     <name>originNodeType</name>     <value>      <string>EXT</string>     </value>    </member>    <member>     <name>originHostName</name>     <value>      <string>meydvvmnmt02menalabcorplocal</string>     </value>    </member>    <member>     <name>originTransactionID</name>     <value>      <string>2019062710435843</string>     </value>    </member>    <member>     <name>originTimeStamp</name>     <value>      <dateTime.iso8601>20190627T10:43:58+0000</dateTime.iso8601>     </value>    </member>    <member>     <name>subscriberNumberNAI</name>     <value>      <int>1</int>     </value>    </member>    <member>     <name>negotiatedCapabilities</name>     <value>      <array>       <data>        <value>         <int>268763332</int>        </value>       </data>      </array>     </value>    </member>    <member>     <name>subscriberNumber</name>     <value>      <string>971520001714</string>     </value>    </member>    <member>     <name>transactionCurrency</name>     <value>      <string>AED</string>     </value>    </member>    <member>     <name>dedicatedAccountUpdateInformation</name>     <value>      <array>       <data>        <value>         <struct>          <member>           <name>dedicatedAccountID</name>           <value>            <int>1</int>           </value>          </member>          <member>           <name>adjustmentAmountRelative</name>           <value>            <string>100000</string>           </value>          </member>          <member>           <name>dedicatedAccountUnitType</name>           <value>            <int>1</int>           </value>          </member>         </struct>        </value>       </data>      </array>     </value>    </member>   </struct>  </value> </param></params></methodCall>
27-06-2019 10:44:04 INFO [APIparam]: Response Code  :200
27-06-2019 10:44:04 INFO [APIparam]: Response Header  :Date=Thu, 27 Jun 2019 06:42:41 GMT
X-Powered-By=Ericsson
Server=meytvvmair01.menalab.corp.local
Set-Cookie=JSESSIONID=i3p9hk7q8m3w16dd5xr7gcpb9;Path=/
Expires=Thu, 01 Jan 1970 00:00:00 GMT
Content-Type=text/xml
Content-Length=2413
27-06-2019 10:44:04 INFO [APIparam]: Response   :<?xml version="1.0" encoding="ISO-8859-1"?><methodResponse><params><param><value><struct><member><name>accountFlagsAfter</name><value><struct><member><name>activationStatusFlag</name><value><boolean>1</boolean></value></member><member><name>negativeBarringStatusFlag</name><value><boolean>0</boolean></value></member><member><name>serviceFeePeriodExpiryFlag</name><value><boolean>0</boolean></value></member><member><name>serviceFeePeriodWarningActiveFlag</name><value><boolean>0</boolean></value></member><member><name>supervisionPeriodExpiryFlag</name><value><boolean>0</boolean></value></member><member><name>supervisionPeriodWarningActiveFlag</name><value><boolean>0</boolean></value></member></struct></value></member><member><name>accountFlagsBefore</name><value><struct><member><name>activationStatusFlag</name><value><boolean>1</boolean></value></member><member><name>negativeBarringStatusFlag</name><value><boolean>0</boolean></value></member><member><name>serviceFeePeriodExpiryFlag</name><value><boolean>0</boolean></value></member><member><name>serviceFeePeriodWarningActiveFlag</name><value><boolean>0</boolean></value></member><member><name>supervisionPeriodExpiryFlag</name><value><boolean>0</boolean></value></member><member><name>supervisionPeriodWarningActiveFlag</name><value><boolean>0</boolean></value></member></struct></value></member><member><name>availableServerCapabilities</name><value><array><data><value><i4>939860676</i4></value><value><i4>10028</i4></value></data></array></value></member><member><name>currency1</name><value><string>AED</string></value></member><member><name>dedicatedAccountChangeInformation</name><value><array><data><value><struct><member><name>dedicatedAccountActiveValue1</name><value><string>199936</string></value></member><member><name>dedicatedAccountID</name><value><i4>1</i4></value></member><member><name>dedicatedAccountUnitType</name><value><i4>1</i4></value></member><member><name>dedicatedAccountValue1</name><value><string>199936</string></value></member></struct></value></data></array></value></member><member><name>negotiatedCapabilities</name><value><array><data><value><i4>268763332</i4></value></data></array></value></member><member><name>originTransactionID</name><value><string>2019062710435843</string></value></member><member><name>responseCode</name><value><i4>0</i4></value></member></struct></value></param></params></methodResponse>
27-06-2019 10:44:04 INFO [APIparam]: XXXXXXXXXXXXXXXXXXXXXXX             -E---N---D-             XXXXXXXXXXXXXXXXXXXXXX
