28-05-2019 14:33:46 INFO [App]: Starting execution at +: 820->All->28-May-2019 14:33:44

28-05-2019 14:33:52 INFO [App]: ****************************************************************************************
28-05-2019 14:33:52 INFO [App]: ****************************************************************************************
28-05-2019 14:33:52 INFO [App]: $$$$$$$$$$$$$$$$$$$$$ 820_USSD_OPT_IN_USSD_Long_Code $$$$$$$$$$$$$$$$$$$$$$$$$
28-05-2019 14:33:52 INFO [App]: ****************************************************************************************
28-05-2019 14:33:52 INFO [App]: ****************************************************************************************
28-05-2019 14:34:09 INFO [App]: Entering code : 6

28-05-2019 14:34:20 INFO [App]: Entering code : 2

28-05-2019 14:34:31 INFO [App]: Entering code : 1

28-05-2019 14:34:44 INFO [App]: Confirmation alert : 1000 International Minutes with Friends & Family bundles starting from 69 dirhams. Dial *135*90#. Thank you for using du interactive services

28-05-2019 14:35:07 INFO [App]: Message not received for the provided USSD

28-05-2019 14:35:11 INFO [App]: XXXXXXXXXXXXXXXXXXXXXXX             -E---N---D-             XXXXXXXXXXXXXXXXXXXXXX
28-05-2019 14:35:11 INFO [App]: ****************************************************************************************
28-05-2019 14:35:11 INFO [App]: ****************************************************************************************
28-05-2019 14:35:11 INFO [App]: $$$$$$$$$$$$$$$$$$$$$ 820_USSD_OPT_OUT_USSD_Short_Code $$$$$$$$$$$$$$$$$$$$$$$$$
28-05-2019 14:35:11 INFO [App]: ****************************************************************************************
28-05-2019 14:35:11 INFO [App]: ****************************************************************************************
28-05-2019 14:35:23 INFO [App]: Entering code : 3

28-05-2019 14:35:36 INFO [App]: Confirmation alert : 1000 International Minutes with Friends & Family bundles starting from 69 dirhams. Dial *135*90#. Thank you for using du interactive services

28-05-2019 14:35:59 INFO [App]: Message not received for the provided USSD

28-05-2019 14:36:03 INFO [App]: XXXXXXXXXXXXXXXXXXXXXXX             -E---N---D-             XXXXXXXXXXXXXXXXXXXXXX
28-05-2019 14:36:03 INFO [App]: ****************************************************************************************
28-05-2019 14:36:03 INFO [App]: ****************************************************************************************
28-05-2019 14:36:03 INFO [App]: $$$$$$$$$$$$$$$$$$$$$ 820_USSD_OPT_IN_USSD_Short_Code $$$$$$$$$$$$$$$$$$$$$$$$$
28-05-2019 14:36:03 INFO [App]: ****************************************************************************************
28-05-2019 14:36:03 INFO [App]: ****************************************************************************************
28-05-2019 14:36:16 INFO [App]: Entering code : 1

28-05-2019 14:36:28 INFO [App]: Confirmation alert : 1000 International Minutes with Friends & Family bundles starting from 69 dirhams. Dial *135*90#. Thank you for using du interactive services

28-05-2019 14:36:51 INFO [App]: Message not received for the provided USSD

28-05-2019 14:36:54 INFO [App]: XXXXXXXXXXXXXXXXXXXXXXX             -E---N---D-             XXXXXXXXXXXXXXXXXXXXXX
28-05-2019 14:36:54 INFO [App]: ****************************************************************************************
28-05-2019 14:36:54 INFO [App]: ****************************************************************************************
28-05-2019 14:36:54 INFO [App]: $$$$$$$$$$$$$$$$$$$$$ 820_USSD_OPT_OUT_USSD_Long_Code $$$$$$$$$$$$$$$$$$$$$$$$$
28-05-2019 14:36:54 INFO [App]: ****************************************************************************************
28-05-2019 14:36:54 INFO [App]: ****************************************************************************************
28-05-2019 14:37:06 INFO [App]: Error occured, please check with screenshot

28-05-2019 14:37:13 INFO [App]: Entering code : 6

28-05-2019 14:37:23 INFO [App]: Entering code : 2

28-05-2019 14:37:34 INFO [App]: Entering code : 3

28-05-2019 14:37:47 INFO [App]: Confirmation alert : 1000 International Minutes with Friends & Family bundles starting from 69 dirhams. Dial *135*90#. Thank you for using du interactive services

28-05-2019 14:38:11 INFO [App]: Message not received for the provided USSD

28-05-2019 14:38:14 INFO [App]: XXXXXXXXXXXXXXXXXXXXXXX             -E---N---D-             XXXXXXXXXXXXXXXXXXXXXX
