23-06-2019 18:48:20 INFO [Asnconvertor]: Starting execution at +:23-Jun-2019 18:41:53
23-06-2019 18:48:21 INFO [Asnconvertor]: ****************************************************************************************
23-06-2019 18:48:21 INFO [Asnconvertor]: ****************************************************************************************
23-06-2019 18:48:21 INFO [Asnconvertor]: $$$$$$$$$$$$$$$$$$$$$ Parsing File meydvvmcis03_EDR_CISOnline1.csv $$$$$$$$$$$$$$$$$$$$$$$$$
23-06-2019 18:48:21 INFO [Asnconvertor]: ****************************************************************************************
23-06-2019 18:48:21 INFO [Asnconvertor]: ****************************************************************************************
23-06-2019 18:48:21 INFO [Asnconvertor]: ****************************************************************************************
23-06-2019 18:48:21 INFO [Asnconvertor]: ****************************************************************************************
23-06-2019 18:48:21 INFO [Asnconvertor]: $$$$$$$$$$$$$$$$$$$$$ Parsing File SDPOUTPUTCDR_4001_meytvvmsdp01_SUB_2944_20190623-184214.ASN $$$$$$$$$$$$$$$$$$$$$$$$$
23-06-2019 18:48:21 INFO [Asnconvertor]: ****************************************************************************************
23-06-2019 18:48:21 INFO [Asnconvertor]: ****************************************************************************************
23-06-2019 18:48:21 INFO [Asnconvertor]: ****************************************************************************************
23-06-2019 18:48:21 INFO [Asnconvertor]: ****************************************************************************************
23-06-2019 18:48:21 INFO [Asnconvertor]: $$$$$$$$$$$$$$$$$$$$$ Parsing File CHARGINGCDR-meytvvmocc01-190623-1843-04929.ber $$$$$$$$$$$$$$$$$$$$$$$$$
23-06-2019 18:48:21 INFO [Asnconvertor]: ****************************************************************************************
23-06-2019 18:48:21 INFO [Asnconvertor]: ****************************************************************************************
23-06-2019 18:48:22 INFO [Asnconvertor]: subscriptionIDValue = 971520001714
23-06-2019 18:48:22 INFO [Asnconvertor]: resultCode = 2001
23-06-2019 18:48:22 INFO [Asnconvertor]: triggerTime = 916032813445304000
23-06-2019 18:48:22 INFO [Asnconvertor]: nodeName = meytvvmocc01
23-06-2019 18:48:22 INFO [Asnconvertor]: serviceContextID = SCAP_V.2.0@ericsson.com
23-06-2019 18:48:22 INFO [Asnconvertor]: chargingContextID = SCAP_V.2.0@ericsson.com
23-06-2019 18:48:22 INFO [Asnconvertor]: serviceSessionID = -:1002:1
23-06-2019 18:48:22 INFO [Asnconvertor]: recordIdentificationNumber = 2049
23-06-2019 18:48:22 INFO [Asnconvertor]: partialSequenceNumber = 0
23-06-2019 18:48:22 INFO [Asnconvertor]: lastPartialOutput = TRUE
23-06-2019 18:48:22 INFO [Asnconvertor]: subscriptionIDType = endUserE164
23-06-2019 18:48:22 INFO [Asnconvertor]: subscriptionIDValue = 971520001714
23-06-2019 18:48:22 INFO [Asnconvertor]: sessionId = 2532821036558
23-06-2019 18:48:22 INFO [Asnconvertor]: lastPartialOutput = TRUE
23-06-2019 18:48:22 INFO [Asnconvertor]: ccRequestNumber = 1
23-06-2019 18:48:22 INFO [Asnconvertor]: originRealm = 6369732E636F6D
23-06-2019 18:48:22 INFO [Asnconvertor]: originHost = 31302E39352E3231342E313337
23-06-2019 18:48:22 INFO [Asnconvertor]: serviceIdentifier = 1002
23-06-2019 18:48:22 INFO [Asnconvertor]: tariffChangeUsage = before
23-06-2019 18:48:22 INFO [Asnconvertor]: eventTime = 32303139303632333138343235372B30343030
23-06-2019 18:48:22 INFO [Asnconvertor]: triggerTime = 32303139303632333138343335342B30343030
23-06-2019 18:48:22 INFO [Asnconvertor]: serviceScenario = mobileOriginating
23-06-2019 18:48:22 INFO [Asnconvertor]: roamingPosition = insideHPLMN
23-06-2019 18:48:22 INFO [Asnconvertor]: servedAccount = 81795102007141
23-06-2019 18:48:22 INFO [Asnconvertor]: serviceClassID = 1001
23-06-2019 18:48:22 INFO [Asnconvertor]: accountGroupID = 0
23-06-2019 18:48:22 INFO [Asnconvertor]: accountValueBefore = 
                        0
                        6
                        784
                     
23-06-2019 18:48:22 INFO [Asnconvertor]: amount = 0
23-06-2019 18:48:22 INFO [Asnconvertor]: decimals = 6
23-06-2019 18:48:22 INFO [Asnconvertor]: currency = 784
23-06-2019 18:48:22 INFO [Asnconvertor]: accountValueAfter = 
                        0
                        6
                        784
                     
23-06-2019 18:48:22 INFO [Asnconvertor]: amount = 0
23-06-2019 18:48:22 INFO [Asnconvertor]: decimals = 6
23-06-2019 18:48:22 INFO [Asnconvertor]: currency = 784
23-06-2019 18:48:22 INFO [Asnconvertor]: accumulatorID = 61
23-06-2019 18:48:22 INFO [Asnconvertor]: accumulatorChange = 0
23-06-2019 18:48:22 INFO [Asnconvertor]: accumulatorAfter = 1
23-06-2019 18:48:22 INFO [Asnconvertor]: accumulatorBeforeSession = 1
23-06-2019 18:48:23 INFO [App]: XXXXXXXXXXXXXXXXXXXXXXX             -E---N---D-             XXXXXXXXXXXXXXXXXXXXXX
