21-08-2019 17:43:05 INFO [App]: Starting execution at +: Call Home for Less->OPT OUT->21-Aug-2019 17:43:04

21-08-2019 17:43:08 INFO [App]: ****************************************************************************************
21-08-2019 17:43:08 INFO [App]: ****************************************************************************************
21-08-2019 17:43:08 INFO [App]: $$$$$$$$$$$$$$$$$$$$$ 213--820_OPT OUT_Short Code $$$$$$$$$$$$$$$$$$$$$$$$$
21-08-2019 17:43:08 INFO [App]: ****************************************************************************************
21-08-2019 17:43:08 INFO [App]: ****************************************************************************************
21-08-2019 17:43:34 INFO [App]: Entering code : 3

21-08-2019 17:43:38 INFO [App]: Confirmation alert : 1000 International Minutes with Friends & Family bundles starting from 69 dirhams. Dial *135*90#. Thanks for using du interactive service

21-08-2019 17:44:04 INFO [App]: Message Received : The call home for less offer is active! Call at only 0.6 fils per sec, with a setup fee of AED 1 per call for calls to India, Bangladesh, Pakistan, Afghanistan (except numbers starting with 009378), Egypt, China, Iran, Nepal, Nigeria & Indonesia.

21-08-2019 17:44:12 INFO [App]: XXXXXXXXXXXXXXXXXXXXXXX             -E---N---D-             XXXXXXXXXXXXXXXXXXXXXX
21-08-2019 17:44:12 INFO [App]: Starting execution at +: Call Home for Less->OPT IN->21-Aug-2019 17:43:04

21-08-2019 17:44:14 INFO [App]: ****************************************************************************************
21-08-2019 17:44:14 INFO [App]: ****************************************************************************************
21-08-2019 17:44:14 INFO [App]: $$$$$$$$$$$$$$$$$$$$$ dsd--820_OPT IN_Short Code $$$$$$$$$$$$$$$$$$$$$$$$$
21-08-2019 17:44:14 INFO [App]: ****************************************************************************************
21-08-2019 17:44:14 INFO [App]: ****************************************************************************************
21-08-2019 17:44:39 INFO [App]: Entering code : 1

21-08-2019 17:44:44 INFO [App]: Confirmation alert : 1000 International Minutes with Friends & Family bundles starting from 69 dirhams. Dial *135*90#. Thanks for using du interactive service

21-08-2019 17:45:06 INFO [App]: Message not received for the provided USSD

21-08-2019 17:45:07 INFO [App]: XXXXXXXXXXXXXXXXXXXXXXX             -E---N---D-             XXXXXXXXXXXXXXXXXXXXXX
