18-09-2019 18:22:38 INFO [APIparam]: Starting execution at +:18-Sep-2019 18:22:20
18-09-2019 18:22:38 INFO [APIparam]: ****************************************************************************************
18-09-2019 18:22:38 INFO [APIparam]: ****************************************************************************************
18-09-2019 18:22:38 INFO [APIparam]: $$$$$$$$$$$$$$$$$$$$$ TC_002 $$$$$$$$$$$$$$$$$$$$$$$$$
18-09-2019 18:22:38 INFO [APIparam]: ****************************************************************************************
18-09-2019 18:22:38 INFO [APIparam]: ****************************************************************************************
18-09-2019 18:22:38 INFO [APIparam]: Firing Request: USSD_API
18-09-2019 18:22:38 INFO [APIparam]: request Fired:<?xml version="1.0" encoding="UTF-8" standalone="yes"?><request type="pull">	<msisdn>971520002574</msisdn>    <subscriberInput>135*35</subscriberInput>    <vlr>971</vlr>                                                                                                                              	<sessionId>18-Sep-2019 18:22:20</sessionId></request>
18-09-2019 18:22:38 INFO [APIparam]: Response Code  :200
18-09-2019 18:22:38 INFO [APIparam]: Response Header  :Server=Apache-Coyote/1.1
TT=149
Transfer-Encoding=chunked
Date=Wed, 18 Sep 2019 14:24:29 GMT
18-09-2019 18:22:38 INFO [APIparam]: Response   :<?xml version="1.0" encoding="UTF-8" standalone="yes"?>
<response>
<applicationResponse>Internet Calling Pack (VAT Inclusive Price)
Please select:
1-Daily Bundle(AED 5.25)
2-Monthly Bundle (AED 52.5)
</applicationResponse>
<freeflow>
<freeflowState>FC</freeflowState>
</freeflow>
</response>

