24-06-2019 16:28:25 INFO [APIparam]: Starting execution at +:24-Jun-2019 16:28:24
24-06-2019 16:28:26 INFO [APIparam]: ****************************************************************************************
24-06-2019 16:28:26 INFO [APIparam]: ****************************************************************************************
24-06-2019 16:28:26 INFO [APIparam]: $$$$$$$$$$$$$$$$$$$$$ TC_003 $$$$$$$$$$$$$$$$$$$$$$$$$
24-06-2019 16:28:26 INFO [APIparam]: ****************************************************************************************
24-06-2019 16:28:26 INFO [APIparam]: ****************************************************************************************
24-06-2019 16:28:26 INFO [APIparam]: Firing Request: DeleteOffer
24-06-2019 16:28:26 INFO [APIparam]: originNodeType : EXT
24-06-2019 16:28:26 INFO [APIparam]: originHostName : meydvvmnmt02menalabcorplocal
24-06-2019 16:28:26 INFO [APIparam]: subscriberNumberNAI : 1
24-06-2019 16:28:26 INFO [APIparam]: negotiatedCapabilities : 268763332
24-06-2019 16:28:26 INFO [APIparam]: subscriberNumber : 971520001714
24-06-2019 16:28:26 INFO [APIparam]: offerID : 1001
24-06-2019 16:28:26 INFO [APIparam]: request Fired:<?xml version="1.0" encoding="iso-8859-1"?><methodCall><methodName>DeleteOffer</methodName><params> <param>  <value>   <struct>    <member>     <name>originNodeType</name>     <value>      <string>EXT</string>     </value>    </member>    <member>     <name>originHostName</name>     <value>      <string>meydvvmnmt02menalabcorplocal</string>     </value>    </member>    <member>     <name>originTransactionID</name>     <value>      <string>2019062416282493</string>     </value>    </member>    <member>     <name>originTimeStamp</name>     <value>      <dateTime.iso8601>20190624T16:28:24+0000</dateTime.iso8601>     </value>    </member>    <member>     <name>negotiatedCapabilities</name>     <value>      <array>       <data>        <value>         <int>268763332</int>        </value>       </data>      </array>     </value>    </member>    <member>     <name>subscriberNumberNAI</name>     <value>      <int>1</int>     </value>    </member>    <member>     <name>subscriberNumber</name>     <value>      <string>971520001714</string>     </value>    </member>    <member>     <name>offerID</name>     <value>      <int>1001</int>     </value>    </member>   </struct>  </value> </param></params></methodCall>
24-06-2019 16:28:28 INFO [APIparam]: Response Code  :200
24-06-2019 16:28:28 INFO [APIparam]: Response Header  :Date=Mon, 24 Jun 2019 12:27:09 GMT
X-Powered-By=Ericsson
Server=meytvvmair01.menalab.corp.local
Set-Cookie=JSESSIONID=1y1po4trmyknm4d994wuv0l3l;Path=/
Expires=Thu, 01 Jan 1970 00:00:00 GMT
Content-Type=text/xml
Content-Length=596
24-06-2019 16:28:28 INFO [APIparam]: Response   :<?xml version="1.0" encoding="ISO-8859-1"?><methodResponse><params><param><value><struct><member><name>availableServerCapabilities</name><value><array><data><value><i4>939860676</i4></value><value><i4>10028</i4></value></data></array></value></member><member><name>negotiatedCapabilities</name><value><array><data><value><i4>268763332</i4></value></data></array></value></member><member><name>originTransactionID</name><value><string>2019062416282493</string></value></member><member><name>responseCode</name><value><i4>165</i4></value></member></struct></value></param></params></methodResponse>
24-06-2019 16:28:28 INFO [APIparam]: XXXXXXXXXXXXXXXXXXXXXXX             -E---N---D-             XXXXXXXXXXXXXXXXXXXXXX
