16-06-2019 15:22:51 INFO [APIHandler]: Starting execution at +:16-Jun-2019 15:22:50
16-06-2019 15:22:56 INFO [APIHandler]: ****************************************************************************************
16-06-2019 15:22:56 INFO [APIHandler]: ****************************************************************************************
16-06-2019 15:22:56 INFO [APIHandler]: $$$$$$$$$$$$$$$$$$$$$ TC_003 $$$$$$$$$$$$$$$$$$$$$$$$$
16-06-2019 15:22:56 INFO [APIHandler]: ****************************************************************************************
16-06-2019 15:22:56 INFO [APIHandler]: ****************************************************************************************
16-06-2019 15:22:56 INFO [APIHandler]: Firing Request: GetAccountDetails
16-06-2019 15:22:57 INFO [APIHandler]: originNodeType : EXT
16-06-2019 15:22:57 INFO [APIHandler]: originHostName : meydvvmnmt02menalabcorplocal
16-06-2019 15:22:57 INFO [APIHandler]: originTransactionID : 2019052216450230
16-06-2019 15:22:57 INFO [APIHandler]: originTimeStamp : 20190522T16:45:02+0400
16-06-2019 15:22:57 INFO [APIHandler]: subscriberNumberNAI : 1
16-06-2019 15:22:57 INFO [APIHandler]: negotiatedCapabilities : 268763332
16-06-2019 15:22:57 INFO [APIHandler]: subscriberNumber : 971520001714
16-06-2019 15:22:57 INFO [APIHandler]: request Fired:<?xml version="1.0" encoding="iso-8859-1"?><methodCall>    <methodName>GetAccountDetails</methodName>    <params>        <param>            <value>                <struct>                    <member>                        <name>originNodeType</name>                        <value>                            <string>EXT</string>                        </value>                    </member>                    <member>                        <name>originHostName</name>                        <value>                            <string>meydvvmnmt02menalabcorplocal</string>                        </value>                    </member>                    <member>                        <name>originTransactionID</name>                        <value>                            <string>2019061615225125</string>                        </value>                    </member>                    <member>                        <name>originTimeStamp</name>                        <value>                            <dateTime.iso8601>20190616T15:22:51+2500</dateTime.iso8601>                        </value>                    </member>                    <member>                        <name>subscriberNumberNAI</name>                        <value>                            <int>1</int>                        </value>                    </member>                    <member>                        <name>negotiatedCapabilities</name>                        <value>                            <array>                                <data>                                    <value>                                        <int>268763332</int>                                    </value>                                </data>                            </array>                        </value>                    </member>                    <member>                        <name>subscriberNumber</name>                        <value>                            <string>971520001714</string>                        </value>                    </member>                </struct>            </value>        </param>    </params></methodCall>
16-06-2019 15:23:09 INFO [APIHandler]: Response Code  :200
16-06-2019 15:23:09 INFO [APIHandler]: Response Header  :Date=Sun, 16 Jun 2019 11:23:09 GMT
X-Powered-By=Ericsson
Server=meytvvmair01.menalab.corp.local
Set-Cookie=JSESSIONID=15o8cc9a79h0ors2evt2l373x;Path=/
Expires=Thu, 01 Jan 1970 00:00:00 GMT
Content-Type=text/xml
Content-Length=281
16-06-2019 15:23:09 INFO [APIHandler]: Response   :<?xml version="1.0" encoding="ISO-8859-1"?><methodResponse><fault><value><struct><member><name>faultCode</name><value><i4>1003</i4></value></member><member><name>faultString</name><value><string>Data out of bounds</string></value></member></struct></value></fault></methodResponse>
16-06-2019 15:23:11 INFO [APIHandler]: XXXXXXXXXXXXXXXXXXXXXXX             -E---N---D-             XXXXXXXXXXXXXXXXXXXXXX
