07-07-2019 13:02:27 INFO [APIparam]: Starting execution at +:07-Jul-2019 13:02:24
07-07-2019 13:02:28 INFO [APIparam]: ****************************************************************************************
07-07-2019 13:02:28 INFO [APIparam]: ****************************************************************************************
07-07-2019 13:02:28 INFO [APIparam]: $$$$$$$$$$$$$$$$$$$$$ TC_014 $$$$$$$$$$$$$$$$$$$$$$$$$
07-07-2019 13:02:28 INFO [APIparam]: ****************************************************************************************
07-07-2019 13:02:28 INFO [APIparam]: ****************************************************************************************
07-07-2019 13:02:28 INFO [APIparam]: Firing Request: API_UpdateUsageThresholdsAndCounters
07-07-2019 13:02:28 INFO [APIparam]: originNodeType : EXT
07-07-2019 13:02:28 INFO [APIparam]: originHostName : meydvvmnmt02menalabcorplocal
07-07-2019 13:02:29 INFO [APIparam]: subscriberNumberNAI : 1
07-07-2019 13:02:29 INFO [APIparam]: negotiatedCapabilities : 268763332
07-07-2019 13:02:29 INFO [APIparam]: subscriberNumber : 971520001714
07-07-2019 13:02:29 INFO [APIparam]: usageThresholdValueNew : 0
07-07-2019 13:02:29 INFO [APIparam]: usageThresholdID : 50042101
07-07-2019 13:02:29 INFO [APIparam]: request Fired:<?xml version="1.0" encoding="iso-8859-1"?><methodCall><methodName>UpdateUsageThresholdsAndCounters</methodName><params> <param>  <value>   <struct>    <member>     <name>originNodeType</name>     <value>      <string>EXT</string>     </value>    </member>    <member>     <name>originHostName</name>     <value>      <string>meydvvmnmt02menalabcorplocal</string>     </value>    </member>    <member>     <name>originTransactionID</name>     <value>      <string>2019070713022770</string>     </value>    </member>    <member>     <name>originTimeStamp</name>     <value>      <dateTime.iso8601>20190707T13:02:27+0000</dateTime.iso8601>     </value>    </member>    <member>     <name>subscriberNumberNAI</name>     <value>      <int>1</int>     </value>    </member>    <member>     <name>subscriberNumber</name>     <value>      <string>971520001714</string>     </value>    </member>    <member>     <name>usageThresholdUpdateInformation</name>     <value>      <array>       <data>        <value>         <struct>          <member>           <name>usageThresholdID</name>           <value>            <int>50042101</int>           </value>          </member>          <member>           <name>usageThresholdValueNew</name>           <value>            <string>0</string>           </value>          </member>         </struct>        </value>       </data>      </array>     </value>    </member>   </struct>  </value> </param></params></methodCall>
07-07-2019 13:02:32 INFO [APIparam]: Response Code  :200
07-07-2019 13:02:32 INFO [APIparam]: Response Header  :Date=Sun, 07 Jul 2019 09:02:57 GMT
X-Powered-By=Ericsson
Server=meytvvmair01.menalab.corp.local
Set-Cookie=JSESSIONID=ffh8xerqn1iv1slr70fhldori;Path=/
Expires=Thu, 01 Jan 1970 00:00:00 GMT
Content-Type=text/xml
Content-Length=1933
07-07-2019 13:02:32 INFO [APIparam]: Response   :<?xml version="1.0" encoding="ISO-8859-1"?><methodResponse><params><param><value><struct><member><name>availableServerCapabilities</name><value><array><data><value><i4>939860676</i4></value><value><i4>10028</i4></value></data></array></value></member><member><name>negotiatedCapabilities</name><value><array><data><value><i4>0</i4></value></data></array></value></member><member><name>originTransactionID</name><value><string>2019070713022770</string></value></member><member><name>responseCode</name><value><i4>0</i4></value></member><member><name>usageCounterUsageThresholdInformation</name><value><array><data><value><struct><member><name>productID</name><value><i4>8</i4></value></member><member><name>usageCounterID</name><value><i4>500421</i4></value></member><member><name>usageCounterValue</name><value><string>22740992</string></value></member><member><name>usageThresholdInformation</name><value><array><data><value><struct><member><name>usageThresholdID</name><value><i4>50042101</i4></value></member><member><name>usageThresholdSource</name><value><i4>1</i4></value></member><member><name>usageThresholdValue</name><value><string>0</string></value></member></struct></value></data></array></value></member></struct></value><value><struct><member><name>productID</name><value><i4>0</i4></value></member><member><name>usageCounterID</name><value><i4>500421</i4></value></member><member><name>usageCounterValue</name><value><string>0</string></value></member><member><name>usageThresholdInformation</name><value><array><data><value><struct><member><name>usageThresholdID</name><value><i4>50042101</i4></value></member><member><name>usageThresholdSource</name><value><i4>1</i4></value></member><member><name>usageThresholdValue</name><value><string>0</string></value></member></struct></value></data></array></value></member></struct></value></data></array></value></member></struct></value></param></params></methodResponse>
07-07-2019 13:02:33 INFO [App]: XXXXXXXXXXXXXXXXXXXXXXX             -E---N---D-             XXXXXXXXXXXXXXXXXXXXXX
