26-05-2019 19:15:09 INFO [App]: Starting execution at +: Call Home for Less->USSD_OPT_IN->26-May-2019 19:15:04

26-05-2019 19:15:10 INFO [App]: ****************************************************************************************
26-05-2019 19:15:10 INFO [App]: ****************************************************************************************
26-05-2019 19:15:10 INFO [App]: $$$$$$$$$$$$$$$$$$$$$ TC_001 $$$$$$$$$$$$$$$$$$$$$$$$$
26-05-2019 19:15:10 INFO [App]: ****************************************************************************************
26-05-2019 19:15:10 INFO [App]: ****************************************************************************************
26-05-2019 19:15:43 INFO [App]: Entering code : 6

26-05-2019 19:15:57 INFO [App]: Entering code : 2

26-05-2019 19:16:10 INFO [App]: Entering code : 1

26-05-2019 19:16:24 INFO [App]: Confirmation alert : 1000 International Minutes with Friends & Family bundles starting from 69 dirhams. Dial *135*90#. Thank you for using du interactive services

26-05-2019 19:16:45 INFO [App]: Message not received for the provided USSD

26-05-2019 19:16:53 INFO [App]: XXXXXXXXXXXXXXXXXXXXXXX             -E---N---D-             XXXXXXXXXXXXXXXXXXXXXX
26-05-2019 19:16:53 INFO [App]: Starting execution at +: Call Home for Less->USSD_OPT_OUT->26-May-2019 19:15:04

26-05-2019 19:16:53 INFO [App]: ****************************************************************************************
26-05-2019 19:16:53 INFO [App]: ****************************************************************************************
26-05-2019 19:16:53 INFO [App]: $$$$$$$$$$$$$$$$$$$$$ TC_002 $$$$$$$$$$$$$$$$$$$$$$$$$
26-05-2019 19:16:53 INFO [App]: ****************************************************************************************
26-05-2019 19:16:53 INFO [App]: ****************************************************************************************
26-05-2019 19:17:24 INFO [App]: Entering code : 6

26-05-2019 19:17:36 INFO [App]: Entering code : 2

26-05-2019 19:17:48 INFO [App]: Entering code : 3

26-05-2019 19:18:07 INFO [App]: Confirmation alert : 1000 International Minutes with Friends & Family bundles starting from 69 dirhams. Dial *135*90#. Thank you for using du interactive services

26-05-2019 19:18:32 INFO [App]: Message not received for the provided USSD

26-05-2019 19:18:39 INFO [App]: XXXXXXXXXXXXXXXXXXXXXXX             -E---N---D-             XXXXXXXXXXXXXXXXXXXXXX
26-05-2019 19:18:39 INFO [App]: Starting execution at +: Recharge_More_International->USSD_Recharge->26-May-2019 19:15:04

26-05-2019 19:18:39 INFO [App]: ****************************************************************************************
26-05-2019 19:18:39 INFO [App]: ****************************************************************************************
26-05-2019 19:18:39 INFO [App]: $$$$$$$$$$$$$$$$$$$$$ TC_003 $$$$$$$$$$$$$$$$$$$$$$$$$
26-05-2019 19:18:39 INFO [App]: ****************************************************************************************
26-05-2019 19:18:39 INFO [App]: ****************************************************************************************
26-05-2019 19:19:03 INFO [App]: Confirmation alert : That voucher is already redeemed.  Please use a different voucher to recharge.

26-05-2019 19:19:31 INFO [App]: Message Received : The call home for less offer is active! Call at only 0.6 fils per sec, with a setup fee of AED 1 per call for calls to India, Bangladesh, Pakistan, Afghanistan (except numbers starting with 009378), Egypt, China, Iran, Nepal, Nigeria & Indonesia.

26-05-2019 19:19:43 INFO [App]: XXXXXXXXXXXXXXXXXXXXXXX             -E---N---D-             XXXXXXXXXXXXXXXXXXXXXX
