05-06-2019 12:55:52 INFO [Asnconvertor]: Starting execution at +:05-Jun-2019 12:51:43
05-06-2019 12:55:52 INFO [Asnconvertor]: ****************************************************************************************
05-06-2019 12:55:52 INFO [Asnconvertor]: ****************************************************************************************
05-06-2019 12:55:52 INFO [Asnconvertor]: $$$$$$$$$$$$$$$$$$$$$ Parsing File EDRfile.csv $$$$$$$$$$$$$$$$$$$$$$$$$
05-06-2019 12:55:52 INFO [Asnconvertor]: ****************************************************************************************
05-06-2019 12:55:52 INFO [Asnconvertor]: ****************************************************************************************
05-06-2019 12:55:54 INFO [Asnconvertor]: XXXXXXXXXXXXXXXXXXXXXXX             -E---N---D-             XXXXXXXXXXXXXXXXXXXXXX
05-06-2019 12:55:54 INFO [Asnconvertor]: ****************************************************************************************
05-06-2019 12:55:54 INFO [Asnconvertor]: ****************************************************************************************
05-06-2019 12:55:54 INFO [Asnconvertor]: $$$$$$$$$$$$$$$$$$$$$ Parsing File SDPOUTPUTCDR_4001_meytvvmsdp01_SUB_8514_20190605-123813.ASN $$$$$$$$$$$$$$$$$$$$$$$$$
05-06-2019 12:55:54 INFO [Asnconvertor]: ****************************************************************************************
05-06-2019 12:55:54 INFO [Asnconvertor]: ****************************************************************************************
05-06-2019 12:55:54 INFO [Asnconvertor]: XXXXXXXXXXXXXXXXXXXXXXX             -E---N---D-             XXXXXXXXXXXXXXXXXXXXXX
05-06-2019 12:55:54 INFO [Asnconvertor]: ****************************************************************************************
05-06-2019 12:55:54 INFO [Asnconvertor]: ****************************************************************************************
05-06-2019 12:55:54 INFO [Asnconvertor]: $$$$$$$$$$$$$$$$$$$$$ Parsing File CHARGINGCDR-meytvvmocc01-190605-1252-03206.ber $$$$$$$$$$$$$$$$$$$$$$$$$
05-06-2019 12:55:54 INFO [Asnconvertor]: ****************************************************************************************
05-06-2019 12:55:54 INFO [Asnconvertor]: ****************************************************************************************
05-06-2019 12:55:55 INFO [Asnconvertor]: subscriptionIDValue = 971520001714
05-06-2019 12:55:55 INFO [Asnconvertor]: resultCode = 2001
05-06-2019 12:55:55 INFO [Asnconvertor]: triggerTime = 916050213570304000
05-06-2019 12:55:55 INFO [Asnconvertor]: nodeName = meytvvmocc01
05-06-2019 12:55:55 INFO [Asnconvertor]: serviceContextID = SCAP_V.2.0@ericsson.com
05-06-2019 12:55:55 INFO [Asnconvertor]: chargingContextID = SCAP_V.2.0@ericsson.com
05-06-2019 12:55:55 INFO [Asnconvertor]: serviceSessionID = -:1001:1
05-06-2019 12:55:55 INFO [Asnconvertor]: recordIdentificationNumber = 144F
05-06-2019 12:55:55 INFO [Asnconvertor]: partialSequenceNumber = 0
05-06-2019 12:55:55 INFO [Asnconvertor]: lastPartialOutput = TRUE
05-06-2019 12:55:55 INFO [Asnconvertor]: subscriptionIDType = endUserE164
05-06-2019 12:55:55 INFO [Asnconvertor]: subscriptionIDValue = 971520001714
05-06-2019 12:55:55 INFO [Asnconvertor]: sessionId = 2531244789633
05-06-2019 12:55:55 INFO [Asnconvertor]: lastPartialOutput = TRUE
05-06-2019 12:55:55 INFO [Asnconvertor]: ccRequestNumber = 1
05-06-2019 12:55:55 INFO [Asnconvertor]: originRealm = 6369732E636F6D
05-06-2019 12:55:55 INFO [Asnconvertor]: originHost = 31302E39352E3231342E313337
05-06-2019 12:55:55 INFO [Asnconvertor]: serviceIdentifier = 1001
05-06-2019 12:55:55 INFO [Asnconvertor]: tariffChangeUsage = before
05-06-2019 12:55:55 INFO [Asnconvertor]: eventTime = 32303139303630353132353135352B30343030
05-06-2019 12:55:55 INFO [Asnconvertor]: triggerTime = 32303139303630353132353330372B30343030
05-06-2019 12:55:55 INFO [Asnconvertor]: serviceScenario = mobileOriginating
05-06-2019 12:55:55 INFO [Asnconvertor]: roamingPosition = insideHPLMN
05-06-2019 12:55:55 INFO [Asnconvertor]: servedAccount = 81795102007141
05-06-2019 12:55:55 INFO [Asnconvertor]: serviceClassID = 1001
05-06-2019 12:55:55 INFO [Asnconvertor]: accountGroupID = 0
05-06-2019 12:55:55 INFO [Asnconvertor]: accountValueBefore = 
                        0
                        6
                        784
                     
05-06-2019 12:55:55 INFO [Asnconvertor]: amount = 0
05-06-2019 12:55:55 INFO [Asnconvertor]: decimals = 6
05-06-2019 12:55:55 INFO [Asnconvertor]: currency = 784
05-06-2019 12:55:55 INFO [Asnconvertor]: accountValueAfter = 
                        0
                        6
                        784
                     
05-06-2019 12:55:55 INFO [Asnconvertor]: amount = 0
05-06-2019 12:55:55 INFO [Asnconvertor]: decimals = 6
05-06-2019 12:55:55 INFO [Asnconvertor]: currency = 784
05-06-2019 12:55:55 INFO [Asnconvertor]: accumulatorID = 61
05-06-2019 12:55:55 INFO [Asnconvertor]: accumulatorChange = 0
05-06-2019 12:55:55 INFO [Asnconvertor]: accumulatorAfter = 1
05-06-2019 12:55:55 INFO [Asnconvertor]: accumulatorBeforeSession = 1
05-06-2019 12:55:55 INFO [Asnconvertor]: XXXXXXXXXXXXXXXXXXXXXXX             -E---N---D-             XXXXXXXXXXXXXXXXXXXXXX
05-06-2019 12:55:55 INFO [App]: Starting execution at +: 820->USSD_OPT_OUT->05-Jun-2019 12:51:43

05-06-2019 12:56:07 INFO [App]: Error occured, please check with screenshot

05-06-2019 12:56:09 INFO [App]: Confirmation alert : USSD code running…

05-06-2019 12:56:14 INFO [App]: Error occured, please check with screenshot

05-06-2019 12:56:16 INFO [App]: Confirmation alert : USSD code running…

05-06-2019 12:56:22 INFO [App]: Error occured, please check with screenshot

05-06-2019 12:56:23 INFO [App]: Confirmation alert : Connection problem or invalid MMI code.

05-06-2019 12:56:27 INFO [App]: Entering code : 3

