19-06-2019 15:18:30 INFO [Asnconvertor]: Starting execution at +:19-Jun-2019 15:01:06
19-06-2019 15:18:30 INFO [Asnconvertor]: ****************************************************************************************
19-06-2019 15:18:30 INFO [Asnconvertor]: ****************************************************************************************
19-06-2019 15:18:30 INFO [Asnconvertor]: $$$$$$$$$$$$$$$$$$$$$ Parsing File SDPOUTPUTCDR_4001_meytvvmsdp01_SUB_2084_20190619-150201.ASN $$$$$$$$$$$$$$$$$$$$$$$$$
19-06-2019 15:18:30 INFO [Asnconvertor]: ****************************************************************************************
19-06-2019 15:18:30 INFO [Asnconvertor]: ****************************************************************************************
19-06-2019 15:18:31 INFO [Asnconvertor]: ****************************************************************************************
19-06-2019 15:18:31 INFO [Asnconvertor]: ****************************************************************************************
19-06-2019 15:18:31 INFO [Asnconvertor]: $$$$$$$$$$$$$$$$$$$$$ Parsing File CHARGINGCDR-meytvvmocc01-190619-1500-04585.ber $$$$$$$$$$$$$$$$$$$$$$$$$
19-06-2019 15:18:31 INFO [Asnconvertor]: ****************************************************************************************
19-06-2019 15:18:31 INFO [Asnconvertor]: ****************************************************************************************
19-06-2019 15:18:32 INFO [Asnconvertor]: subscriptionIDValue = 971520001714
19-06-2019 15:18:32 INFO [Asnconvertor]: resultCode = 2001
19-06-2019 15:18:32 INFO [Asnconvertor]: triggerTime = 916091513082304000
19-06-2019 15:18:32 INFO [Asnconvertor]: nodeName = meytvvmocc01
19-06-2019 15:18:32 INFO [Asnconvertor]: serviceContextID = SCAP_V.2.0@ericsson.com
19-06-2019 15:18:32 INFO [Asnconvertor]: chargingContextID = SCAP_V.2.0@ericsson.com
19-06-2019 15:18:32 INFO [Asnconvertor]: serviceSessionID = -:1001:1
19-06-2019 15:18:32 INFO [Asnconvertor]: recordIdentificationNumber = 1E3E
19-06-2019 15:18:32 INFO [Asnconvertor]: partialSequenceNumber = 0
19-06-2019 15:18:32 INFO [Asnconvertor]: lastPartialOutput = TRUE
19-06-2019 15:18:32 INFO [Asnconvertor]: subscriptionIDType = endUserE164
19-06-2019 15:18:32 INFO [Asnconvertor]: subscriptionIDValue = 971520001714
19-06-2019 15:18:32 INFO [Asnconvertor]: sessionId = 2532462210093
19-06-2019 15:18:32 INFO [Asnconvertor]: lastPartialOutput = TRUE
19-06-2019 15:18:32 INFO [Asnconvertor]: ccRequestNumber = 1
19-06-2019 15:18:32 INFO [Asnconvertor]: originRealm = 6369732E636F6D
19-06-2019 15:18:32 INFO [Asnconvertor]: originHost = 31302E39352E3231342E313337
19-06-2019 15:18:32 INFO [Asnconvertor]: serviceIdentifier = 1001
19-06-2019 15:18:32 INFO [Asnconvertor]: tariffChangeUsage = before
19-06-2019 15:18:32 INFO [Asnconvertor]: eventTime = 32303139303631393135303231332B30343030
19-06-2019 15:18:32 INFO [Asnconvertor]: triggerTime = 32303139303631393135303332382B30343030
19-06-2019 15:18:32 INFO [Asnconvertor]: serviceScenario = mobileOriginating
19-06-2019 15:18:32 INFO [Asnconvertor]: roamingPosition = insideHPLMN
19-06-2019 15:18:32 INFO [Asnconvertor]: servedAccount = 81795102007141
19-06-2019 15:18:32 INFO [Asnconvertor]: serviceClassID = 1001
19-06-2019 15:18:32 INFO [Asnconvertor]: accountGroupID = 0
19-06-2019 15:18:32 INFO [Asnconvertor]: accountValueBefore = 
                        0
                        6
                        784
                     
19-06-2019 15:18:32 INFO [Asnconvertor]: amount = 0
19-06-2019 15:18:32 INFO [Asnconvertor]: decimals = 6
19-06-2019 15:18:32 INFO [Asnconvertor]: currency = 784
19-06-2019 15:18:32 INFO [Asnconvertor]: accountValueAfter = 
                        0
                        6
                        784
                     
19-06-2019 15:18:32 INFO [Asnconvertor]: amount = 0
19-06-2019 15:18:32 INFO [Asnconvertor]: decimals = 6
19-06-2019 15:18:32 INFO [Asnconvertor]: currency = 784
19-06-2019 15:18:32 INFO [Asnconvertor]: accumulatorID = 61
19-06-2019 15:18:32 INFO [Asnconvertor]: accumulatorChange = 0
19-06-2019 15:18:32 INFO [Asnconvertor]: accumulatorAfter = 1
19-06-2019 15:18:32 INFO [Asnconvertor]: accumulatorBeforeSession = 1
