04-06-2019 12:52:45 INFO [Asnconvertor]: Starting execution at +:04-Jun-2019 12:48:19
04-06-2019 12:52:45 INFO [Asnconvertor]: ****************************************************************************************
04-06-2019 12:52:45 INFO [Asnconvertor]: ****************************************************************************************
04-06-2019 12:52:45 INFO [Asnconvertor]: $$$$$$$$$$$$$$$$$$$$$ Parsing File EDRfile.csv $$$$$$$$$$$$$$$$$$$$$$$$$
04-06-2019 12:52:45 INFO [Asnconvertor]: ****************************************************************************************
04-06-2019 12:52:45 INFO [Asnconvertor]: ****************************************************************************************
04-06-2019 12:52:46 INFO [Asnconvertor]: XXXXXXXXXXXXXXXXXXXXXXX             -E---N---D-             XXXXXXXXXXXXXXXXXXXXXX
04-06-2019 12:52:46 INFO [Asnconvertor]: ****************************************************************************************
04-06-2019 12:52:46 INFO [Asnconvertor]: ****************************************************************************************
04-06-2019 12:52:46 INFO [Asnconvertor]: $$$$$$$$$$$$$$$$$$$$$ Parsing File SDPOUTPUTCDR_4001_meytvvmsdp01_SUB_8287_20190604-122146.ASN $$$$$$$$$$$$$$$$$$$$$$$$$
04-06-2019 12:52:46 INFO [Asnconvertor]: ****************************************************************************************
04-06-2019 12:52:46 INFO [Asnconvertor]: ****************************************************************************************
04-06-2019 12:52:47 INFO [Asnconvertor]: accountNumber = 971520001714
04-06-2019 12:52:47 INFO [Asnconvertor]: adjustmentRecordType = refillCDR
04-06-2019 12:52:47 INFO [Asnconvertor]: sdpID = meytvvmsdp01
04-06-2019 12:52:47 INFO [Asnconvertor]: cdrID = 148353153999014653
04-06-2019 12:52:47 INFO [Asnconvertor]: accountNumber = 971520001714
04-06-2019 12:52:47 INFO [Asnconvertor]: subscriberNumber = 971520001714
04-06-2019 12:52:47 INFO [Asnconvertor]: adjustmentTimeStamp = 20190604122146+0400
04-06-2019 12:52:47 INFO [Asnconvertor]: serviceClassId = 1001
04-06-2019 12:52:47 INFO [Asnconvertor]: currencyType = 0
04-06-2019 12:52:47 INFO [Asnconvertor]: originNodeType = CIS
04-06-2019 12:52:47 INFO [Asnconvertor]: originNodeId = CIS
04-06-2019 12:52:47 INFO [Asnconvertor]: origTransactionID = 2531156584664
04-06-2019 12:52:47 INFO [Asnconvertor]: origTransactionTimeStamp = 20190604122302+0400
04-06-2019 12:52:47 INFO [Asnconvertor]: originOperatorId = CIS
04-06-2019 12:52:47 INFO [Asnconvertor]: accountFlagsBefore = 10000000
04-06-2019 12:52:47 INFO [Asnconvertor]: accountFlagsAfter = 10000000
04-06-2019 12:52:47 INFO [Asnconvertor]: activationDate = 20190310
04-06-2019 12:52:47 INFO [Asnconvertor]: offerID = 1001
04-06-2019 12:52:47 INFO [Asnconvertor]: action = set
04-06-2019 12:52:47 INFO [Asnconvertor]: offerType = timer
04-06-2019 12:52:47 INFO [Asnconvertor]: offerDisabledAfter = FALSE
04-06-2019 12:52:47 INFO [Asnconvertor]: XXXXXXXXXXXXXXXXXXXXXXX             -E---N---D-             XXXXXXXXXXXXXXXXXXXXXX
04-06-2019 12:52:47 INFO [Asnconvertor]: ****************************************************************************************
04-06-2019 12:52:47 INFO [Asnconvertor]: ****************************************************************************************
04-06-2019 12:52:47 INFO [Asnconvertor]: $$$$$$$$$$$$$$$$$$$$$ Parsing File CHARGINGCDR-meytvvmocc01-190604-1248-03105.ber $$$$$$$$$$$$$$$$$$$$$$$$$
04-06-2019 12:52:47 INFO [Asnconvertor]: ****************************************************************************************
04-06-2019 12:52:47 INFO [Asnconvertor]: ****************************************************************************************
04-06-2019 12:52:48 INFO [Asnconvertor]: subscriptionIDValue = 971550000506
04-06-2019 12:52:48 INFO [Asnconvertor]: triggerTime = 916040219440304000
04-06-2019 12:52:48 INFO [Asnconvertor]: nodeName = meytvvmocc01
04-06-2019 12:52:48 INFO [Asnconvertor]: serviceContextID = SCAP_V.2.0@ericsson.com
04-06-2019 12:52:48 INFO [Asnconvertor]: chargingContextID = SCAP_V.2.0@ericsson.com
04-06-2019 12:52:48 INFO [Asnconvertor]: serviceSessionID = -:1001:1
04-06-2019 12:52:48 INFO [Asnconvertor]: recordIdentificationNumber = 1351
04-06-2019 12:52:48 INFO [Asnconvertor]: partialSequenceNumber = 0
04-06-2019 12:52:48 INFO [Asnconvertor]: lastPartialOutput = TRUE
04-06-2019 12:52:48 INFO [Asnconvertor]: subscriptionIDType = endUserE164
04-06-2019 12:52:48 INFO [Asnconvertor]: subscriptionIDValue = 971550000506
04-06-2019 12:52:48 INFO [Asnconvertor]: sessionId = 2531188144599
04-06-2019 12:52:48 INFO [Asnconvertor]: ccRequestNumber = 1
04-06-2019 12:52:48 INFO [Asnconvertor]: originRealm = 6369732E636F6D
04-06-2019 12:52:48 INFO [Asnconvertor]: originHost = 6D65797476766D6369733032
04-06-2019 12:52:48 INFO [Asnconvertor]: serviceIdentifier = 1001
04-06-2019 12:52:48 INFO [Asnconvertor]: tariffChangeUsage = before
04-06-2019 12:52:48 INFO [Asnconvertor]: amount = 0
04-06-2019 12:52:48 INFO [Asnconvertor]: decimals = 2
04-06-2019 12:52:48 INFO [Asnconvertor]: currency = 784
04-06-2019 12:52:48 INFO [Asnconvertor]: eventTime = 32303139303630343132343734382B30343030
04-06-2019 12:52:48 INFO [Asnconvertor]: triggerTime = 916040219440304000
04-06-2019 12:52:48 INFO [Asnconvertor]: serviceScenario = mobileOriginating
04-06-2019 12:52:48 INFO [Asnconvertor]: roamingPosition = insideHPLMN
04-06-2019 12:52:48 INFO [Asnconvertor]: servedAccount = 81795105005060
04-06-2019 12:52:48 INFO [Asnconvertor]: serviceClassID = 1051
04-06-2019 12:52:48 INFO [Asnconvertor]: accountGroupID = 0
04-06-2019 12:52:48 INFO [Asnconvertor]: accountValueBefore = 0 6 784
04-06-2019 12:52:48 INFO [Asnconvertor]: amount = 0
04-06-2019 12:52:48 INFO [Asnconvertor]: decimals = 6
04-06-2019 12:52:48 INFO [Asnconvertor]: currency = 784
04-06-2019 12:52:48 INFO [Asnconvertor]: accountValueAfter = 0 6 784
04-06-2019 12:52:48 INFO [Asnconvertor]: amount = 0
04-06-2019 12:52:48 INFO [Asnconvertor]: decimals = 6
04-06-2019 12:52:48 INFO [Asnconvertor]: currency = 784
04-06-2019 12:52:48 INFO [Asnconvertor]: XXXXXXXXXXXXXXXXXXXXXXX             -E---N---D-             XXXXXXXXXXXXXXXXXXXXXX
