01-07-2019 19:13:29 INFO [Asnconvertor]: Starting execution at +:01-Jul-2019 18:56:21
01-07-2019 19:13:29 INFO [Asnconvertor]: ****************************************************************************************
01-07-2019 19:13:29 INFO [Asnconvertor]: ****************************************************************************************
01-07-2019 19:13:29 INFO [Asnconvertor]: $$$$$$$$$$$$$$$$$$$$$ Parsing File SDPOUTPUTCDR_4001_meytvvmsdp01_TRF_1512_20190701-183727.ASN $$$$$$$$$$$$$$$$$$$$$$$$$
01-07-2019 19:13:29 INFO [Asnconvertor]: ****************************************************************************************
01-07-2019 19:13:29 INFO [Asnconvertor]: ****************************************************************************************
01-07-2019 19:13:29 INFO [Asnconvertor]: ****************************************************************************************
01-07-2019 19:13:29 INFO [Asnconvertor]: ****************************************************************************************
01-07-2019 19:13:29 INFO [Asnconvertor]: $$$$$$$$$$$$$$$$$$$$$ Parsing File CHARGINGCDR-meytvvmocc01-190701-1837-05754.ber $$$$$$$$$$$$$$$$$$$$$$$$$
01-07-2019 19:13:29 INFO [Asnconvertor]: ****************************************************************************************
01-07-2019 19:13:29 INFO [Asnconvertor]: ****************************************************************************************
01-07-2019 19:13:30 INFO [Asnconvertor]: subscriptionIDValue = 971520001714
01-07-2019 19:13:30 INFO [Asnconvertor]: resultCode = 2001
01-07-2019 19:13:30 INFO [Asnconvertor]: triggerTime = 917010818354304000
01-07-2019 19:13:30 INFO [Asnconvertor]: nodeName = meytvvmocc01
01-07-2019 19:13:30 INFO [Asnconvertor]: serviceContextID = SCAP_V.2.0@ericsson.com
01-07-2019 19:13:30 INFO [Asnconvertor]: chargingContextID = SCAP_V.2.0@ericsson.com
01-07-2019 19:13:30 INFO [Asnconvertor]: serviceSessionID = -:1002:1
01-07-2019 19:13:30 INFO [Asnconvertor]: recordIdentificationNumber = 2584
01-07-2019 19:13:30 INFO [Asnconvertor]: partialSequenceNumber = 0
01-07-2019 19:13:30 INFO [Asnconvertor]: lastPartialOutput = TRUE
01-07-2019 19:13:30 INFO [Asnconvertor]: subscriptionIDType = endUserE164
01-07-2019 19:13:30 INFO [Asnconvertor]: subscriptionIDValue = 971520001714
01-07-2019 19:13:30 INFO [Asnconvertor]: sessionId = 2533511926878
01-07-2019 19:13:30 INFO [Asnconvertor]: lastPartialOutput = TRUE
01-07-2019 19:13:30 INFO [Asnconvertor]: ccRequestNumber = 1
01-07-2019 19:13:30 INFO [Asnconvertor]: originRealm = 6369732E636F6D
01-07-2019 19:13:30 INFO [Asnconvertor]: originHost = 31302E39352E3231342E313337
01-07-2019 19:13:30 INFO [Asnconvertor]: serviceIdentifier = 1002
01-07-2019 19:13:30 INFO [Asnconvertor]: tariffChangeUsage = before
01-07-2019 19:13:30 INFO [Asnconvertor]: eventTime = 32303139303730313138333732372B30343030
01-07-2019 19:13:30 INFO [Asnconvertor]: triggerTime = 32303139303730313138333834352B30343030
01-07-2019 19:13:30 INFO [Asnconvertor]: serviceScenario = mobileOriginating
01-07-2019 19:13:30 INFO [Asnconvertor]: roamingPosition = insideHPLMN
01-07-2019 19:13:30 INFO [Asnconvertor]: servedAccount = 81795102007141
01-07-2019 19:13:30 INFO [Asnconvertor]: serviceClassID = 1001
01-07-2019 19:13:30 INFO [Asnconvertor]: accountGroupID = 0
01-07-2019 19:13:30 INFO [Asnconvertor]: accountValueBefore = 
                        0
                        6
                        784
                     
01-07-2019 19:13:30 INFO [Asnconvertor]: amount = 0
01-07-2019 19:13:30 INFO [Asnconvertor]: decimals = 6
01-07-2019 19:13:30 INFO [Asnconvertor]: currency = 784
01-07-2019 19:13:30 INFO [Asnconvertor]: accountValueAfter = 
                        0
                        6
                        784
                     
01-07-2019 19:13:30 INFO [Asnconvertor]: amount = 0
01-07-2019 19:13:30 INFO [Asnconvertor]: decimals = 6
01-07-2019 19:13:30 INFO [Asnconvertor]: currency = 784
01-07-2019 19:13:30 INFO [Asnconvertor]: accumulatorID = 61
01-07-2019 19:13:30 INFO [Asnconvertor]: accumulatorChange = 0
01-07-2019 19:13:30 INFO [Asnconvertor]: accumulatorAfter = 1
01-07-2019 19:13:30 INFO [Asnconvertor]: accumulatorBeforeSession = 1
01-07-2019 19:13:31 INFO [App]: XXXXXXXXXXXXXXXXXXXXXXX             -E---N---D-             XXXXXXXXXXXXXXXXXXXXXX
01-07-2019 19:13:31 INFO [App]: XXXXXXXXXXXXXXXXXXXXXXX             -E---N---D-             XXXXXXXXXXXXXXXXXXXXXX
