11-07-2019 13:15:34 INFO [Asnconvertor]: Starting execution at +:11-Jul-2019 13:06:36
11-07-2019 13:15:34 INFO [Asnconvertor]: ****************************************************************************************
11-07-2019 13:15:34 INFO [Asnconvertor]: ****************************************************************************************
11-07-2019 13:15:34 INFO [Asnconvertor]: $$$$$$$$$$$$$$$$$$$$$ Parsing File meydvvmcis03_EDR_CISOnline1.csv $$$$$$$$$$$$$$$$$$$$$$$$$
11-07-2019 13:15:34 INFO [Asnconvertor]: ****************************************************************************************
11-07-2019 13:15:34 INFO [Asnconvertor]: ****************************************************************************************
11-07-2019 13:15:34 INFO [Asnconvertor]: ****************************************************************************************
11-07-2019 13:15:34 INFO [Asnconvertor]: ****************************************************************************************
11-07-2019 13:15:34 INFO [Asnconvertor]: $$$$$$$$$$$$$$$$$$$$$ Parsing File SDPOUTPUTCDR_4001_meytvvmsdp01_TRF_1871_20190711-124815.ASN $$$$$$$$$$$$$$$$$$$$$$$$$
11-07-2019 13:15:34 INFO [Asnconvertor]: ****************************************************************************************
11-07-2019 13:15:34 INFO [Asnconvertor]: ****************************************************************************************
11-07-2019 13:15:35 INFO [Asnconvertor]: ****************************************************************************************
11-07-2019 13:15:35 INFO [Asnconvertor]: ****************************************************************************************
11-07-2019 13:15:35 INFO [Asnconvertor]: $$$$$$$$$$$$$$$$$$$$$ Parsing File CHARGINGCDR-meytvvmocc01-190711-1306-06832.ber $$$$$$$$$$$$$$$$$$$$$$$$$
11-07-2019 13:15:35 INFO [Asnconvertor]: ****************************************************************************************
11-07-2019 13:15:35 INFO [Asnconvertor]: ****************************************************************************************
11-07-2019 13:15:35 INFO [Asnconvertor]: subscriptionIDValue = 971520001714
11-07-2019 13:15:35 INFO [Asnconvertor]: resultCode = 2001
11-07-2019 13:15:35 INFO [Asnconvertor]: triggerTime = 917011317050304000
11-07-2019 13:15:35 INFO [Asnconvertor]: nodeName = meytvvmocc01
11-07-2019 13:15:35 INFO [Asnconvertor]: serviceContextID = SCAP_V.2.0@ericsson.com
11-07-2019 13:15:35 INFO [Asnconvertor]: chargingContextID = SCAP_V.2.0@ericsson.com
11-07-2019 13:15:35 INFO [Asnconvertor]: serviceSessionID = -:1001:1
11-07-2019 13:15:35 INFO [Asnconvertor]: recordIdentificationNumber = 2C60
11-07-2019 13:15:35 INFO [Asnconvertor]: partialSequenceNumber = 0
11-07-2019 13:15:35 INFO [Asnconvertor]: lastPartialOutput = TRUE
11-07-2019 13:15:35 INFO [Asnconvertor]: subscriptionIDType = endUserE164
11-07-2019 13:15:35 INFO [Asnconvertor]: subscriptionIDValue = 971520001714
11-07-2019 13:15:35 INFO [Asnconvertor]: sessionId = 2534356027415
11-07-2019 13:15:35 INFO [Asnconvertor]: lastPartialOutput = TRUE
11-07-2019 13:15:35 INFO [Asnconvertor]: ccRequestNumber = 1
11-07-2019 13:15:35 INFO [Asnconvertor]: originRealm = 6369732E636F6D
11-07-2019 13:15:35 INFO [Asnconvertor]: originHost = 31302E39352E3231342E313337
11-07-2019 13:15:36 INFO [Asnconvertor]: serviceIdentifier = 1001
11-07-2019 13:15:36 INFO [Asnconvertor]: tariffChangeUsage = before
11-07-2019 13:15:36 INFO [Asnconvertor]: eventTime = 32303139303731313133303631302B30343030
11-07-2019 13:15:36 INFO [Asnconvertor]: triggerTime = 32303139303731313133303730352B30343030
11-07-2019 13:15:36 INFO [Asnconvertor]: serviceScenario = mobileOriginating
11-07-2019 13:15:36 INFO [Asnconvertor]: roamingPosition = insideHPLMN
11-07-2019 13:15:36 INFO [Asnconvertor]: servedAccount = 81795102007141
11-07-2019 13:15:36 INFO [Asnconvertor]: serviceClassID = 1001
11-07-2019 13:15:36 INFO [Asnconvertor]: accountGroupID = 0
11-07-2019 13:15:36 INFO [Asnconvertor]: accountValueBefore = 
                        0
                        6
                        784
                     
11-07-2019 13:15:36 INFO [Asnconvertor]: amount = 0
11-07-2019 13:15:36 INFO [Asnconvertor]: decimals = 6
11-07-2019 13:15:36 INFO [Asnconvertor]: currency = 784
11-07-2019 13:15:36 INFO [Asnconvertor]: accountValueAfter = 
                        0
                        6
                        784
                     
11-07-2019 13:15:36 INFO [Asnconvertor]: amount = 0
11-07-2019 13:15:36 INFO [Asnconvertor]: decimals = 6
11-07-2019 13:15:36 INFO [Asnconvertor]: currency = 784
11-07-2019 13:15:36 INFO [Asnconvertor]: accumulatorID = 61
11-07-2019 13:15:36 INFO [Asnconvertor]: accumulatorChange = 0
11-07-2019 13:15:36 INFO [Asnconvertor]: accumulatorAfter = 1
11-07-2019 13:15:36 INFO [Asnconvertor]: accumulatorBeforeSession = 1
11-07-2019 13:15:36 INFO [App]: XXXXXXXXXXXXXXXXXXXXXXX             -E---N---D-             XXXXXXXXXXXXXXXXXXXXXX
11-07-2019 13:15:36 INFO [App]: XXXXXXXXXXXXXXXXXXXXXXX             -E---N---D-             XXXXXXXXXXXXXXXXXXXXXX
11-07-2019 13:15:37 INFO [App]: XXXXXXXXXXXXXXXXXXXXXXX             -E---N---D-             XXXXXXXXXXXXXXXXXXXXXX
