05-06-2019 13:28:58 INFO [Asnconvertor]: Starting execution at +:05-Jun-2019 13:21:05
05-06-2019 13:28:58 INFO [Asnconvertor]: ****************************************************************************************
05-06-2019 13:28:58 INFO [Asnconvertor]: ****************************************************************************************
05-06-2019 13:28:58 INFO [Asnconvertor]: $$$$$$$$$$$$$$$$$$$$$ Parsing File EDRfile.csv $$$$$$$$$$$$$$$$$$$$$$$$$
05-06-2019 13:28:58 INFO [Asnconvertor]: ****************************************************************************************
05-06-2019 13:28:58 INFO [Asnconvertor]: ****************************************************************************************
05-06-2019 13:28:59 INFO [Asnconvertor]: XXXXXXXXXXXXXXXXXXXXXXX             -E---N---D-             XXXXXXXXXXXXXXXXXXXXXX
05-06-2019 13:28:59 INFO [Asnconvertor]: ****************************************************************************************
05-06-2019 13:28:59 INFO [Asnconvertor]: ****************************************************************************************
05-06-2019 13:28:59 INFO [Asnconvertor]: $$$$$$$$$$$$$$$$$$$$$ Parsing File SDPOUTPUTCDR_4001_meytvvmsdp01_SUB_8531_20190605-132036.ASN $$$$$$$$$$$$$$$$$$$$$$$$$
05-06-2019 13:28:59 INFO [Asnconvertor]: ****************************************************************************************
05-06-2019 13:28:59 INFO [Asnconvertor]: ****************************************************************************************
05-06-2019 13:28:59 INFO [Asnconvertor]: XXXXXXXXXXXXXXXXXXXXXXX             -E---N---D-             XXXXXXXXXXXXXXXXXXXXXX
05-06-2019 13:28:59 INFO [Asnconvertor]: ****************************************************************************************
05-06-2019 13:28:59 INFO [Asnconvertor]: ****************************************************************************************
05-06-2019 13:28:59 INFO [Asnconvertor]: $$$$$$$$$$$$$$$$$$$$$ Parsing File CHARGINGCDR-meytvvmocc01-190605-1321-03216.ber $$$$$$$$$$$$$$$$$$$$$$$$$
05-06-2019 13:28:59 INFO [Asnconvertor]: ****************************************************************************************
05-06-2019 13:28:59 INFO [Asnconvertor]: ****************************************************************************************
05-06-2019 13:29:00 INFO [Asnconvertor]: subscriptionIDValue = 971520001714
05-06-2019 13:29:00 INFO [Asnconvertor]: resultCode = 2001
05-06-2019 13:29:00 INFO [Asnconvertor]: triggerTime = 916050312262304000
05-06-2019 13:29:00 INFO [Asnconvertor]: nodeName = meytvvmocc01
05-06-2019 13:29:00 INFO [Asnconvertor]: serviceContextID = SCAP_V.2.0@ericsson.com
05-06-2019 13:29:00 INFO [Asnconvertor]: chargingContextID = SCAP_V.2.0@ericsson.com
05-06-2019 13:29:00 INFO [Asnconvertor]: serviceSessionID = -:1001:1
05-06-2019 13:29:00 INFO [Asnconvertor]: recordIdentificationNumber = 145F
05-06-2019 13:29:00 INFO [Asnconvertor]: partialSequenceNumber = 0
05-06-2019 13:29:00 INFO [Asnconvertor]: lastPartialOutput = TRUE
05-06-2019 13:29:00 INFO [Asnconvertor]: subscriptionIDType = endUserE164
05-06-2019 13:29:00 INFO [Asnconvertor]: subscriptionIDValue = 971520001714
05-06-2019 13:29:00 INFO [Asnconvertor]: sessionId = 2531246548332
05-06-2019 13:29:00 INFO [Asnconvertor]: lastPartialOutput = TRUE
05-06-2019 13:29:00 INFO [Asnconvertor]: ccRequestNumber = 1
05-06-2019 13:29:00 INFO [Asnconvertor]: originRealm = 6369732E636F6D
05-06-2019 13:29:00 INFO [Asnconvertor]: originHost = 31302E39352E3231342E313337
05-06-2019 13:29:00 INFO [Asnconvertor]: serviceIdentifier = 1001
05-06-2019 13:29:00 INFO [Asnconvertor]: tariffChangeUsage = before
05-06-2019 13:29:00 INFO [Asnconvertor]: eventTime = 32303139303630353133323131342B30343030
05-06-2019 13:29:00 INFO [Asnconvertor]: triggerTime = 32303139303630353133323232362B30343030
05-06-2019 13:29:00 INFO [Asnconvertor]: serviceScenario = mobileOriginating
05-06-2019 13:29:00 INFO [Asnconvertor]: roamingPosition = insideHPLMN
05-06-2019 13:29:00 INFO [Asnconvertor]: servedAccount = 81795102007141
05-06-2019 13:29:00 INFO [Asnconvertor]: serviceClassID = 1001
05-06-2019 13:29:00 INFO [Asnconvertor]: accountGroupID = 0
05-06-2019 13:29:00 INFO [Asnconvertor]: accountValueBefore = 
                        0
                        6
                        784
                     
05-06-2019 13:29:00 INFO [Asnconvertor]: amount = 0
05-06-2019 13:29:00 INFO [Asnconvertor]: decimals = 6
05-06-2019 13:29:00 INFO [Asnconvertor]: currency = 784
05-06-2019 13:29:00 INFO [Asnconvertor]: accountValueAfter = 
                        0
                        6
                        784
                     
05-06-2019 13:29:00 INFO [Asnconvertor]: amount = 0
05-06-2019 13:29:00 INFO [Asnconvertor]: decimals = 6
05-06-2019 13:29:00 INFO [Asnconvertor]: currency = 784
05-06-2019 13:29:00 INFO [Asnconvertor]: accumulatorID = 61
05-06-2019 13:29:00 INFO [Asnconvertor]: accumulatorChange = 0
05-06-2019 13:29:00 INFO [Asnconvertor]: accumulatorAfter = 1
05-06-2019 13:29:00 INFO [Asnconvertor]: accumulatorBeforeSession = 1
05-06-2019 13:29:00 INFO [Asnconvertor]: XXXXXXXXXXXXXXXXXXXXXXX             -E---N---D-             XXXXXXXXXXXXXXXXXXXXXX
