16-06-2019 15:37:41 INFO [APIHandler]: Starting execution at +:16-Jun-2019 15:37:40
16-06-2019 15:37:47 INFO [APIHandler]: ****************************************************************************************
16-06-2019 15:37:47 INFO [APIHandler]: ****************************************************************************************
16-06-2019 15:37:47 INFO [APIHandler]: $$$$$$$$$$$$$$$$$$$$$ TC_003 $$$$$$$$$$$$$$$$$$$$$$$$$
16-06-2019 15:37:47 INFO [APIHandler]: ****************************************************************************************
16-06-2019 15:37:47 INFO [APIHandler]: ****************************************************************************************
16-06-2019 15:37:47 INFO [APIHandler]: Firing Request: GetAccountDetails
16-06-2019 15:37:47 INFO [APIHandler]: originNodeType : EXT
16-06-2019 15:37:47 INFO [APIHandler]: originHostName : meydvvmnmt02menalabcorplocal
16-06-2019 15:37:47 INFO [APIHandler]: subscriberNumberNAI : 1
16-06-2019 15:37:47 INFO [APIHandler]: negotiatedCapabilities : 268763332
16-06-2019 15:37:47 INFO [APIHandler]: request Fired:<soapenv:Body>		  <ns:unconfigure>			<methodCall>				<methodName>GetAccountDetails</methodName>				<params>					<param>						<value>							<struct>								<member>									<name>originNodeType</name>									<value>										<string>EXT</string>									</value>								</member>								<member>									<name>originHostName</name>									<value>										<string>meydvvmnmt02menalabcorplocal</string>									</value>								</member>								<member>									<name>originTransactionID</name>									<value>										<string>2019061615374134</string>									</value>								</member>								<member>									<name>originTimeStamp</name>									<value>										<dateTime.iso8601>20190616T15:37:41+3420</dateTime.iso8601>									</value>								</member>								<member>									<name>subscriberNumberNAI</name>									<value>										<int>1</int>									</value>								</member>								<member>									<name>negotiatedCapabilities</name>									<value>										<array>											<data>												<value>													<int>268763332</int>												</value>											</data>										</array>									</value>								</member>								<member>									<name>subscriberNumber</name>									<value>										<string>971520001714</string>									</value>								</member>							</struct>						</value>					</param>				</params>			</methodCall>		  </ns:unconfigure></soapenv:Body>
16-06-2019 15:38:04 INFO [APIHandler]: Response Code  :200
16-06-2019 15:38:04 INFO [APIHandler]: Response Header  :Date=Sun, 16 Jun 2019 11:38:03 GMT
X-Powered-By=Ericsson
Server=meytvvmair01.menalab.corp.local
Set-Cookie=JSESSIONID=1utvg8jtwed4l1voekpzqiz7qf;Path=/
Expires=Thu, 01 Jan 1970 00:00:00 GMT
Content-Type=text/xml
Content-Length=286
16-06-2019 15:38:04 INFO [APIHandler]: Response   :<?xml version="1.0" encoding="ISO-8859-1"?><methodResponse><fault><value><struct><member><name>faultCode</name><value><i4>1000</i4></value></member><member><name>faultString</name><value><string>Illegal request message</string></value></member></struct></value></fault></methodResponse>
16-06-2019 15:38:08 INFO [APIHandler]: XXXXXXXXXXXXXXXXXXXXXXX             -E---N---D-             XXXXXXXXXXXXXXXXXXXXXX
