27-06-2019 18:32:18 INFO [APIHandler]: Starting execution at +:27-Jun-2019 18:23:33
27-06-2019 18:32:19 INFO [APIHandler]: ****************************************************************************************
27-06-2019 18:32:19 INFO [APIHandler]: ****************************************************************************************
27-06-2019 18:32:19 INFO [APIHandler]: $$$$$$$$$$$$$$$$$$$$$ TC_002 $$$$$$$$$$$$$$$$$$$$$$$$$
27-06-2019 18:32:19 INFO [APIHandler]: ****************************************************************************************
27-06-2019 18:32:19 INFO [APIHandler]: ****************************************************************************************
27-06-2019 18:32:19 INFO [APIHandler]: Firing Request: UpdateUsageThresholdsAndCounters
27-06-2019 18:32:19 INFO [APIHandler]: originNodeType : EXT
27-06-2019 18:32:19 INFO [APIHandler]: originHostName : meydvvmnmt02menalabcorplocal
27-06-2019 18:32:19 INFO [APIHandler]: subscriberNumberNAI : 1
27-06-2019 18:32:19 INFO [APIHandler]: usageThresholdValueNew : 0
27-06-2019 18:32:19 INFO [APIHandler]: request Fired:<?xml version="1.0" encoding="iso-8859-1"?><methodCall><methodName>UpdateUsageThresholdsAndCounters</methodName><params> <param>  <value>   <struct>    <member>     <name>originNodeType</name>     <value>      <string>EXT</string>     </value>    </member>    <member>     <name>originHostName</name>     <value>      <string>meydvvmnmt02menalabcorplocal</string>     </value>    </member>    <member>     <name>originTransactionID</name>     <value>      <string>2019062718321872</string>     </value>    </member>    <member>     <name>originTimeStamp</name>     <value>      <dateTime.iso8601>20190627T18:32:18+0000</dateTime.iso8601>     </value>    </member>    <member>     <name>subscriberNumberNAI</name>     <value>      <int>1</int>     </value>    </member>    <member>     <name>subscriberNumber</name>     <value>      <string>971520001714</string>     </value>    </member>    <member>     <name>usageThresholdUpdateInformation</name>     <value>      <array>       <data>        <value>         <struct>          <member>           <name>usageThresholdID</name>           <value>            <int>50032801</int>           </value>          </member>          <member>           <name>usageThresholdValueNew</name>           <value>            <string>0</string>           </value>          </member>         </struct>        </value>       </data>      </array>     </value>    </member>   </struct>  </value> </param></params></methodCall>
27-06-2019 18:32:19 INFO [APIHandler]: Response Code  :200
27-06-2019 18:32:19 INFO [APIHandler]: Response Header  :Date=Thu, 27 Jun 2019 14:32:32 GMT
X-Powered-By=Ericsson
Server=meytvvmair01.menalab.corp.local
Set-Cookie=JSESSIONID=ur0ew664tn8pqks6zigpf3qg;Path=/
Expires=Thu, 01 Jan 1970 00:00:00 GMT
Content-Type=text/xml
Content-Length=1933
27-06-2019 18:32:19 INFO [APIHandler]: Response   :<?xml version="1.0" encoding="ISO-8859-1"?><methodResponse><params><param><value><struct><member><name>availableServerCapabilities</name><value><array><data><value><i4>939860676</i4></value><value><i4>10028</i4></value></data></array></value></member><member><name>negotiatedCapabilities</name><value><array><data><value><i4>0</i4></value></data></array></value></member><member><name>originTransactionID</name><value><string>2019062718321872</string></value></member><member><name>responseCode</name><value><i4>0</i4></value></member><member><name>usageCounterUsageThresholdInformation</name><value><array><data><value><struct><member><name>productID</name><value><i4>0</i4></value></member><member><name>usageCounterID</name><value><i4>500328</i4></value></member><member><name>usageCounterValue</name><value><string>0</string></value></member><member><name>usageThresholdInformation</name><value><array><data><value><struct><member><name>usageThresholdID</name><value><i4>50032801</i4></value></member><member><name>usageThresholdSource</name><value><i4>1</i4></value></member><member><name>usageThresholdValue</name><value><string>0</string></value></member></struct></value></data></array></value></member></struct></value><value><struct><member><name>productID</name><value><i4>14</i4></value></member><member><name>usageCounterID</name><value><i4>500328</i4></value></member><member><name>usageCounterValue</name><value><string>4128768</string></value></member><member><name>usageThresholdInformation</name><value><array><data><value><struct><member><name>usageThresholdID</name><value><i4>50032801</i4></value></member><member><name>usageThresholdSource</name><value><i4>1</i4></value></member><member><name>usageThresholdValue</name><value><string>0</string></value></member></struct></value></data></array></value></member></struct></value></data></array></value></member></struct></value></param></params></methodResponse>
27-06-2019 18:32:19 INFO [APIHandler]: XXXXXXXXXXXXXXXXXXXXXXX             -E---N---D-             XXXXXXXXXXXXXXXXXXXXXX
27-06-2019 18:32:24 INFO [App]: Entering code : 2

