21-05-2019 15:02:58 INFO [App]: Starting execution at +: Call Home for Less->USSD_OPT_OUT->21-May-2019 15:02:56

21-05-2019 15:02:58 INFO [App]: ****************************************************************************************
21-05-2019 15:02:58 INFO [App]: ****************************************************************************************
21-05-2019 15:02:58 INFO [App]: $$$$$$$$$$$$$$$$$$$$$ TC_001 $$$$$$$$$$$$$$$$$$$$$$$$$
21-05-2019 15:02:58 INFO [App]: ****************************************************************************************
21-05-2019 15:02:58 INFO [App]: ****************************************************************************************
21-05-2019 15:03:11 INFO [App]: Entering code : 3

21-05-2019 15:03:20 INFO [App]: Confirmation alert : Thanks for using du interactive service

21-05-2019 15:03:42 INFO [App]: Message not received for the provided USSD

21-05-2019 15:03:42 INFO [App]: XXXXXXXXXXXXXXXXXXXXXXX             -E---N---D-             XXXXXXXXXXXXXXXXXXXXXX
21-05-2019 15:03:42 INFO [App]: Starting execution at +: 500MB+500MB Social AED55_OnceOff->USSD_OPT_IN->21-May-2019 15:02:56

21-05-2019 15:03:42 INFO [App]: ****************************************************************************************
21-05-2019 15:03:42 INFO [App]: ****************************************************************************************
21-05-2019 15:03:42 INFO [App]: $$$$$$$$$$$$$$$$$$$$$ TC_002 $$$$$$$$$$$$$$$$$$$$$$$$$
21-05-2019 15:03:42 INFO [App]: ****************************************************************************************
21-05-2019 15:03:42 INFO [App]: ****************************************************************************************
21-05-2019 15:03:53 INFO [App]: Entering code : 5

21-05-2019 15:04:01 INFO [App]: Entering code : 1

21-05-2019 15:04:11 INFO [App]: Entering code : 2

21-05-2019 15:04:21 INFO [App]: Entering code : 1

21-05-2019 15:04:30 INFO [App]: Entering code : 1

21-05-2019 15:04:39 INFO [App]: Confirmation alert : Sorry, Your Request Can't be fulfilled

21-05-2019 15:04:58 INFO [App]: Message not received for the provided USSD

21-05-2019 15:04:58 INFO [App]: XXXXXXXXXXXXXXXXXXXXXXX             -E---N---D-             XXXXXXXXXXXXXXXXXXXXXX
