11-06-2019 14:47:34 INFO [Asnconvertor]: Starting execution at +:11-Jun-2019 14:40:15
11-06-2019 14:47:34 INFO [Asnconvertor]: ****************************************************************************************
11-06-2019 14:47:34 INFO [Asnconvertor]: ****************************************************************************************
11-06-2019 14:47:34 INFO [Asnconvertor]: $$$$$$$$$$$$$$$$$$$$$ Parsing File meydvvmcis03_EDR_CISOnline1.csv $$$$$$$$$$$$$$$$$$$$$$$$$
11-06-2019 14:47:34 INFO [Asnconvertor]: ****************************************************************************************
11-06-2019 14:47:34 INFO [Asnconvertor]: ****************************************************************************************
11-06-2019 14:47:35 INFO [Asnconvertor]: XXXXXXXXXXXXXXXXXXXXXXX             -E---N---D-             XXXXXXXXXXXXXXXXXXXXXX
11-06-2019 14:47:35 INFO [Asnconvertor]: ****************************************************************************************
11-06-2019 14:47:35 INFO [Asnconvertor]: ****************************************************************************************
11-06-2019 14:47:35 INFO [Asnconvertor]: $$$$$$$$$$$$$$$$$$$$$ Parsing File SDPOUTPUTCDR_4001_meytvvmsdp01_TRF_0947_20190611-135241.ASN $$$$$$$$$$$$$$$$$$$$$$$$$
11-06-2019 14:47:35 INFO [Asnconvertor]: ****************************************************************************************
11-06-2019 14:47:35 INFO [Asnconvertor]: ****************************************************************************************
11-06-2019 14:47:35 INFO [Asnconvertor]: ****************************************************************************************
11-06-2019 14:47:35 INFO [Asnconvertor]: ****************************************************************************************
11-06-2019 14:47:35 INFO [Asnconvertor]: $$$$$$$$$$$$$$$$$$$$$ Parsing File CHARGINGCDR-meytvvmocc01-190611-1440-03802.ber $$$$$$$$$$$$$$$$$$$$$$$$$
11-06-2019 14:47:35 INFO [Asnconvertor]: ****************************************************************************************
11-06-2019 14:47:35 INFO [Asnconvertor]: ****************************************************************************************
11-06-2019 14:47:36 INFO [Asnconvertor]: subscriptionIDValue = 971520001714
11-06-2019 14:47:36 INFO [Asnconvertor]: resultCode = 2001
11-06-2019 14:47:36 INFO [Asnconvertor]: triggerTime = 916011411481304000
11-06-2019 14:47:36 INFO [Asnconvertor]: nodeName = meytvvmocc01
11-06-2019 14:47:36 INFO [Asnconvertor]: serviceContextID = SCAP_V.2.0@ericsson.com
11-06-2019 14:47:36 INFO [Asnconvertor]: chargingContextID = SCAP_V.2.0@ericsson.com
11-06-2019 14:47:36 INFO [Asnconvertor]: serviceSessionID = -:1001:1
11-06-2019 14:47:36 INFO [Asnconvertor]: recordIdentificationNumber = 1852
11-06-2019 14:47:36 INFO [Asnconvertor]: partialSequenceNumber = 0
11-06-2019 14:47:36 INFO [Asnconvertor]: lastPartialOutput = TRUE
11-06-2019 14:47:36 INFO [Asnconvertor]: subscriptionIDType = endUserE164
11-06-2019 14:47:36 INFO [Asnconvertor]: subscriptionIDValue = 971520001714
11-06-2019 14:47:36 INFO [Asnconvertor]: sessionId = 2531769679912
11-06-2019 14:47:36 INFO [Asnconvertor]: lastPartialOutput = TRUE
11-06-2019 14:47:36 INFO [Asnconvertor]: ccRequestNumber = 1
11-06-2019 14:47:36 INFO [Asnconvertor]: originRealm = 6369732E636F6D
11-06-2019 14:47:36 INFO [Asnconvertor]: originHost = 31302E39352E3231342E313337
11-06-2019 14:47:36 INFO [Asnconvertor]: serviceIdentifier = 1001
11-06-2019 14:47:36 INFO [Asnconvertor]: tariffChangeUsage = before
11-06-2019 14:47:36 INFO [Asnconvertor]: eventTime = 32303139303631313134343032392B30343030
11-06-2019 14:47:36 INFO [Asnconvertor]: triggerTime = 32303139303631313134343131382B30343030
11-06-2019 14:47:36 INFO [Asnconvertor]: serviceScenario = mobileOriginating
11-06-2019 14:47:36 INFO [Asnconvertor]: roamingPosition = insideHPLMN
11-06-2019 14:47:36 INFO [Asnconvertor]: servedAccount = 81795102007141
11-06-2019 14:47:36 INFO [Asnconvertor]: serviceClassID = 1001
11-06-2019 14:47:36 INFO [Asnconvertor]: accountGroupID = 0
11-06-2019 14:47:36 INFO [Asnconvertor]: accountValueBefore = 
                        0
                        6
                        784
                     
11-06-2019 14:47:36 INFO [Asnconvertor]: amount = 0
11-06-2019 14:47:36 INFO [Asnconvertor]: decimals = 6
11-06-2019 14:47:36 INFO [Asnconvertor]: currency = 784
11-06-2019 14:47:36 INFO [Asnconvertor]: accountValueAfter = 
                        0
                        6
                        784
                     
11-06-2019 14:47:36 INFO [Asnconvertor]: amount = 0
11-06-2019 14:47:36 INFO [Asnconvertor]: decimals = 6
11-06-2019 14:47:36 INFO [Asnconvertor]: currency = 784
11-06-2019 14:47:36 INFO [Asnconvertor]: accumulatorID = 61
11-06-2019 14:47:36 INFO [Asnconvertor]: accumulatorChange = 0
11-06-2019 14:47:36 INFO [Asnconvertor]: accumulatorAfter = 1
11-06-2019 14:47:36 INFO [Asnconvertor]: accumulatorBeforeSession = 1
11-06-2019 14:47:36 INFO [App]: Starting execution at +: Call Home for Less->USSD_OPT_OUT->11-Jun-2019 14:40:15

