04-06-2019 12:23:28 INFO [Asnconvertor]: Starting execution at +:04-Jun-2019 12:21:40
04-06-2019 12:23:28 INFO [Asnconvertor]: ****************************************************************************************
04-06-2019 12:23:28 INFO [Asnconvertor]: ****************************************************************************************
04-06-2019 12:23:28 INFO [Asnconvertor]: $$$$$$$$$$$$$$$$$$$$$ Parsing File EDRfile.csv $$$$$$$$$$$$$$$$$$$$$$$$$
04-06-2019 12:23:28 INFO [Asnconvertor]: ****************************************************************************************
04-06-2019 12:23:28 INFO [Asnconvertor]: ****************************************************************************************
04-06-2019 12:23:29 INFO [Asnconvertor]: XXXXXXXXXXXXXXXXXXXXXXX             -E---N---D-             XXXXXXXXXXXXXXXXXXXXXX
04-06-2019 12:23:29 INFO [Asnconvertor]: ****************************************************************************************
04-06-2019 12:23:29 INFO [Asnconvertor]: ****************************************************************************************
04-06-2019 12:23:29 INFO [Asnconvertor]: $$$$$$$$$$$$$$$$$$$$$ Parsing File SDPOUTPUTCDR_4001_meytvvmsdp01_SUB_8283_20190604-121214.ASN $$$$$$$$$$$$$$$$$$$$$$$$$
04-06-2019 12:23:29 INFO [Asnconvertor]: ****************************************************************************************
04-06-2019 12:23:29 INFO [Asnconvertor]: ****************************************************************************************
04-06-2019 12:23:30 INFO [Asnconvertor]: accountNumber = 971520006054
04-06-2019 12:23:30 INFO [Asnconvertor]: adjustmentRecordType = refillCDR
04-06-2019 12:23:30 INFO [Asnconvertor]: sdpID = meytvvmsdp01
04-06-2019 12:23:30 INFO [Asnconvertor]: cdrID = 148353153999014640
04-06-2019 12:23:30 INFO [Asnconvertor]: accountNumber = 971520006054
04-06-2019 12:23:30 INFO [Asnconvertor]: subscriberNumber = 971520006054
04-06-2019 12:23:30 INFO [Asnconvertor]: adjustmentTimeStamp = 20190604121237+0400
04-06-2019 12:23:30 INFO [Asnconvertor]: serviceClassId = 1051
04-06-2019 12:23:30 INFO [Asnconvertor]: currencyType = 0
04-06-2019 12:23:30 INFO [Asnconvertor]: originNodeType = EXT
04-06-2019 12:23:30 INFO [Asnconvertor]: originNodeId = meydvvmnmt02menalabcorplocal
04-06-2019 12:23:30 INFO [Asnconvertor]: origTransactionID = 2019060412121465
04-06-2019 12:23:30 INFO [Asnconvertor]: origTransactionTimeStamp = 20190604121214+0400
04-06-2019 12:23:30 INFO [Asnconvertor]: originOperatorId = user
04-06-2019 12:23:30 INFO [Asnconvertor]: accountFlagsBefore = 10000000
04-06-2019 12:23:30 INFO [Asnconvertor]: accountFlagsAfter = 00000000
04-06-2019 12:23:30 INFO [Asnconvertor]: activationDate = 20190515
04-06-2019 12:23:30 INFO [Asnconvertor]: offerID = 100
04-06-2019 12:23:30 INFO [Asnconvertor]: action = remove
04-06-2019 12:23:30 INFO [Asnconvertor]: offerType = timer
04-06-2019 12:23:30 INFO [Asnconvertor]: offerDisabledAfter = FALSE
04-06-2019 12:23:30 INFO [Asnconvertor]: XXXXXXXXXXXXXXXXXXXXXXX             -E---N---D-             XXXXXXXXXXXXXXXXXXXXXX
